[2022-10-10T00:11:04.894+0000] {processor.py:156} INFO - Started process (PID=18920) to work on /home/airflow/.local/lib/python3.7/site-packages/airflow/example_dags/example_external_task_marker_dag.py
[2022-10-10T00:11:04.895+0000] {processor.py:758} INFO - Processing file /home/airflow/.local/lib/python3.7/site-packages/airflow/example_dags/example_external_task_marker_dag.py for tasks to queue
[2022-10-10T00:11:04.896+0000] {logging_mixin.py:117} INFO - [2022-10-10T00:11:04.896+0000] {dagbag.py:525} INFO - Filling up the DagBag from /home/airflow/.local/lib/python3.7/site-packages/airflow/example_dags/example_external_task_marker_dag.py
[2022-10-10T00:11:04.923+0000] {processor.py:768} INFO - DAG(s) dict_keys(['example_external_task_marker_parent', 'example_external_task_marker_child']) retrieved from /home/airflow/.local/lib/python3.7/site-packages/airflow/example_dags/example_external_task_marker_dag.py
[2022-10-10T00:11:05.410+0000] {logging_mixin.py:117} INFO - [2022-10-10T00:11:05.410+0000] {dag.py:2573} INFO - Sync 2 DAGs
[2022-10-10T00:11:05.463+0000] {logging_mixin.py:117} INFO - [2022-10-10T00:11:05.463+0000] {dag.py:3328} INFO - Setting next_dagrun for example_external_task_marker_child to None, run_after=None
[2022-10-10T00:11:05.470+0000] {logging_mixin.py:117} INFO - [2022-10-10T00:11:05.470+0000] {dag.py:3328} INFO - Setting next_dagrun for example_external_task_marker_parent to None, run_after=None
[2022-10-10T00:11:05.521+0000] {processor.py:178} INFO - Processing /home/airflow/.local/lib/python3.7/site-packages/airflow/example_dags/example_external_task_marker_dag.py took 0.631 seconds
[2022-10-10T00:12:13.797+0000] {processor.py:156} INFO - Started process (PID=18976) to work on /home/airflow/.local/lib/python3.7/site-packages/airflow/example_dags/example_external_task_marker_dag.py
[2022-10-10T00:12:13.798+0000] {processor.py:758} INFO - Processing file /home/airflow/.local/lib/python3.7/site-packages/airflow/example_dags/example_external_task_marker_dag.py for tasks to queue
[2022-10-10T00:12:13.798+0000] {logging_mixin.py:117} INFO - [2022-10-10T00:12:13.798+0000] {dagbag.py:525} INFO - Filling up the DagBag from /home/airflow/.local/lib/python3.7/site-packages/airflow/example_dags/example_external_task_marker_dag.py
[2022-10-10T00:12:13.816+0000] {processor.py:768} INFO - DAG(s) dict_keys(['example_external_task_marker_child', 'example_external_task_marker_parent']) retrieved from /home/airflow/.local/lib/python3.7/site-packages/airflow/example_dags/example_external_task_marker_dag.py
[2022-10-10T00:12:14.083+0000] {logging_mixin.py:117} INFO - [2022-10-10T00:12:14.083+0000] {dag.py:2573} INFO - Sync 2 DAGs
[2022-10-10T00:12:14.125+0000] {logging_mixin.py:117} INFO - [2022-10-10T00:12:14.125+0000] {dag.py:3328} INFO - Setting next_dagrun for example_external_task_marker_child to None, run_after=None
[2022-10-10T00:12:14.130+0000] {logging_mixin.py:117} INFO - [2022-10-10T00:12:14.130+0000] {dag.py:3328} INFO - Setting next_dagrun for example_external_task_marker_parent to None, run_after=None
[2022-10-10T00:12:14.157+0000] {processor.py:178} INFO - Processing /home/airflow/.local/lib/python3.7/site-packages/airflow/example_dags/example_external_task_marker_dag.py took 0.367 seconds
[2022-10-10T00:12:44.220+0000] {processor.py:156} INFO - Started process (PID=19041) to work on /home/airflow/.local/lib/python3.7/site-packages/airflow/example_dags/example_external_task_marker_dag.py
[2022-10-10T00:12:44.221+0000] {processor.py:758} INFO - Processing file /home/airflow/.local/lib/python3.7/site-packages/airflow/example_dags/example_external_task_marker_dag.py for tasks to queue
[2022-10-10T00:12:44.222+0000] {logging_mixin.py:117} INFO - [2022-10-10T00:12:44.222+0000] {dagbag.py:525} INFO - Filling up the DagBag from /home/airflow/.local/lib/python3.7/site-packages/airflow/example_dags/example_external_task_marker_dag.py
[2022-10-10T00:12:44.236+0000] {processor.py:768} INFO - DAG(s) dict_keys(['example_external_task_marker_child', 'example_external_task_marker_parent']) retrieved from /home/airflow/.local/lib/python3.7/site-packages/airflow/example_dags/example_external_task_marker_dag.py
[2022-10-10T00:12:44.496+0000] {logging_mixin.py:117} INFO - [2022-10-10T00:12:44.495+0000] {dag.py:2573} INFO - Sync 2 DAGs
[2022-10-10T00:12:44.533+0000] {logging_mixin.py:117} INFO - [2022-10-10T00:12:44.533+0000] {dag.py:3328} INFO - Setting next_dagrun for example_external_task_marker_child to None, run_after=None
[2022-10-10T00:12:44.538+0000] {logging_mixin.py:117} INFO - [2022-10-10T00:12:44.538+0000] {dag.py:3328} INFO - Setting next_dagrun for example_external_task_marker_parent to None, run_after=None
[2022-10-10T00:12:44.568+0000] {processor.py:178} INFO - Processing /home/airflow/.local/lib/python3.7/site-packages/airflow/example_dags/example_external_task_marker_dag.py took 0.354 seconds
[2022-10-10T00:13:15.060+0000] {processor.py:156} INFO - Started process (PID=19105) to work on /home/airflow/.local/lib/python3.7/site-packages/airflow/example_dags/example_external_task_marker_dag.py
[2022-10-10T00:13:15.061+0000] {processor.py:758} INFO - Processing file /home/airflow/.local/lib/python3.7/site-packages/airflow/example_dags/example_external_task_marker_dag.py for tasks to queue
[2022-10-10T00:13:15.062+0000] {logging_mixin.py:117} INFO - [2022-10-10T00:13:15.062+0000] {dagbag.py:525} INFO - Filling up the DagBag from /home/airflow/.local/lib/python3.7/site-packages/airflow/example_dags/example_external_task_marker_dag.py
[2022-10-10T00:13:15.085+0000] {processor.py:768} INFO - DAG(s) dict_keys(['example_external_task_marker_parent', 'example_external_task_marker_child']) retrieved from /home/airflow/.local/lib/python3.7/site-packages/airflow/example_dags/example_external_task_marker_dag.py
[2022-10-10T00:13:15.416+0000] {logging_mixin.py:117} INFO - [2022-10-10T00:13:15.415+0000] {dag.py:2573} INFO - Sync 2 DAGs
[2022-10-10T00:13:15.459+0000] {logging_mixin.py:117} INFO - [2022-10-10T00:13:15.459+0000] {dag.py:3328} INFO - Setting next_dagrun for example_external_task_marker_child to None, run_after=None
[2022-10-10T00:13:15.466+0000] {logging_mixin.py:117} INFO - [2022-10-10T00:13:15.466+0000] {dag.py:3328} INFO - Setting next_dagrun for example_external_task_marker_parent to None, run_after=None
[2022-10-10T00:13:15.496+0000] {processor.py:178} INFO - Processing /home/airflow/.local/lib/python3.7/site-packages/airflow/example_dags/example_external_task_marker_dag.py took 0.441 seconds
[2022-10-10T00:13:45.549+0000] {processor.py:156} INFO - Started process (PID=19161) to work on /home/airflow/.local/lib/python3.7/site-packages/airflow/example_dags/example_external_task_marker_dag.py
[2022-10-10T00:13:45.550+0000] {processor.py:758} INFO - Processing file /home/airflow/.local/lib/python3.7/site-packages/airflow/example_dags/example_external_task_marker_dag.py for tasks to queue
[2022-10-10T00:13:45.551+0000] {logging_mixin.py:117} INFO - [2022-10-10T00:13:45.551+0000] {dagbag.py:525} INFO - Filling up the DagBag from /home/airflow/.local/lib/python3.7/site-packages/airflow/example_dags/example_external_task_marker_dag.py
[2022-10-10T00:13:45.571+0000] {processor.py:768} INFO - DAG(s) dict_keys(['example_external_task_marker_child', 'example_external_task_marker_parent']) retrieved from /home/airflow/.local/lib/python3.7/site-packages/airflow/example_dags/example_external_task_marker_dag.py
[2022-10-10T00:13:45.870+0000] {logging_mixin.py:117} INFO - [2022-10-10T00:13:45.870+0000] {dag.py:2573} INFO - Sync 2 DAGs
[2022-10-10T00:13:45.908+0000] {logging_mixin.py:117} INFO - [2022-10-10T00:13:45.907+0000] {dag.py:3328} INFO - Setting next_dagrun for example_external_task_marker_child to None, run_after=None
[2022-10-10T00:13:45.913+0000] {logging_mixin.py:117} INFO - [2022-10-10T00:13:45.913+0000] {dag.py:3328} INFO - Setting next_dagrun for example_external_task_marker_parent to None, run_after=None
[2022-10-10T00:13:45.941+0000] {processor.py:178} INFO - Processing /home/airflow/.local/lib/python3.7/site-packages/airflow/example_dags/example_external_task_marker_dag.py took 0.401 seconds
[2022-10-10T00:14:16.615+0000] {processor.py:156} INFO - Started process (PID=19227) to work on /home/airflow/.local/lib/python3.7/site-packages/airflow/example_dags/example_external_task_marker_dag.py
[2022-10-10T00:14:16.616+0000] {processor.py:758} INFO - Processing file /home/airflow/.local/lib/python3.7/site-packages/airflow/example_dags/example_external_task_marker_dag.py for tasks to queue
[2022-10-10T00:14:16.617+0000] {logging_mixin.py:117} INFO - [2022-10-10T00:14:16.617+0000] {dagbag.py:525} INFO - Filling up the DagBag from /home/airflow/.local/lib/python3.7/site-packages/airflow/example_dags/example_external_task_marker_dag.py
[2022-10-10T00:14:16.631+0000] {processor.py:768} INFO - DAG(s) dict_keys(['example_external_task_marker_parent', 'example_external_task_marker_child']) retrieved from /home/airflow/.local/lib/python3.7/site-packages/airflow/example_dags/example_external_task_marker_dag.py
[2022-10-10T00:14:16.890+0000] {logging_mixin.py:117} INFO - [2022-10-10T00:14:16.890+0000] {dag.py:2573} INFO - Sync 2 DAGs
[2022-10-10T00:14:16.932+0000] {logging_mixin.py:117} INFO - [2022-10-10T00:14:16.931+0000] {dag.py:3328} INFO - Setting next_dagrun for example_external_task_marker_child to None, run_after=None
[2022-10-10T00:14:16.936+0000] {logging_mixin.py:117} INFO - [2022-10-10T00:14:16.936+0000] {dag.py:3328} INFO - Setting next_dagrun for example_external_task_marker_parent to None, run_after=None
[2022-10-10T00:14:16.958+0000] {processor.py:178} INFO - Processing /home/airflow/.local/lib/python3.7/site-packages/airflow/example_dags/example_external_task_marker_dag.py took 0.349 seconds
[2022-10-10T00:14:47.726+0000] {processor.py:156} INFO - Started process (PID=19283) to work on /home/airflow/.local/lib/python3.7/site-packages/airflow/example_dags/example_external_task_marker_dag.py
[2022-10-10T00:14:47.726+0000] {processor.py:758} INFO - Processing file /home/airflow/.local/lib/python3.7/site-packages/airflow/example_dags/example_external_task_marker_dag.py for tasks to queue
[2022-10-10T00:14:47.727+0000] {logging_mixin.py:117} INFO - [2022-10-10T00:14:47.727+0000] {dagbag.py:525} INFO - Filling up the DagBag from /home/airflow/.local/lib/python3.7/site-packages/airflow/example_dags/example_external_task_marker_dag.py
[2022-10-10T00:14:47.742+0000] {processor.py:768} INFO - DAG(s) dict_keys(['example_external_task_marker_child', 'example_external_task_marker_parent']) retrieved from /home/airflow/.local/lib/python3.7/site-packages/airflow/example_dags/example_external_task_marker_dag.py
[2022-10-10T00:14:48.014+0000] {logging_mixin.py:117} INFO - [2022-10-10T00:14:48.013+0000] {dag.py:2573} INFO - Sync 2 DAGs
[2022-10-10T00:14:48.054+0000] {logging_mixin.py:117} INFO - [2022-10-10T00:14:48.053+0000] {dag.py:3328} INFO - Setting next_dagrun for example_external_task_marker_child to None, run_after=None
[2022-10-10T00:14:48.059+0000] {logging_mixin.py:117} INFO - [2022-10-10T00:14:48.059+0000] {dag.py:3328} INFO - Setting next_dagrun for example_external_task_marker_parent to None, run_after=None
[2022-10-10T00:14:48.092+0000] {processor.py:178} INFO - Processing /home/airflow/.local/lib/python3.7/site-packages/airflow/example_dags/example_external_task_marker_dag.py took 0.372 seconds
[2022-10-10T00:15:18.221+0000] {processor.py:156} INFO - Started process (PID=19349) to work on /home/airflow/.local/lib/python3.7/site-packages/airflow/example_dags/example_external_task_marker_dag.py
[2022-10-10T00:15:18.222+0000] {processor.py:758} INFO - Processing file /home/airflow/.local/lib/python3.7/site-packages/airflow/example_dags/example_external_task_marker_dag.py for tasks to queue
[2022-10-10T00:15:18.223+0000] {logging_mixin.py:117} INFO - [2022-10-10T00:15:18.223+0000] {dagbag.py:525} INFO - Filling up the DagBag from /home/airflow/.local/lib/python3.7/site-packages/airflow/example_dags/example_external_task_marker_dag.py
[2022-10-10T00:15:18.237+0000] {processor.py:768} INFO - DAG(s) dict_keys(['example_external_task_marker_parent', 'example_external_task_marker_child']) retrieved from /home/airflow/.local/lib/python3.7/site-packages/airflow/example_dags/example_external_task_marker_dag.py
[2022-10-10T00:15:18.508+0000] {logging_mixin.py:117} INFO - [2022-10-10T00:15:18.508+0000] {dag.py:2573} INFO - Sync 2 DAGs
[2022-10-10T00:15:18.547+0000] {logging_mixin.py:117} INFO - [2022-10-10T00:15:18.547+0000] {dag.py:3328} INFO - Setting next_dagrun for example_external_task_marker_child to None, run_after=None
[2022-10-10T00:15:18.552+0000] {logging_mixin.py:117} INFO - [2022-10-10T00:15:18.552+0000] {dag.py:3328} INFO - Setting next_dagrun for example_external_task_marker_parent to None, run_after=None
[2022-10-10T00:15:18.574+0000] {processor.py:178} INFO - Processing /home/airflow/.local/lib/python3.7/site-packages/airflow/example_dags/example_external_task_marker_dag.py took 0.358 seconds
[2022-10-10T00:15:48.792+0000] {processor.py:156} INFO - Started process (PID=19414) to work on /home/airflow/.local/lib/python3.7/site-packages/airflow/example_dags/example_external_task_marker_dag.py
[2022-10-10T00:15:48.793+0000] {processor.py:758} INFO - Processing file /home/airflow/.local/lib/python3.7/site-packages/airflow/example_dags/example_external_task_marker_dag.py for tasks to queue
[2022-10-10T00:15:48.794+0000] {logging_mixin.py:117} INFO - [2022-10-10T00:15:48.793+0000] {dagbag.py:525} INFO - Filling up the DagBag from /home/airflow/.local/lib/python3.7/site-packages/airflow/example_dags/example_external_task_marker_dag.py
[2022-10-10T00:15:48.808+0000] {processor.py:768} INFO - DAG(s) dict_keys(['example_external_task_marker_child', 'example_external_task_marker_parent']) retrieved from /home/airflow/.local/lib/python3.7/site-packages/airflow/example_dags/example_external_task_marker_dag.py
[2022-10-10T00:15:49.094+0000] {logging_mixin.py:117} INFO - [2022-10-10T00:15:49.094+0000] {dag.py:2573} INFO - Sync 2 DAGs
[2022-10-10T00:15:49.126+0000] {logging_mixin.py:117} INFO - [2022-10-10T00:15:49.126+0000] {dag.py:3328} INFO - Setting next_dagrun for example_external_task_marker_child to None, run_after=None
[2022-10-10T00:15:49.131+0000] {logging_mixin.py:117} INFO - [2022-10-10T00:15:49.131+0000] {dag.py:3328} INFO - Setting next_dagrun for example_external_task_marker_parent to None, run_after=None
[2022-10-10T00:15:49.153+0000] {processor.py:178} INFO - Processing /home/airflow/.local/lib/python3.7/site-packages/airflow/example_dags/example_external_task_marker_dag.py took 0.366 seconds
