[2022-10-10T00:11:03.393+0000] {processor.py:156} INFO - Started process (PID=18910) to work on /home/airflow/.local/lib/python3.7/site-packages/airflow/example_dags/example_trigger_controller_dag.py
[2022-10-10T00:11:03.394+0000] {processor.py:758} INFO - Processing file /home/airflow/.local/lib/python3.7/site-packages/airflow/example_dags/example_trigger_controller_dag.py for tasks to queue
[2022-10-10T00:11:03.395+0000] {logging_mixin.py:117} INFO - [2022-10-10T00:11:03.395+0000] {dagbag.py:525} INFO - Filling up the DagBag from /home/airflow/.local/lib/python3.7/site-packages/airflow/example_dags/example_trigger_controller_dag.py
[2022-10-10T00:11:03.420+0000] {processor.py:768} INFO - DAG(s) dict_keys(['example_trigger_controller_dag']) retrieved from /home/airflow/.local/lib/python3.7/site-packages/airflow/example_dags/example_trigger_controller_dag.py
[2022-10-10T00:11:03.489+0000] {logging_mixin.py:117} INFO - [2022-10-10T00:11:03.489+0000] {dag.py:2573} INFO - Sync 1 DAGs
[2022-10-10T00:11:03.531+0000] {logging_mixin.py:117} INFO - [2022-10-10T00:11:03.531+0000] {dag.py:3328} INFO - Setting next_dagrun for example_trigger_controller_dag to 2021-01-01T00:00:00+00:00, run_after=2021-01-01T00:00:00+00:00
[2022-10-10T00:11:03.567+0000] {processor.py:178} INFO - Processing /home/airflow/.local/lib/python3.7/site-packages/airflow/example_dags/example_trigger_controller_dag.py took 0.177 seconds
[2022-10-10T00:12:12.550+0000] {processor.py:156} INFO - Started process (PID=18966) to work on /home/airflow/.local/lib/python3.7/site-packages/airflow/example_dags/example_trigger_controller_dag.py
[2022-10-10T00:12:12.552+0000] {processor.py:758} INFO - Processing file /home/airflow/.local/lib/python3.7/site-packages/airflow/example_dags/example_trigger_controller_dag.py for tasks to queue
[2022-10-10T00:12:12.553+0000] {logging_mixin.py:117} INFO - [2022-10-10T00:12:12.553+0000] {dagbag.py:525} INFO - Filling up the DagBag from /home/airflow/.local/lib/python3.7/site-packages/airflow/example_dags/example_trigger_controller_dag.py
[2022-10-10T00:12:12.566+0000] {processor.py:768} INFO - DAG(s) dict_keys(['example_trigger_controller_dag']) retrieved from /home/airflow/.local/lib/python3.7/site-packages/airflow/example_dags/example_trigger_controller_dag.py
[2022-10-10T00:12:12.622+0000] {logging_mixin.py:117} INFO - [2022-10-10T00:12:12.622+0000] {dag.py:2573} INFO - Sync 1 DAGs
[2022-10-10T00:12:12.655+0000] {logging_mixin.py:117} INFO - [2022-10-10T00:12:12.655+0000] {dag.py:3328} INFO - Setting next_dagrun for example_trigger_controller_dag to 2021-01-01T00:00:00+00:00, run_after=2021-01-01T00:00:00+00:00
[2022-10-10T00:12:12.679+0000] {processor.py:178} INFO - Processing /home/airflow/.local/lib/python3.7/site-packages/airflow/example_dags/example_trigger_controller_dag.py took 0.134 seconds
[2022-10-10T00:12:42.710+0000] {processor.py:156} INFO - Started process (PID=19030) to work on /home/airflow/.local/lib/python3.7/site-packages/airflow/example_dags/example_trigger_controller_dag.py
[2022-10-10T00:12:42.711+0000] {processor.py:758} INFO - Processing file /home/airflow/.local/lib/python3.7/site-packages/airflow/example_dags/example_trigger_controller_dag.py for tasks to queue
[2022-10-10T00:12:42.712+0000] {logging_mixin.py:117} INFO - [2022-10-10T00:12:42.712+0000] {dagbag.py:525} INFO - Filling up the DagBag from /home/airflow/.local/lib/python3.7/site-packages/airflow/example_dags/example_trigger_controller_dag.py
[2022-10-10T00:12:42.723+0000] {processor.py:768} INFO - DAG(s) dict_keys(['example_trigger_controller_dag']) retrieved from /home/airflow/.local/lib/python3.7/site-packages/airflow/example_dags/example_trigger_controller_dag.py
[2022-10-10T00:12:42.767+0000] {logging_mixin.py:117} INFO - [2022-10-10T00:12:42.767+0000] {dag.py:2573} INFO - Sync 1 DAGs
[2022-10-10T00:12:42.807+0000] {logging_mixin.py:117} INFO - [2022-10-10T00:12:42.807+0000] {dag.py:3328} INFO - Setting next_dagrun for example_trigger_controller_dag to 2021-01-01T00:00:00+00:00, run_after=2021-01-01T00:00:00+00:00
[2022-10-10T00:12:42.830+0000] {processor.py:178} INFO - Processing /home/airflow/.local/lib/python3.7/site-packages/airflow/example_dags/example_trigger_controller_dag.py took 0.125 seconds
[2022-10-10T00:13:13.271+0000] {processor.py:156} INFO - Started process (PID=19087) to work on /home/airflow/.local/lib/python3.7/site-packages/airflow/example_dags/example_trigger_controller_dag.py
[2022-10-10T00:13:13.272+0000] {processor.py:758} INFO - Processing file /home/airflow/.local/lib/python3.7/site-packages/airflow/example_dags/example_trigger_controller_dag.py for tasks to queue
[2022-10-10T00:13:13.273+0000] {logging_mixin.py:117} INFO - [2022-10-10T00:13:13.273+0000] {dagbag.py:525} INFO - Filling up the DagBag from /home/airflow/.local/lib/python3.7/site-packages/airflow/example_dags/example_trigger_controller_dag.py
[2022-10-10T00:13:13.287+0000] {processor.py:768} INFO - DAG(s) dict_keys(['example_trigger_controller_dag']) retrieved from /home/airflow/.local/lib/python3.7/site-packages/airflow/example_dags/example_trigger_controller_dag.py
[2022-10-10T00:13:13.346+0000] {logging_mixin.py:117} INFO - [2022-10-10T00:13:13.346+0000] {dag.py:2573} INFO - Sync 1 DAGs
[2022-10-10T00:13:13.396+0000] {logging_mixin.py:117} INFO - [2022-10-10T00:13:13.395+0000] {dag.py:3328} INFO - Setting next_dagrun for example_trigger_controller_dag to 2021-01-01T00:00:00+00:00, run_after=2021-01-01T00:00:00+00:00
[2022-10-10T00:13:13.434+0000] {processor.py:178} INFO - Processing /home/airflow/.local/lib/python3.7/site-packages/airflow/example_dags/example_trigger_controller_dag.py took 0.167 seconds
[2022-10-10T00:13:44.302+0000] {processor.py:156} INFO - Started process (PID=19151) to work on /home/airflow/.local/lib/python3.7/site-packages/airflow/example_dags/example_trigger_controller_dag.py
[2022-10-10T00:13:44.302+0000] {processor.py:758} INFO - Processing file /home/airflow/.local/lib/python3.7/site-packages/airflow/example_dags/example_trigger_controller_dag.py for tasks to queue
[2022-10-10T00:13:44.303+0000] {logging_mixin.py:117} INFO - [2022-10-10T00:13:44.303+0000] {dagbag.py:525} INFO - Filling up the DagBag from /home/airflow/.local/lib/python3.7/site-packages/airflow/example_dags/example_trigger_controller_dag.py
[2022-10-10T00:13:44.315+0000] {processor.py:768} INFO - DAG(s) dict_keys(['example_trigger_controller_dag']) retrieved from /home/airflow/.local/lib/python3.7/site-packages/airflow/example_dags/example_trigger_controller_dag.py
[2022-10-10T00:13:44.366+0000] {logging_mixin.py:117} INFO - [2022-10-10T00:13:44.366+0000] {dag.py:2573} INFO - Sync 1 DAGs
[2022-10-10T00:13:44.410+0000] {logging_mixin.py:117} INFO - [2022-10-10T00:13:44.409+0000] {dag.py:3328} INFO - Setting next_dagrun for example_trigger_controller_dag to 2021-01-01T00:00:00+00:00, run_after=2021-01-01T00:00:00+00:00
[2022-10-10T00:13:44.445+0000] {processor.py:178} INFO - Processing /home/airflow/.local/lib/python3.7/site-packages/airflow/example_dags/example_trigger_controller_dag.py took 0.150 seconds
[2022-10-10T00:14:15.003+0000] {processor.py:156} INFO - Started process (PID=19217) to work on /home/airflow/.local/lib/python3.7/site-packages/airflow/example_dags/example_trigger_controller_dag.py
[2022-10-10T00:14:15.004+0000] {processor.py:758} INFO - Processing file /home/airflow/.local/lib/python3.7/site-packages/airflow/example_dags/example_trigger_controller_dag.py for tasks to queue
[2022-10-10T00:14:15.006+0000] {logging_mixin.py:117} INFO - [2022-10-10T00:14:15.005+0000] {dagbag.py:525} INFO - Filling up the DagBag from /home/airflow/.local/lib/python3.7/site-packages/airflow/example_dags/example_trigger_controller_dag.py
[2022-10-10T00:14:15.021+0000] {processor.py:768} INFO - DAG(s) dict_keys(['example_trigger_controller_dag']) retrieved from /home/airflow/.local/lib/python3.7/site-packages/airflow/example_dags/example_trigger_controller_dag.py
[2022-10-10T00:14:15.092+0000] {logging_mixin.py:117} INFO - [2022-10-10T00:14:15.091+0000] {dag.py:2573} INFO - Sync 1 DAGs
[2022-10-10T00:14:15.141+0000] {logging_mixin.py:117} INFO - [2022-10-10T00:14:15.141+0000] {dag.py:3328} INFO - Setting next_dagrun for example_trigger_controller_dag to 2021-01-01T00:00:00+00:00, run_after=2021-01-01T00:00:00+00:00
[2022-10-10T00:14:15.178+0000] {processor.py:178} INFO - Processing /home/airflow/.local/lib/python3.7/site-packages/airflow/example_dags/example_trigger_controller_dag.py took 0.183 seconds
[2022-10-10T00:14:45.602+0000] {processor.py:156} INFO - Started process (PID=19273) to work on /home/airflow/.local/lib/python3.7/site-packages/airflow/example_dags/example_trigger_controller_dag.py
[2022-10-10T00:14:45.603+0000] {processor.py:758} INFO - Processing file /home/airflow/.local/lib/python3.7/site-packages/airflow/example_dags/example_trigger_controller_dag.py for tasks to queue
[2022-10-10T00:14:45.604+0000] {logging_mixin.py:117} INFO - [2022-10-10T00:14:45.603+0000] {dagbag.py:525} INFO - Filling up the DagBag from /home/airflow/.local/lib/python3.7/site-packages/airflow/example_dags/example_trigger_controller_dag.py
[2022-10-10T00:14:45.617+0000] {processor.py:768} INFO - DAG(s) dict_keys(['example_trigger_controller_dag']) retrieved from /home/airflow/.local/lib/python3.7/site-packages/airflow/example_dags/example_trigger_controller_dag.py
[2022-10-10T00:14:45.670+0000] {logging_mixin.py:117} INFO - [2022-10-10T00:14:45.669+0000] {dag.py:2573} INFO - Sync 1 DAGs
[2022-10-10T00:14:45.724+0000] {logging_mixin.py:117} INFO - [2022-10-10T00:14:45.724+0000] {dag.py:3328} INFO - Setting next_dagrun for example_trigger_controller_dag to 2021-01-01T00:00:00+00:00, run_after=2021-01-01T00:00:00+00:00
[2022-10-10T00:14:45.758+0000] {processor.py:178} INFO - Processing /home/airflow/.local/lib/python3.7/site-packages/airflow/example_dags/example_trigger_controller_dag.py took 0.161 seconds
[2022-10-10T00:15:16.196+0000] {processor.py:156} INFO - Started process (PID=19339) to work on /home/airflow/.local/lib/python3.7/site-packages/airflow/example_dags/example_trigger_controller_dag.py
[2022-10-10T00:15:16.197+0000] {processor.py:758} INFO - Processing file /home/airflow/.local/lib/python3.7/site-packages/airflow/example_dags/example_trigger_controller_dag.py for tasks to queue
[2022-10-10T00:15:16.197+0000] {logging_mixin.py:117} INFO - [2022-10-10T00:15:16.197+0000] {dagbag.py:525} INFO - Filling up the DagBag from /home/airflow/.local/lib/python3.7/site-packages/airflow/example_dags/example_trigger_controller_dag.py
[2022-10-10T00:15:16.210+0000] {processor.py:768} INFO - DAG(s) dict_keys(['example_trigger_controller_dag']) retrieved from /home/airflow/.local/lib/python3.7/site-packages/airflow/example_dags/example_trigger_controller_dag.py
[2022-10-10T00:15:16.261+0000] {logging_mixin.py:117} INFO - [2022-10-10T00:15:16.260+0000] {dag.py:2573} INFO - Sync 1 DAGs
[2022-10-10T00:15:16.299+0000] {logging_mixin.py:117} INFO - [2022-10-10T00:15:16.298+0000] {dag.py:3328} INFO - Setting next_dagrun for example_trigger_controller_dag to 2021-01-01T00:00:00+00:00, run_after=2021-01-01T00:00:00+00:00
[2022-10-10T00:15:16.326+0000] {processor.py:178} INFO - Processing /home/airflow/.local/lib/python3.7/site-packages/airflow/example_dags/example_trigger_controller_dag.py took 0.133 seconds
[2022-10-10T00:15:46.412+0000] {processor.py:156} INFO - Started process (PID=19401) to work on /home/airflow/.local/lib/python3.7/site-packages/airflow/example_dags/example_trigger_controller_dag.py
[2022-10-10T00:15:46.413+0000] {processor.py:758} INFO - Processing file /home/airflow/.local/lib/python3.7/site-packages/airflow/example_dags/example_trigger_controller_dag.py for tasks to queue
[2022-10-10T00:15:46.415+0000] {logging_mixin.py:117} INFO - [2022-10-10T00:15:46.414+0000] {dagbag.py:525} INFO - Filling up the DagBag from /home/airflow/.local/lib/python3.7/site-packages/airflow/example_dags/example_trigger_controller_dag.py
[2022-10-10T00:15:46.436+0000] {processor.py:768} INFO - DAG(s) dict_keys(['example_trigger_controller_dag']) retrieved from /home/airflow/.local/lib/python3.7/site-packages/airflow/example_dags/example_trigger_controller_dag.py
[2022-10-10T00:15:46.511+0000] {logging_mixin.py:117} INFO - [2022-10-10T00:15:46.510+0000] {dag.py:2573} INFO - Sync 1 DAGs
[2022-10-10T00:15:46.562+0000] {logging_mixin.py:117} INFO - [2022-10-10T00:15:46.561+0000] {dag.py:3328} INFO - Setting next_dagrun for example_trigger_controller_dag to 2021-01-01T00:00:00+00:00, run_after=2021-01-01T00:00:00+00:00
[2022-10-10T00:15:46.607+0000] {processor.py:178} INFO - Processing /home/airflow/.local/lib/python3.7/site-packages/airflow/example_dags/example_trigger_controller_dag.py took 0.202 seconds
