[2022-10-10T00:11:02.462+0000] {processor.py:156} INFO - Started process (PID=18904) to work on /home/airflow/.local/lib/python3.7/site-packages/airflow/example_dags/example_sla_dag.py
[2022-10-10T00:11:02.463+0000] {processor.py:758} INFO - Processing file /home/airflow/.local/lib/python3.7/site-packages/airflow/example_dags/example_sla_dag.py for tasks to queue
[2022-10-10T00:11:02.464+0000] {logging_mixin.py:117} INFO - [2022-10-10T00:11:02.464+0000] {dagbag.py:525} INFO - Filling up the DagBag from /home/airflow/.local/lib/python3.7/site-packages/airflow/example_dags/example_sla_dag.py
[2022-10-10T00:11:02.504+0000] {processor.py:768} INFO - DAG(s) dict_keys(['example_sla_dag']) retrieved from /home/airflow/.local/lib/python3.7/site-packages/airflow/example_dags/example_sla_dag.py
[2022-10-10T00:11:02.577+0000] {logging_mixin.py:117} INFO - [2022-10-10T00:11:02.577+0000] {dag.py:2573} INFO - Sync 1 DAGs
[2022-10-10T00:11:02.641+0000] {logging_mixin.py:117} INFO - [2022-10-10T00:11:02.640+0000] {dag.py:3328} INFO - Setting next_dagrun for example_sla_dag to 2022-10-10T00:08:00+00:00, run_after=2022-10-10T00:10:00+00:00
[2022-10-10T00:11:02.678+0000] {processor.py:178} INFO - Processing /home/airflow/.local/lib/python3.7/site-packages/airflow/example_dags/example_sla_dag.py took 0.220 seconds
[2022-10-10T00:12:11.856+0000] {processor.py:156} INFO - Started process (PID=18960) to work on /home/airflow/.local/lib/python3.7/site-packages/airflow/example_dags/example_sla_dag.py
[2022-10-10T00:12:11.857+0000] {processor.py:758} INFO - Processing file /home/airflow/.local/lib/python3.7/site-packages/airflow/example_dags/example_sla_dag.py for tasks to queue
[2022-10-10T00:12:11.858+0000] {logging_mixin.py:117} INFO - [2022-10-10T00:12:11.858+0000] {dagbag.py:525} INFO - Filling up the DagBag from /home/airflow/.local/lib/python3.7/site-packages/airflow/example_dags/example_sla_dag.py
[2022-10-10T00:12:11.891+0000] {processor.py:768} INFO - DAG(s) dict_keys(['example_sla_dag']) retrieved from /home/airflow/.local/lib/python3.7/site-packages/airflow/example_dags/example_sla_dag.py
[2022-10-10T00:12:11.955+0000] {logging_mixin.py:117} INFO - [2022-10-10T00:12:11.955+0000] {dag.py:2573} INFO - Sync 1 DAGs
[2022-10-10T00:12:12.011+0000] {logging_mixin.py:117} INFO - [2022-10-10T00:12:12.011+0000] {dag.py:3328} INFO - Setting next_dagrun for example_sla_dag to 2022-10-10T00:10:00+00:00, run_after=2022-10-10T00:12:00+00:00
[2022-10-10T00:12:12.045+0000] {processor.py:178} INFO - Processing /home/airflow/.local/lib/python3.7/site-packages/airflow/example_dags/example_sla_dag.py took 0.194 seconds
[2022-10-10T00:12:42.146+0000] {processor.py:156} INFO - Started process (PID=19025) to work on /home/airflow/.local/lib/python3.7/site-packages/airflow/example_dags/example_sla_dag.py
[2022-10-10T00:12:42.147+0000] {processor.py:758} INFO - Processing file /home/airflow/.local/lib/python3.7/site-packages/airflow/example_dags/example_sla_dag.py for tasks to queue
[2022-10-10T00:12:42.148+0000] {logging_mixin.py:117} INFO - [2022-10-10T00:12:42.148+0000] {dagbag.py:525} INFO - Filling up the DagBag from /home/airflow/.local/lib/python3.7/site-packages/airflow/example_dags/example_sla_dag.py
[2022-10-10T00:12:42.177+0000] {processor.py:768} INFO - DAG(s) dict_keys(['example_sla_dag']) retrieved from /home/airflow/.local/lib/python3.7/site-packages/airflow/example_dags/example_sla_dag.py
[2022-10-10T00:12:42.230+0000] {logging_mixin.py:117} INFO - [2022-10-10T00:12:42.229+0000] {dag.py:2573} INFO - Sync 1 DAGs
[2022-10-10T00:12:42.285+0000] {logging_mixin.py:117} INFO - [2022-10-10T00:12:42.285+0000] {dag.py:3328} INFO - Setting next_dagrun for example_sla_dag to 2022-10-10T00:10:00+00:00, run_after=2022-10-10T00:12:00+00:00
[2022-10-10T00:12:42.308+0000] {processor.py:178} INFO - Processing /home/airflow/.local/lib/python3.7/site-packages/airflow/example_dags/example_sla_dag.py took 0.168 seconds
[2022-10-10T00:13:12.625+0000] {processor.py:156} INFO - Started process (PID=19081) to work on /home/airflow/.local/lib/python3.7/site-packages/airflow/example_dags/example_sla_dag.py
[2022-10-10T00:13:12.626+0000] {processor.py:758} INFO - Processing file /home/airflow/.local/lib/python3.7/site-packages/airflow/example_dags/example_sla_dag.py for tasks to queue
[2022-10-10T00:13:12.627+0000] {logging_mixin.py:117} INFO - [2022-10-10T00:13:12.627+0000] {dagbag.py:525} INFO - Filling up the DagBag from /home/airflow/.local/lib/python3.7/site-packages/airflow/example_dags/example_sla_dag.py
[2022-10-10T00:13:12.668+0000] {processor.py:768} INFO - DAG(s) dict_keys(['example_sla_dag']) retrieved from /home/airflow/.local/lib/python3.7/site-packages/airflow/example_dags/example_sla_dag.py
[2022-10-10T00:13:12.731+0000] {logging_mixin.py:117} INFO - [2022-10-10T00:13:12.731+0000] {dag.py:2573} INFO - Sync 1 DAGs
[2022-10-10T00:13:12.786+0000] {logging_mixin.py:117} INFO - [2022-10-10T00:13:12.785+0000] {dag.py:3328} INFO - Setting next_dagrun for example_sla_dag to 2022-10-10T00:10:00+00:00, run_after=2022-10-10T00:12:00+00:00
[2022-10-10T00:13:12.820+0000] {processor.py:178} INFO - Processing /home/airflow/.local/lib/python3.7/site-packages/airflow/example_dags/example_sla_dag.py took 0.201 seconds
[2022-10-10T00:13:43.668+0000] {processor.py:156} INFO - Started process (PID=19145) to work on /home/airflow/.local/lib/python3.7/site-packages/airflow/example_dags/example_sla_dag.py
[2022-10-10T00:13:43.669+0000] {processor.py:758} INFO - Processing file /home/airflow/.local/lib/python3.7/site-packages/airflow/example_dags/example_sla_dag.py for tasks to queue
[2022-10-10T00:13:43.670+0000] {logging_mixin.py:117} INFO - [2022-10-10T00:13:43.670+0000] {dagbag.py:525} INFO - Filling up the DagBag from /home/airflow/.local/lib/python3.7/site-packages/airflow/example_dags/example_sla_dag.py
[2022-10-10T00:13:43.699+0000] {processor.py:768} INFO - DAG(s) dict_keys(['example_sla_dag']) retrieved from /home/airflow/.local/lib/python3.7/site-packages/airflow/example_dags/example_sla_dag.py
[2022-10-10T00:13:43.755+0000] {logging_mixin.py:117} INFO - [2022-10-10T00:13:43.754+0000] {dag.py:2573} INFO - Sync 1 DAGs
[2022-10-10T00:13:43.804+0000] {logging_mixin.py:117} INFO - [2022-10-10T00:13:43.803+0000] {dag.py:3328} INFO - Setting next_dagrun for example_sla_dag to 2022-10-10T00:10:00+00:00, run_after=2022-10-10T00:12:00+00:00
[2022-10-10T00:13:43.834+0000] {processor.py:178} INFO - Processing /home/airflow/.local/lib/python3.7/site-packages/airflow/example_dags/example_sla_dag.py took 0.172 seconds
[2022-10-10T00:14:14.261+0000] {processor.py:156} INFO - Started process (PID=19211) to work on /home/airflow/.local/lib/python3.7/site-packages/airflow/example_dags/example_sla_dag.py
[2022-10-10T00:14:14.263+0000] {processor.py:758} INFO - Processing file /home/airflow/.local/lib/python3.7/site-packages/airflow/example_dags/example_sla_dag.py for tasks to queue
[2022-10-10T00:14:14.264+0000] {logging_mixin.py:117} INFO - [2022-10-10T00:14:14.264+0000] {dagbag.py:525} INFO - Filling up the DagBag from /home/airflow/.local/lib/python3.7/site-packages/airflow/example_dags/example_sla_dag.py
[2022-10-10T00:14:14.301+0000] {processor.py:768} INFO - DAG(s) dict_keys(['example_sla_dag']) retrieved from /home/airflow/.local/lib/python3.7/site-packages/airflow/example_dags/example_sla_dag.py
[2022-10-10T00:14:14.391+0000] {logging_mixin.py:117} INFO - [2022-10-10T00:14:14.388+0000] {dag.py:2573} INFO - Sync 1 DAGs
[2022-10-10T00:14:14.461+0000] {logging_mixin.py:117} INFO - [2022-10-10T00:14:14.461+0000] {dag.py:3328} INFO - Setting next_dagrun for example_sla_dag to 2022-10-10T00:12:00+00:00, run_after=2022-10-10T00:14:00+00:00
[2022-10-10T00:14:14.496+0000] {processor.py:178} INFO - Processing /home/airflow/.local/lib/python3.7/site-packages/airflow/example_dags/example_sla_dag.py took 0.241 seconds
[2022-10-10T00:14:44.958+0000] {processor.py:156} INFO - Started process (PID=19267) to work on /home/airflow/.local/lib/python3.7/site-packages/airflow/example_dags/example_sla_dag.py
[2022-10-10T00:14:44.959+0000] {processor.py:758} INFO - Processing file /home/airflow/.local/lib/python3.7/site-packages/airflow/example_dags/example_sla_dag.py for tasks to queue
[2022-10-10T00:14:44.960+0000] {logging_mixin.py:117} INFO - [2022-10-10T00:14:44.960+0000] {dagbag.py:525} INFO - Filling up the DagBag from /home/airflow/.local/lib/python3.7/site-packages/airflow/example_dags/example_sla_dag.py
[2022-10-10T00:14:44.994+0000] {processor.py:768} INFO - DAG(s) dict_keys(['example_sla_dag']) retrieved from /home/airflow/.local/lib/python3.7/site-packages/airflow/example_dags/example_sla_dag.py
[2022-10-10T00:14:45.056+0000] {logging_mixin.py:117} INFO - [2022-10-10T00:14:45.055+0000] {dag.py:2573} INFO - Sync 1 DAGs
[2022-10-10T00:14:45.112+0000] {logging_mixin.py:117} INFO - [2022-10-10T00:14:45.112+0000] {dag.py:3328} INFO - Setting next_dagrun for example_sla_dag to 2022-10-10T00:12:00+00:00, run_after=2022-10-10T00:14:00+00:00
[2022-10-10T00:14:45.154+0000] {processor.py:178} INFO - Processing /home/airflow/.local/lib/python3.7/site-packages/airflow/example_dags/example_sla_dag.py took 0.201 seconds
[2022-10-10T00:15:15.312+0000] {processor.py:156} INFO - Started process (PID=19333) to work on /home/airflow/.local/lib/python3.7/site-packages/airflow/example_dags/example_sla_dag.py
[2022-10-10T00:15:15.314+0000] {processor.py:758} INFO - Processing file /home/airflow/.local/lib/python3.7/site-packages/airflow/example_dags/example_sla_dag.py for tasks to queue
[2022-10-10T00:15:15.314+0000] {logging_mixin.py:117} INFO - [2022-10-10T00:15:15.314+0000] {dagbag.py:525} INFO - Filling up the DagBag from /home/airflow/.local/lib/python3.7/site-packages/airflow/example_dags/example_sla_dag.py
[2022-10-10T00:15:15.336+0000] {processor.py:768} INFO - DAG(s) dict_keys(['example_sla_dag']) retrieved from /home/airflow/.local/lib/python3.7/site-packages/airflow/example_dags/example_sla_dag.py
[2022-10-10T00:15:15.387+0000] {logging_mixin.py:117} INFO - [2022-10-10T00:15:15.387+0000] {dag.py:2573} INFO - Sync 1 DAGs
[2022-10-10T00:15:15.427+0000] {logging_mixin.py:117} INFO - [2022-10-10T00:15:15.427+0000] {dag.py:3328} INFO - Setting next_dagrun for example_sla_dag to 2022-10-10T00:12:00+00:00, run_after=2022-10-10T00:14:00+00:00
[2022-10-10T00:15:15.452+0000] {processor.py:178} INFO - Processing /home/airflow/.local/lib/python3.7/site-packages/airflow/example_dags/example_sla_dag.py took 0.145 seconds
[2022-10-10T00:15:45.763+0000] {processor.py:156} INFO - Started process (PID=19389) to work on /home/airflow/.local/lib/python3.7/site-packages/airflow/example_dags/example_sla_dag.py
[2022-10-10T00:15:45.764+0000] {processor.py:758} INFO - Processing file /home/airflow/.local/lib/python3.7/site-packages/airflow/example_dags/example_sla_dag.py for tasks to queue
[2022-10-10T00:15:45.765+0000] {logging_mixin.py:117} INFO - [2022-10-10T00:15:45.765+0000] {dagbag.py:525} INFO - Filling up the DagBag from /home/airflow/.local/lib/python3.7/site-packages/airflow/example_dags/example_sla_dag.py
[2022-10-10T00:15:45.795+0000] {processor.py:768} INFO - DAG(s) dict_keys(['example_sla_dag']) retrieved from /home/airflow/.local/lib/python3.7/site-packages/airflow/example_dags/example_sla_dag.py
[2022-10-10T00:15:45.860+0000] {logging_mixin.py:117} INFO - [2022-10-10T00:15:45.860+0000] {dag.py:2573} INFO - Sync 1 DAGs
[2022-10-10T00:15:45.909+0000] {logging_mixin.py:117} INFO - [2022-10-10T00:15:45.909+0000] {dag.py:3328} INFO - Setting next_dagrun for example_sla_dag to 2022-10-10T00:12:00+00:00, run_after=2022-10-10T00:14:00+00:00
[2022-10-10T00:15:45.935+0000] {processor.py:178} INFO - Processing /home/airflow/.local/lib/python3.7/site-packages/airflow/example_dags/example_sla_dag.py took 0.175 seconds
