[2022-10-10T00:11:05.554+0000] {processor.py:156} INFO - Started process (PID=18923) to work on /home/airflow/.local/lib/python3.7/site-packages/airflow/example_dags/example_branch_operator_decorator.py
[2022-10-10T00:11:05.555+0000] {processor.py:758} INFO - Processing file /home/airflow/.local/lib/python3.7/site-packages/airflow/example_dags/example_branch_operator_decorator.py for tasks to queue
[2022-10-10T00:11:05.556+0000] {logging_mixin.py:117} INFO - [2022-10-10T00:11:05.556+0000] {dagbag.py:525} INFO - Filling up the DagBag from /home/airflow/.local/lib/python3.7/site-packages/airflow/example_dags/example_branch_operator_decorator.py
[2022-10-10T00:11:05.629+0000] {processor.py:768} INFO - DAG(s) dict_keys(['example_branch_python_operator_decorator']) retrieved from /home/airflow/.local/lib/python3.7/site-packages/airflow/example_dags/example_branch_operator_decorator.py
[2022-10-10T00:11:05.697+0000] {logging_mixin.py:117} INFO - [2022-10-10T00:11:05.697+0000] {dag.py:2573} INFO - Sync 1 DAGs
[2022-10-10T00:11:05.757+0000] {logging_mixin.py:117} INFO - [2022-10-10T00:11:05.757+0000] {dag.py:3328} INFO - Setting next_dagrun for example_branch_python_operator_decorator to 2022-10-09T00:00:00+00:00, run_after=2022-10-10T00:00:00+00:00
[2022-10-10T00:11:05.798+0000] {processor.py:178} INFO - Processing /home/airflow/.local/lib/python3.7/site-packages/airflow/example_dags/example_branch_operator_decorator.py took 0.249 seconds
[2022-10-10T00:12:14.189+0000] {processor.py:156} INFO - Started process (PID=18979) to work on /home/airflow/.local/lib/python3.7/site-packages/airflow/example_dags/example_branch_operator_decorator.py
[2022-10-10T00:12:14.190+0000] {processor.py:758} INFO - Processing file /home/airflow/.local/lib/python3.7/site-packages/airflow/example_dags/example_branch_operator_decorator.py for tasks to queue
[2022-10-10T00:12:14.191+0000] {logging_mixin.py:117} INFO - [2022-10-10T00:12:14.191+0000] {dagbag.py:525} INFO - Filling up the DagBag from /home/airflow/.local/lib/python3.7/site-packages/airflow/example_dags/example_branch_operator_decorator.py
[2022-10-10T00:12:14.219+0000] {processor.py:768} INFO - DAG(s) dict_keys(['example_branch_python_operator_decorator']) retrieved from /home/airflow/.local/lib/python3.7/site-packages/airflow/example_dags/example_branch_operator_decorator.py
[2022-10-10T00:12:14.266+0000] {logging_mixin.py:117} INFO - [2022-10-10T00:12:14.266+0000] {dag.py:2573} INFO - Sync 1 DAGs
[2022-10-10T00:12:14.315+0000] {logging_mixin.py:117} INFO - [2022-10-10T00:12:14.315+0000] {dag.py:3328} INFO - Setting next_dagrun for example_branch_python_operator_decorator to 2022-10-09T00:00:00+00:00, run_after=2022-10-10T00:00:00+00:00
[2022-10-10T00:12:14.346+0000] {processor.py:178} INFO - Processing /home/airflow/.local/lib/python3.7/site-packages/airflow/example_dags/example_branch_operator_decorator.py took 0.162 seconds
[2022-10-10T00:12:44.599+0000] {processor.py:156} INFO - Started process (PID=19044) to work on /home/airflow/.local/lib/python3.7/site-packages/airflow/example_dags/example_branch_operator_decorator.py
[2022-10-10T00:12:44.600+0000] {processor.py:758} INFO - Processing file /home/airflow/.local/lib/python3.7/site-packages/airflow/example_dags/example_branch_operator_decorator.py for tasks to queue
[2022-10-10T00:12:44.601+0000] {logging_mixin.py:117} INFO - [2022-10-10T00:12:44.601+0000] {dagbag.py:525} INFO - Filling up the DagBag from /home/airflow/.local/lib/python3.7/site-packages/airflow/example_dags/example_branch_operator_decorator.py
[2022-10-10T00:12:44.632+0000] {processor.py:768} INFO - DAG(s) dict_keys(['example_branch_python_operator_decorator']) retrieved from /home/airflow/.local/lib/python3.7/site-packages/airflow/example_dags/example_branch_operator_decorator.py
[2022-10-10T00:12:44.682+0000] {logging_mixin.py:117} INFO - [2022-10-10T00:12:44.681+0000] {dag.py:2573} INFO - Sync 1 DAGs
[2022-10-10T00:12:44.722+0000] {logging_mixin.py:117} INFO - [2022-10-10T00:12:44.721+0000] {dag.py:3328} INFO - Setting next_dagrun for example_branch_python_operator_decorator to 2022-10-09T00:00:00+00:00, run_after=2022-10-10T00:00:00+00:00
[2022-10-10T00:12:44.752+0000] {processor.py:178} INFO - Processing /home/airflow/.local/lib/python3.7/site-packages/airflow/example_dags/example_branch_operator_decorator.py took 0.158 seconds
[2022-10-10T00:13:15.531+0000] {processor.py:156} INFO - Started process (PID=19108) to work on /home/airflow/.local/lib/python3.7/site-packages/airflow/example_dags/example_branch_operator_decorator.py
[2022-10-10T00:13:15.532+0000] {processor.py:758} INFO - Processing file /home/airflow/.local/lib/python3.7/site-packages/airflow/example_dags/example_branch_operator_decorator.py for tasks to queue
[2022-10-10T00:13:15.533+0000] {logging_mixin.py:117} INFO - [2022-10-10T00:13:15.533+0000] {dagbag.py:525} INFO - Filling up the DagBag from /home/airflow/.local/lib/python3.7/site-packages/airflow/example_dags/example_branch_operator_decorator.py
[2022-10-10T00:13:15.575+0000] {processor.py:768} INFO - DAG(s) dict_keys(['example_branch_python_operator_decorator']) retrieved from /home/airflow/.local/lib/python3.7/site-packages/airflow/example_dags/example_branch_operator_decorator.py
[2022-10-10T00:13:15.659+0000] {logging_mixin.py:117} INFO - [2022-10-10T00:13:15.659+0000] {dag.py:2573} INFO - Sync 1 DAGs
[2022-10-10T00:13:15.719+0000] {logging_mixin.py:117} INFO - [2022-10-10T00:13:15.718+0000] {dag.py:3328} INFO - Setting next_dagrun for example_branch_python_operator_decorator to 2022-10-09T00:00:00+00:00, run_after=2022-10-10T00:00:00+00:00
[2022-10-10T00:13:15.753+0000] {processor.py:178} INFO - Processing /home/airflow/.local/lib/python3.7/site-packages/airflow/example_dags/example_branch_operator_decorator.py took 0.227 seconds
[2022-10-10T00:13:45.974+0000] {processor.py:156} INFO - Started process (PID=19164) to work on /home/airflow/.local/lib/python3.7/site-packages/airflow/example_dags/example_branch_operator_decorator.py
[2022-10-10T00:13:45.975+0000] {processor.py:758} INFO - Processing file /home/airflow/.local/lib/python3.7/site-packages/airflow/example_dags/example_branch_operator_decorator.py for tasks to queue
[2022-10-10T00:13:45.976+0000] {logging_mixin.py:117} INFO - [2022-10-10T00:13:45.976+0000] {dagbag.py:525} INFO - Filling up the DagBag from /home/airflow/.local/lib/python3.7/site-packages/airflow/example_dags/example_branch_operator_decorator.py
[2022-10-10T00:13:46.006+0000] {processor.py:768} INFO - DAG(s) dict_keys(['example_branch_python_operator_decorator']) retrieved from /home/airflow/.local/lib/python3.7/site-packages/airflow/example_dags/example_branch_operator_decorator.py
[2022-10-10T00:13:46.069+0000] {logging_mixin.py:117} INFO - [2022-10-10T00:13:46.068+0000] {dag.py:2573} INFO - Sync 1 DAGs
[2022-10-10T00:13:46.120+0000] {logging_mixin.py:117} INFO - [2022-10-10T00:13:46.120+0000] {dag.py:3328} INFO - Setting next_dagrun for example_branch_python_operator_decorator to 2022-10-09T00:00:00+00:00, run_after=2022-10-10T00:00:00+00:00
[2022-10-10T00:13:46.156+0000] {processor.py:178} INFO - Processing /home/airflow/.local/lib/python3.7/site-packages/airflow/example_dags/example_branch_operator_decorator.py took 0.187 seconds
[2022-10-10T00:14:16.967+0000] {processor.py:156} INFO - Started process (PID=19230) to work on /home/airflow/.local/lib/python3.7/site-packages/airflow/example_dags/example_branch_operator_decorator.py
[2022-10-10T00:14:16.967+0000] {processor.py:758} INFO - Processing file /home/airflow/.local/lib/python3.7/site-packages/airflow/example_dags/example_branch_operator_decorator.py for tasks to queue
[2022-10-10T00:14:16.968+0000] {logging_mixin.py:117} INFO - [2022-10-10T00:14:16.968+0000] {dagbag.py:525} INFO - Filling up the DagBag from /home/airflow/.local/lib/python3.7/site-packages/airflow/example_dags/example_branch_operator_decorator.py
[2022-10-10T00:14:16.997+0000] {processor.py:768} INFO - DAG(s) dict_keys(['example_branch_python_operator_decorator']) retrieved from /home/airflow/.local/lib/python3.7/site-packages/airflow/example_dags/example_branch_operator_decorator.py
[2022-10-10T00:14:17.054+0000] {logging_mixin.py:117} INFO - [2022-10-10T00:14:17.054+0000] {dag.py:2573} INFO - Sync 1 DAGs
[2022-10-10T00:14:17.106+0000] {logging_mixin.py:117} INFO - [2022-10-10T00:14:17.106+0000] {dag.py:3328} INFO - Setting next_dagrun for example_branch_python_operator_decorator to 2022-10-09T00:00:00+00:00, run_after=2022-10-10T00:00:00+00:00
[2022-10-10T00:14:17.134+0000] {processor.py:178} INFO - Processing /home/airflow/.local/lib/python3.7/site-packages/airflow/example_dags/example_branch_operator_decorator.py took 0.172 seconds
[2022-10-10T00:14:48.323+0000] {processor.py:156} INFO - Started process (PID=19293) to work on /home/airflow/.local/lib/python3.7/site-packages/airflow/example_dags/example_branch_operator_decorator.py
[2022-10-10T00:14:48.324+0000] {processor.py:758} INFO - Processing file /home/airflow/.local/lib/python3.7/site-packages/airflow/example_dags/example_branch_operator_decorator.py for tasks to queue
[2022-10-10T00:14:48.325+0000] {logging_mixin.py:117} INFO - [2022-10-10T00:14:48.325+0000] {dagbag.py:525} INFO - Filling up the DagBag from /home/airflow/.local/lib/python3.7/site-packages/airflow/example_dags/example_branch_operator_decorator.py
[2022-10-10T00:14:48.360+0000] {processor.py:768} INFO - DAG(s) dict_keys(['example_branch_python_operator_decorator']) retrieved from /home/airflow/.local/lib/python3.7/site-packages/airflow/example_dags/example_branch_operator_decorator.py
[2022-10-10T00:14:48.422+0000] {logging_mixin.py:117} INFO - [2022-10-10T00:14:48.422+0000] {dag.py:2573} INFO - Sync 1 DAGs
[2022-10-10T00:14:48.463+0000] {logging_mixin.py:117} INFO - [2022-10-10T00:14:48.462+0000] {dag.py:3328} INFO - Setting next_dagrun for example_branch_python_operator_decorator to 2022-10-09T00:00:00+00:00, run_after=2022-10-10T00:00:00+00:00
[2022-10-10T00:14:48.486+0000] {processor.py:178} INFO - Processing /home/airflow/.local/lib/python3.7/site-packages/airflow/example_dags/example_branch_operator_decorator.py took 0.169 seconds
[2022-10-10T00:15:18.606+0000] {processor.py:156} INFO - Started process (PID=19352) to work on /home/airflow/.local/lib/python3.7/site-packages/airflow/example_dags/example_branch_operator_decorator.py
[2022-10-10T00:15:18.607+0000] {processor.py:758} INFO - Processing file /home/airflow/.local/lib/python3.7/site-packages/airflow/example_dags/example_branch_operator_decorator.py for tasks to queue
[2022-10-10T00:15:18.608+0000] {logging_mixin.py:117} INFO - [2022-10-10T00:15:18.608+0000] {dagbag.py:525} INFO - Filling up the DagBag from /home/airflow/.local/lib/python3.7/site-packages/airflow/example_dags/example_branch_operator_decorator.py
[2022-10-10T00:15:18.634+0000] {processor.py:768} INFO - DAG(s) dict_keys(['example_branch_python_operator_decorator']) retrieved from /home/airflow/.local/lib/python3.7/site-packages/airflow/example_dags/example_branch_operator_decorator.py
[2022-10-10T00:15:18.688+0000] {logging_mixin.py:117} INFO - [2022-10-10T00:15:18.688+0000] {dag.py:2573} INFO - Sync 1 DAGs
[2022-10-10T00:15:18.730+0000] {logging_mixin.py:117} INFO - [2022-10-10T00:15:18.730+0000] {dag.py:3328} INFO - Setting next_dagrun for example_branch_python_operator_decorator to 2022-10-09T00:00:00+00:00, run_after=2022-10-10T00:00:00+00:00
[2022-10-10T00:15:18.756+0000] {processor.py:178} INFO - Processing /home/airflow/.local/lib/python3.7/site-packages/airflow/example_dags/example_branch_operator_decorator.py took 0.157 seconds
[2022-10-10T00:15:49.184+0000] {processor.py:156} INFO - Started process (PID=19417) to work on /home/airflow/.local/lib/python3.7/site-packages/airflow/example_dags/example_branch_operator_decorator.py
[2022-10-10T00:15:49.185+0000] {processor.py:758} INFO - Processing file /home/airflow/.local/lib/python3.7/site-packages/airflow/example_dags/example_branch_operator_decorator.py for tasks to queue
[2022-10-10T00:15:49.186+0000] {logging_mixin.py:117} INFO - [2022-10-10T00:15:49.186+0000] {dagbag.py:525} INFO - Filling up the DagBag from /home/airflow/.local/lib/python3.7/site-packages/airflow/example_dags/example_branch_operator_decorator.py
[2022-10-10T00:15:49.215+0000] {processor.py:768} INFO - DAG(s) dict_keys(['example_branch_python_operator_decorator']) retrieved from /home/airflow/.local/lib/python3.7/site-packages/airflow/example_dags/example_branch_operator_decorator.py
[2022-10-10T00:15:49.267+0000] {logging_mixin.py:117} INFO - [2022-10-10T00:15:49.267+0000] {dag.py:2573} INFO - Sync 1 DAGs
[2022-10-10T00:15:49.305+0000] {logging_mixin.py:117} INFO - [2022-10-10T00:15:49.305+0000] {dag.py:3328} INFO - Setting next_dagrun for example_branch_python_operator_decorator to 2022-10-09T00:00:00+00:00, run_after=2022-10-10T00:00:00+00:00
[2022-10-10T00:15:49.332+0000] {processor.py:178} INFO - Processing /home/airflow/.local/lib/python3.7/site-packages/airflow/example_dags/example_branch_operator_decorator.py took 0.154 seconds
