[2022-10-10T00:11:03.146+0000] {processor.py:156} INFO - Started process (PID=18908) to work on /home/airflow/.local/lib/python3.7/site-packages/airflow/example_dags/example_task_group_decorator.py
[2022-10-10T00:11:03.147+0000] {processor.py:758} INFO - Processing file /home/airflow/.local/lib/python3.7/site-packages/airflow/example_dags/example_task_group_decorator.py for tasks to queue
[2022-10-10T00:11:03.148+0000] {logging_mixin.py:117} INFO - [2022-10-10T00:11:03.148+0000] {dagbag.py:525} INFO - Filling up the DagBag from /home/airflow/.local/lib/python3.7/site-packages/airflow/example_dags/example_task_group_decorator.py
[2022-10-10T00:11:03.239+0000] {processor.py:768} INFO - DAG(s) dict_keys(['example_task_group_decorator']) retrieved from /home/airflow/.local/lib/python3.7/site-packages/airflow/example_dags/example_task_group_decorator.py
[2022-10-10T00:11:03.300+0000] {logging_mixin.py:117} INFO - [2022-10-10T00:11:03.300+0000] {dag.py:2573} INFO - Sync 1 DAGs
[2022-10-10T00:11:03.342+0000] {logging_mixin.py:117} INFO - [2022-10-10T00:11:03.342+0000] {dag.py:3328} INFO - Setting next_dagrun for example_task_group_decorator to 2022-10-09T00:11:03.342032+00:00, run_after=2022-10-10T00:11:03.342032+00:00
[2022-10-10T00:11:03.385+0000] {processor.py:178} INFO - Processing /home/airflow/.local/lib/python3.7/site-packages/airflow/example_dags/example_task_group_decorator.py took 0.244 seconds
[2022-10-10T00:12:12.330+0000] {processor.py:156} INFO - Started process (PID=18964) to work on /home/airflow/.local/lib/python3.7/site-packages/airflow/example_dags/example_task_group_decorator.py
[2022-10-10T00:12:12.331+0000] {processor.py:758} INFO - Processing file /home/airflow/.local/lib/python3.7/site-packages/airflow/example_dags/example_task_group_decorator.py for tasks to queue
[2022-10-10T00:12:12.332+0000] {logging_mixin.py:117} INFO - [2022-10-10T00:12:12.331+0000] {dagbag.py:525} INFO - Filling up the DagBag from /home/airflow/.local/lib/python3.7/site-packages/airflow/example_dags/example_task_group_decorator.py
[2022-10-10T00:12:12.382+0000] {processor.py:768} INFO - DAG(s) dict_keys(['example_task_group_decorator']) retrieved from /home/airflow/.local/lib/python3.7/site-packages/airflow/example_dags/example_task_group_decorator.py
[2022-10-10T00:12:12.441+0000] {logging_mixin.py:117} INFO - [2022-10-10T00:12:12.441+0000] {dag.py:2573} INFO - Sync 1 DAGs
[2022-10-10T00:12:12.483+0000] {logging_mixin.py:117} INFO - [2022-10-10T00:12:12.483+0000] {dag.py:3328} INFO - Setting next_dagrun for example_task_group_decorator to 2022-10-09T00:12:12.483037+00:00, run_after=2022-10-10T00:12:12.483037+00:00
[2022-10-10T00:12:12.514+0000] {processor.py:178} INFO - Processing /home/airflow/.local/lib/python3.7/site-packages/airflow/example_dags/example_task_group_decorator.py took 0.190 seconds
[2022-10-10T00:12:42.542+0000] {processor.py:156} INFO - Started process (PID=19029) to work on /home/airflow/.local/lib/python3.7/site-packages/airflow/example_dags/example_task_group_decorator.py
[2022-10-10T00:12:42.543+0000] {processor.py:758} INFO - Processing file /home/airflow/.local/lib/python3.7/site-packages/airflow/example_dags/example_task_group_decorator.py for tasks to queue
[2022-10-10T00:12:42.544+0000] {logging_mixin.py:117} INFO - [2022-10-10T00:12:42.543+0000] {dagbag.py:525} INFO - Filling up the DagBag from /home/airflow/.local/lib/python3.7/site-packages/airflow/example_dags/example_task_group_decorator.py
[2022-10-10T00:12:42.577+0000] {processor.py:768} INFO - DAG(s) dict_keys(['example_task_group_decorator']) retrieved from /home/airflow/.local/lib/python3.7/site-packages/airflow/example_dags/example_task_group_decorator.py
[2022-10-10T00:12:42.624+0000] {logging_mixin.py:117} INFO - [2022-10-10T00:12:42.624+0000] {dag.py:2573} INFO - Sync 1 DAGs
[2022-10-10T00:12:42.653+0000] {logging_mixin.py:117} INFO - [2022-10-10T00:12:42.652+0000] {dag.py:3328} INFO - Setting next_dagrun for example_task_group_decorator to 2022-10-09T00:12:42.652615+00:00, run_after=2022-10-10T00:12:42.652615+00:00
[2022-10-10T00:12:42.680+0000] {processor.py:178} INFO - Processing /home/airflow/.local/lib/python3.7/site-packages/airflow/example_dags/example_task_group_decorator.py took 0.142 seconds
[2022-10-10T00:13:13.037+0000] {processor.py:156} INFO - Started process (PID=19085) to work on /home/airflow/.local/lib/python3.7/site-packages/airflow/example_dags/example_task_group_decorator.py
[2022-10-10T00:13:13.038+0000] {processor.py:758} INFO - Processing file /home/airflow/.local/lib/python3.7/site-packages/airflow/example_dags/example_task_group_decorator.py for tasks to queue
[2022-10-10T00:13:13.039+0000] {logging_mixin.py:117} INFO - [2022-10-10T00:13:13.039+0000] {dagbag.py:525} INFO - Filling up the DagBag from /home/airflow/.local/lib/python3.7/site-packages/airflow/example_dags/example_task_group_decorator.py
[2022-10-10T00:13:13.084+0000] {processor.py:768} INFO - DAG(s) dict_keys(['example_task_group_decorator']) retrieved from /home/airflow/.local/lib/python3.7/site-packages/airflow/example_dags/example_task_group_decorator.py
[2022-10-10T00:13:13.158+0000] {logging_mixin.py:117} INFO - [2022-10-10T00:13:13.158+0000] {dag.py:2573} INFO - Sync 1 DAGs
[2022-10-10T00:13:13.206+0000] {logging_mixin.py:117} INFO - [2022-10-10T00:13:13.205+0000] {dag.py:3328} INFO - Setting next_dagrun for example_task_group_decorator to 2022-10-09T00:13:13.205758+00:00, run_after=2022-10-10T00:13:13.205758+00:00
[2022-10-10T00:13:13.240+0000] {processor.py:178} INFO - Processing /home/airflow/.local/lib/python3.7/site-packages/airflow/example_dags/example_task_group_decorator.py took 0.208 seconds
[2022-10-10T00:13:44.060+0000] {processor.py:156} INFO - Started process (PID=19149) to work on /home/airflow/.local/lib/python3.7/site-packages/airflow/example_dags/example_task_group_decorator.py
[2022-10-10T00:13:44.061+0000] {processor.py:758} INFO - Processing file /home/airflow/.local/lib/python3.7/site-packages/airflow/example_dags/example_task_group_decorator.py for tasks to queue
[2022-10-10T00:13:44.062+0000] {logging_mixin.py:117} INFO - [2022-10-10T00:13:44.062+0000] {dagbag.py:525} INFO - Filling up the DagBag from /home/airflow/.local/lib/python3.7/site-packages/airflow/example_dags/example_task_group_decorator.py
[2022-10-10T00:13:44.117+0000] {processor.py:768} INFO - DAG(s) dict_keys(['example_task_group_decorator']) retrieved from /home/airflow/.local/lib/python3.7/site-packages/airflow/example_dags/example_task_group_decorator.py
[2022-10-10T00:13:44.189+0000] {logging_mixin.py:117} INFO - [2022-10-10T00:13:44.189+0000] {dag.py:2573} INFO - Sync 1 DAGs
[2022-10-10T00:13:44.236+0000] {logging_mixin.py:117} INFO - [2022-10-10T00:13:44.236+0000] {dag.py:3328} INFO - Setting next_dagrun for example_task_group_decorator to 2022-10-09T00:13:44.236255+00:00, run_after=2022-10-10T00:13:44.236255+00:00
[2022-10-10T00:13:44.267+0000] {processor.py:178} INFO - Processing /home/airflow/.local/lib/python3.7/site-packages/airflow/example_dags/example_task_group_decorator.py took 0.211 seconds
[2022-10-10T00:14:14.740+0000] {processor.py:156} INFO - Started process (PID=19215) to work on /home/airflow/.local/lib/python3.7/site-packages/airflow/example_dags/example_task_group_decorator.py
[2022-10-10T00:14:14.741+0000] {processor.py:758} INFO - Processing file /home/airflow/.local/lib/python3.7/site-packages/airflow/example_dags/example_task_group_decorator.py for tasks to queue
[2022-10-10T00:14:14.742+0000] {logging_mixin.py:117} INFO - [2022-10-10T00:14:14.742+0000] {dagbag.py:525} INFO - Filling up the DagBag from /home/airflow/.local/lib/python3.7/site-packages/airflow/example_dags/example_task_group_decorator.py
[2022-10-10T00:14:14.801+0000] {processor.py:768} INFO - DAG(s) dict_keys(['example_task_group_decorator']) retrieved from /home/airflow/.local/lib/python3.7/site-packages/airflow/example_dags/example_task_group_decorator.py
[2022-10-10T00:14:14.875+0000] {logging_mixin.py:117} INFO - [2022-10-10T00:14:14.875+0000] {dag.py:2573} INFO - Sync 1 DAGs
[2022-10-10T00:14:14.929+0000] {logging_mixin.py:117} INFO - [2022-10-10T00:14:14.928+0000] {dag.py:3328} INFO - Setting next_dagrun for example_task_group_decorator to 2022-10-09T00:14:14.928429+00:00, run_after=2022-10-10T00:14:14.928429+00:00
[2022-10-10T00:14:14.965+0000] {processor.py:178} INFO - Processing /home/airflow/.local/lib/python3.7/site-packages/airflow/example_dags/example_task_group_decorator.py took 0.231 seconds
[2022-10-10T00:14:45.413+0000] {processor.py:156} INFO - Started process (PID=19271) to work on /home/airflow/.local/lib/python3.7/site-packages/airflow/example_dags/example_task_group_decorator.py
[2022-10-10T00:14:45.414+0000] {processor.py:758} INFO - Processing file /home/airflow/.local/lib/python3.7/site-packages/airflow/example_dags/example_task_group_decorator.py for tasks to queue
[2022-10-10T00:14:45.414+0000] {logging_mixin.py:117} INFO - [2022-10-10T00:14:45.414+0000] {dagbag.py:525} INFO - Filling up the DagBag from /home/airflow/.local/lib/python3.7/site-packages/airflow/example_dags/example_task_group_decorator.py
[2022-10-10T00:14:45.456+0000] {processor.py:768} INFO - DAG(s) dict_keys(['example_task_group_decorator']) retrieved from /home/airflow/.local/lib/python3.7/site-packages/airflow/example_dags/example_task_group_decorator.py
[2022-10-10T00:14:45.521+0000] {logging_mixin.py:117} INFO - [2022-10-10T00:14:45.521+0000] {dag.py:2573} INFO - Sync 1 DAGs
[2022-10-10T00:14:45.560+0000] {logging_mixin.py:117} INFO - [2022-10-10T00:14:45.560+0000] {dag.py:3328} INFO - Setting next_dagrun for example_task_group_decorator to 2022-10-09T00:14:45.560254+00:00, run_after=2022-10-10T00:14:45.560254+00:00
[2022-10-10T00:14:45.594+0000] {processor.py:178} INFO - Processing /home/airflow/.local/lib/python3.7/site-packages/airflow/example_dags/example_task_group_decorator.py took 0.188 seconds
[2022-10-10T00:15:15.820+0000] {processor.py:156} INFO - Started process (PID=19337) to work on /home/airflow/.local/lib/python3.7/site-packages/airflow/example_dags/example_task_group_decorator.py
[2022-10-10T00:15:15.821+0000] {processor.py:758} INFO - Processing file /home/airflow/.local/lib/python3.7/site-packages/airflow/example_dags/example_task_group_decorator.py for tasks to queue
[2022-10-10T00:15:15.822+0000] {logging_mixin.py:117} INFO - [2022-10-10T00:15:15.822+0000] {dagbag.py:525} INFO - Filling up the DagBag from /home/airflow/.local/lib/python3.7/site-packages/airflow/example_dags/example_task_group_decorator.py
[2022-10-10T00:15:15.862+0000] {processor.py:768} INFO - DAG(s) dict_keys(['example_task_group_decorator']) retrieved from /home/airflow/.local/lib/python3.7/site-packages/airflow/example_dags/example_task_group_decorator.py
[2022-10-10T00:15:15.926+0000] {logging_mixin.py:117} INFO - [2022-10-10T00:15:15.925+0000] {dag.py:2573} INFO - Sync 1 DAGs
[2022-10-10T00:15:15.970+0000] {logging_mixin.py:117} INFO - [2022-10-10T00:15:15.969+0000] {dag.py:3328} INFO - Setting next_dagrun for example_task_group_decorator to 2022-10-09T00:15:15.969650+00:00, run_after=2022-10-10T00:15:15.969650+00:00
[2022-10-10T00:15:16.003+0000] {processor.py:178} INFO - Processing /home/airflow/.local/lib/python3.7/site-packages/airflow/example_dags/example_task_group_decorator.py took 0.189 seconds
[2022-10-10T00:15:46.165+0000] {processor.py:156} INFO - Started process (PID=19393) to work on /home/airflow/.local/lib/python3.7/site-packages/airflow/example_dags/example_task_group_decorator.py
[2022-10-10T00:15:46.166+0000] {processor.py:758} INFO - Processing file /home/airflow/.local/lib/python3.7/site-packages/airflow/example_dags/example_task_group_decorator.py for tasks to queue
[2022-10-10T00:15:46.166+0000] {logging_mixin.py:117} INFO - [2022-10-10T00:15:46.166+0000] {dagbag.py:525} INFO - Filling up the DagBag from /home/airflow/.local/lib/python3.7/site-packages/airflow/example_dags/example_task_group_decorator.py
[2022-10-10T00:15:46.206+0000] {processor.py:768} INFO - DAG(s) dict_keys(['example_task_group_decorator']) retrieved from /home/airflow/.local/lib/python3.7/site-packages/airflow/example_dags/example_task_group_decorator.py
[2022-10-10T00:15:46.272+0000] {logging_mixin.py:117} INFO - [2022-10-10T00:15:46.271+0000] {dag.py:2573} INFO - Sync 1 DAGs
[2022-10-10T00:15:46.323+0000] {logging_mixin.py:117} INFO - [2022-10-10T00:15:46.323+0000] {dag.py:3328} INFO - Setting next_dagrun for example_task_group_decorator to 2022-10-09T00:15:46.322804+00:00, run_after=2022-10-10T00:15:46.322804+00:00
[2022-10-10T00:15:46.367+0000] {processor.py:178} INFO - Processing /home/airflow/.local/lib/python3.7/site-packages/airflow/example_dags/example_task_group_decorator.py took 0.208 seconds
