[2022-10-10T00:11:04.624+0000] {processor.py:156} INFO - Started process (PID=18917) to work on /home/airflow/.local/lib/python3.7/site-packages/airflow/example_dags/example_short_circuit_decorator.py
[2022-10-10T00:11:04.625+0000] {processor.py:758} INFO - Processing file /home/airflow/.local/lib/python3.7/site-packages/airflow/example_dags/example_short_circuit_decorator.py for tasks to queue
[2022-10-10T00:11:04.626+0000] {logging_mixin.py:117} INFO - [2022-10-10T00:11:04.626+0000] {dagbag.py:525} INFO - Filling up the DagBag from /home/airflow/.local/lib/python3.7/site-packages/airflow/example_dags/example_short_circuit_decorator.py
[2022-10-10T00:11:04.673+0000] {processor.py:768} INFO - DAG(s) dict_keys(['example_short_circuit_decorator']) retrieved from /home/airflow/.local/lib/python3.7/site-packages/airflow/example_dags/example_short_circuit_decorator.py
[2022-10-10T00:11:04.742+0000] {logging_mixin.py:117} INFO - [2022-10-10T00:11:04.742+0000] {dag.py:2573} INFO - Sync 1 DAGs
[2022-10-10T00:11:04.788+0000] {logging_mixin.py:117} INFO - [2022-10-10T00:11:04.788+0000] {dag.py:3328} INFO - Setting next_dagrun for example_short_circuit_decorator to 2022-10-09T00:11:04.787967+00:00, run_after=2022-10-10T00:11:04.787967+00:00
[2022-10-10T00:11:04.835+0000] {processor.py:178} INFO - Processing /home/airflow/.local/lib/python3.7/site-packages/airflow/example_dags/example_short_circuit_decorator.py took 0.215 seconds
[2022-10-10T00:12:13.566+0000] {processor.py:156} INFO - Started process (PID=18973) to work on /home/airflow/.local/lib/python3.7/site-packages/airflow/example_dags/example_short_circuit_decorator.py
[2022-10-10T00:12:13.567+0000] {processor.py:758} INFO - Processing file /home/airflow/.local/lib/python3.7/site-packages/airflow/example_dags/example_short_circuit_decorator.py for tasks to queue
[2022-10-10T00:12:13.568+0000] {logging_mixin.py:117} INFO - [2022-10-10T00:12:13.568+0000] {dagbag.py:525} INFO - Filling up the DagBag from /home/airflow/.local/lib/python3.7/site-packages/airflow/example_dags/example_short_circuit_decorator.py
[2022-10-10T00:12:13.594+0000] {processor.py:768} INFO - DAG(s) dict_keys(['example_short_circuit_decorator']) retrieved from /home/airflow/.local/lib/python3.7/site-packages/airflow/example_dags/example_short_circuit_decorator.py
[2022-10-10T00:12:13.651+0000] {logging_mixin.py:117} INFO - [2022-10-10T00:12:13.651+0000] {dag.py:2573} INFO - Sync 1 DAGs
[2022-10-10T00:12:13.693+0000] {logging_mixin.py:117} INFO - [2022-10-10T00:12:13.693+0000] {dag.py:3328} INFO - Setting next_dagrun for example_short_circuit_decorator to 2022-10-09T00:12:13.693236+00:00, run_after=2022-10-10T00:12:13.693236+00:00
[2022-10-10T00:12:13.726+0000] {processor.py:178} INFO - Processing /home/airflow/.local/lib/python3.7/site-packages/airflow/example_dags/example_short_circuit_decorator.py took 0.166 seconds
[2022-10-10T00:12:44.004+0000] {processor.py:156} INFO - Started process (PID=19038) to work on /home/airflow/.local/lib/python3.7/site-packages/airflow/example_dags/example_short_circuit_decorator.py
[2022-10-10T00:12:44.005+0000] {processor.py:758} INFO - Processing file /home/airflow/.local/lib/python3.7/site-packages/airflow/example_dags/example_short_circuit_decorator.py for tasks to queue
[2022-10-10T00:12:44.006+0000] {logging_mixin.py:117} INFO - [2022-10-10T00:12:44.006+0000] {dagbag.py:525} INFO - Filling up the DagBag from /home/airflow/.local/lib/python3.7/site-packages/airflow/example_dags/example_short_circuit_decorator.py
[2022-10-10T00:12:44.031+0000] {processor.py:768} INFO - DAG(s) dict_keys(['example_short_circuit_decorator']) retrieved from /home/airflow/.local/lib/python3.7/site-packages/airflow/example_dags/example_short_circuit_decorator.py
[2022-10-10T00:12:44.076+0000] {logging_mixin.py:117} INFO - [2022-10-10T00:12:44.076+0000] {dag.py:2573} INFO - Sync 1 DAGs
[2022-10-10T00:12:44.111+0000] {logging_mixin.py:117} INFO - [2022-10-10T00:12:44.111+0000] {dag.py:3328} INFO - Setting next_dagrun for example_short_circuit_decorator to 2022-10-09T00:12:44.110981+00:00, run_after=2022-10-10T00:12:44.110981+00:00
[2022-10-10T00:12:44.136+0000] {processor.py:178} INFO - Processing /home/airflow/.local/lib/python3.7/site-packages/airflow/example_dags/example_short_circuit_decorator.py took 0.137 seconds
[2022-10-10T00:13:14.579+0000] {processor.py:156} INFO - Started process (PID=19102) to work on /home/airflow/.local/lib/python3.7/site-packages/airflow/example_dags/example_short_circuit_decorator.py
[2022-10-10T00:13:14.580+0000] {processor.py:758} INFO - Processing file /home/airflow/.local/lib/python3.7/site-packages/airflow/example_dags/example_short_circuit_decorator.py for tasks to queue
[2022-10-10T00:13:14.580+0000] {logging_mixin.py:117} INFO - [2022-10-10T00:13:14.580+0000] {dagbag.py:525} INFO - Filling up the DagBag from /home/airflow/.local/lib/python3.7/site-packages/airflow/example_dags/example_short_circuit_decorator.py
[2022-10-10T00:13:14.631+0000] {processor.py:768} INFO - DAG(s) dict_keys(['example_short_circuit_decorator']) retrieved from /home/airflow/.local/lib/python3.7/site-packages/airflow/example_dags/example_short_circuit_decorator.py
[2022-10-10T00:13:14.713+0000] {logging_mixin.py:117} INFO - [2022-10-10T00:13:14.713+0000] {dag.py:2573} INFO - Sync 1 DAGs
[2022-10-10T00:13:14.763+0000] {logging_mixin.py:117} INFO - [2022-10-10T00:13:14.763+0000] {dag.py:3328} INFO - Setting next_dagrun for example_short_circuit_decorator to 2022-10-09T00:13:14.762906+00:00, run_after=2022-10-10T00:13:14.762906+00:00
[2022-10-10T00:13:14.805+0000] {processor.py:178} INFO - Processing /home/airflow/.local/lib/python3.7/site-packages/airflow/example_dags/example_short_circuit_decorator.py took 0.230 seconds
[2022-10-10T00:13:45.077+0000] {processor.py:156} INFO - Started process (PID=19158) to work on /home/airflow/.local/lib/python3.7/site-packages/airflow/example_dags/example_short_circuit_decorator.py
[2022-10-10T00:13:45.078+0000] {processor.py:758} INFO - Processing file /home/airflow/.local/lib/python3.7/site-packages/airflow/example_dags/example_short_circuit_decorator.py for tasks to queue
[2022-10-10T00:13:45.079+0000] {logging_mixin.py:117} INFO - [2022-10-10T00:13:45.079+0000] {dagbag.py:525} INFO - Filling up the DagBag from /home/airflow/.local/lib/python3.7/site-packages/airflow/example_dags/example_short_circuit_decorator.py
[2022-10-10T00:13:45.107+0000] {processor.py:768} INFO - DAG(s) dict_keys(['example_short_circuit_decorator']) retrieved from /home/airflow/.local/lib/python3.7/site-packages/airflow/example_dags/example_short_circuit_decorator.py
[2022-10-10T00:13:45.160+0000] {logging_mixin.py:117} INFO - [2022-10-10T00:13:45.160+0000] {dag.py:2573} INFO - Sync 1 DAGs
[2022-10-10T00:13:45.196+0000] {logging_mixin.py:117} INFO - [2022-10-10T00:13:45.196+0000] {dag.py:3328} INFO - Setting next_dagrun for example_short_circuit_decorator to 2022-10-09T00:13:45.195570+00:00, run_after=2022-10-10T00:13:45.195570+00:00
[2022-10-10T00:13:45.233+0000] {processor.py:178} INFO - Processing /home/airflow/.local/lib/python3.7/site-packages/airflow/example_dags/example_short_circuit_decorator.py took 0.162 seconds
[2022-10-10T00:14:16.239+0000] {processor.py:156} INFO - Started process (PID=19224) to work on /home/airflow/.local/lib/python3.7/site-packages/airflow/example_dags/example_short_circuit_decorator.py
[2022-10-10T00:14:16.240+0000] {processor.py:758} INFO - Processing file /home/airflow/.local/lib/python3.7/site-packages/airflow/example_dags/example_short_circuit_decorator.py for tasks to queue
[2022-10-10T00:14:16.241+0000] {logging_mixin.py:117} INFO - [2022-10-10T00:14:16.241+0000] {dagbag.py:525} INFO - Filling up the DagBag from /home/airflow/.local/lib/python3.7/site-packages/airflow/example_dags/example_short_circuit_decorator.py
[2022-10-10T00:14:16.277+0000] {processor.py:768} INFO - DAG(s) dict_keys(['example_short_circuit_decorator']) retrieved from /home/airflow/.local/lib/python3.7/site-packages/airflow/example_dags/example_short_circuit_decorator.py
[2022-10-10T00:14:16.336+0000] {logging_mixin.py:117} INFO - [2022-10-10T00:14:16.336+0000] {dag.py:2573} INFO - Sync 1 DAGs
[2022-10-10T00:14:16.380+0000] {logging_mixin.py:117} INFO - [2022-10-10T00:14:16.380+0000] {dag.py:3328} INFO - Setting next_dagrun for example_short_circuit_decorator to 2022-10-09T00:14:16.380365+00:00, run_after=2022-10-10T00:14:16.380365+00:00
[2022-10-10T00:14:16.409+0000] {processor.py:178} INFO - Processing /home/airflow/.local/lib/python3.7/site-packages/airflow/example_dags/example_short_circuit_decorator.py took 0.174 seconds
[2022-10-10T00:14:47.524+0000] {processor.py:156} INFO - Started process (PID=19280) to work on /home/airflow/.local/lib/python3.7/site-packages/airflow/example_dags/example_short_circuit_decorator.py
[2022-10-10T00:14:47.525+0000] {processor.py:758} INFO - Processing file /home/airflow/.local/lib/python3.7/site-packages/airflow/example_dags/example_short_circuit_decorator.py for tasks to queue
[2022-10-10T00:14:47.526+0000] {logging_mixin.py:117} INFO - [2022-10-10T00:14:47.526+0000] {dagbag.py:525} INFO - Filling up the DagBag from /home/airflow/.local/lib/python3.7/site-packages/airflow/example_dags/example_short_circuit_decorator.py
[2022-10-10T00:14:47.561+0000] {processor.py:768} INFO - DAG(s) dict_keys(['example_short_circuit_decorator']) retrieved from /home/airflow/.local/lib/python3.7/site-packages/airflow/example_dags/example_short_circuit_decorator.py
[2022-10-10T00:14:47.615+0000] {logging_mixin.py:117} INFO - [2022-10-10T00:14:47.615+0000] {dag.py:2573} INFO - Sync 1 DAGs
[2022-10-10T00:14:47.655+0000] {logging_mixin.py:117} INFO - [2022-10-10T00:14:47.654+0000] {dag.py:3328} INFO - Setting next_dagrun for example_short_circuit_decorator to 2022-10-09T00:14:47.654647+00:00, run_after=2022-10-10T00:14:47.654647+00:00
[2022-10-10T00:14:47.684+0000] {processor.py:178} INFO - Processing /home/airflow/.local/lib/python3.7/site-packages/airflow/example_dags/example_short_circuit_decorator.py took 0.166 seconds
[2022-10-10T00:15:18.004+0000] {processor.py:156} INFO - Started process (PID=19346) to work on /home/airflow/.local/lib/python3.7/site-packages/airflow/example_dags/example_short_circuit_decorator.py
[2022-10-10T00:15:18.005+0000] {processor.py:758} INFO - Processing file /home/airflow/.local/lib/python3.7/site-packages/airflow/example_dags/example_short_circuit_decorator.py for tasks to queue
[2022-10-10T00:15:18.006+0000] {logging_mixin.py:117} INFO - [2022-10-10T00:15:18.006+0000] {dagbag.py:525} INFO - Filling up the DagBag from /home/airflow/.local/lib/python3.7/site-packages/airflow/example_dags/example_short_circuit_decorator.py
[2022-10-10T00:15:18.032+0000] {processor.py:768} INFO - DAG(s) dict_keys(['example_short_circuit_decorator']) retrieved from /home/airflow/.local/lib/python3.7/site-packages/airflow/example_dags/example_short_circuit_decorator.py
[2022-10-10T00:15:18.087+0000] {logging_mixin.py:117} INFO - [2022-10-10T00:15:18.087+0000] {dag.py:2573} INFO - Sync 1 DAGs
[2022-10-10T00:15:18.126+0000] {logging_mixin.py:117} INFO - [2022-10-10T00:15:18.125+0000] {dag.py:3328} INFO - Setting next_dagrun for example_short_circuit_decorator to 2022-10-09T00:15:18.125702+00:00, run_after=2022-10-10T00:15:18.125702+00:00
[2022-10-10T00:15:18.149+0000] {processor.py:178} INFO - Processing /home/airflow/.local/lib/python3.7/site-packages/airflow/example_dags/example_short_circuit_decorator.py took 0.150 seconds
[2022-10-10T00:15:48.494+0000] {processor.py:156} INFO - Started process (PID=19411) to work on /home/airflow/.local/lib/python3.7/site-packages/airflow/example_dags/example_short_circuit_decorator.py
[2022-10-10T00:15:48.495+0000] {processor.py:758} INFO - Processing file /home/airflow/.local/lib/python3.7/site-packages/airflow/example_dags/example_short_circuit_decorator.py for tasks to queue
[2022-10-10T00:15:48.497+0000] {logging_mixin.py:117} INFO - [2022-10-10T00:15:48.496+0000] {dagbag.py:525} INFO - Filling up the DagBag from /home/airflow/.local/lib/python3.7/site-packages/airflow/example_dags/example_short_circuit_decorator.py
[2022-10-10T00:15:48.528+0000] {processor.py:768} INFO - DAG(s) dict_keys(['example_short_circuit_decorator']) retrieved from /home/airflow/.local/lib/python3.7/site-packages/airflow/example_dags/example_short_circuit_decorator.py
[2022-10-10T00:15:48.575+0000] {logging_mixin.py:117} INFO - [2022-10-10T00:15:48.575+0000] {dag.py:2573} INFO - Sync 1 DAGs
[2022-10-10T00:15:48.615+0000] {logging_mixin.py:117} INFO - [2022-10-10T00:15:48.615+0000] {dag.py:3328} INFO - Setting next_dagrun for example_short_circuit_decorator to 2022-10-09T00:15:48.614926+00:00, run_after=2022-10-10T00:15:48.614926+00:00
[2022-10-10T00:15:48.647+0000] {processor.py:178} INFO - Processing /home/airflow/.local/lib/python3.7/site-packages/airflow/example_dags/example_short_circuit_decorator.py took 0.159 seconds
