[2022-10-10T00:11:03.600+0000] {processor.py:156} INFO - Started process (PID=18912) to work on /home/airflow/.local/lib/python3.7/site-packages/airflow/example_dags/example_time_delta_sensor_async.py
[2022-10-10T00:11:03.601+0000] {processor.py:758} INFO - Processing file /home/airflow/.local/lib/python3.7/site-packages/airflow/example_dags/example_time_delta_sensor_async.py for tasks to queue
[2022-10-10T00:11:03.602+0000] {logging_mixin.py:117} INFO - [2022-10-10T00:11:03.602+0000] {dagbag.py:525} INFO - Filling up the DagBag from /home/airflow/.local/lib/python3.7/site-packages/airflow/example_dags/example_time_delta_sensor_async.py
[2022-10-10T00:11:03.620+0000] {processor.py:768} INFO - DAG(s) dict_keys(['example_time_delta_sensor_async']) retrieved from /home/airflow/.local/lib/python3.7/site-packages/airflow/example_dags/example_time_delta_sensor_async.py
[2022-10-10T00:11:04.009+0000] {logging_mixin.py:117} INFO - [2022-10-10T00:11:04.009+0000] {dag.py:2573} INFO - Sync 1 DAGs
[2022-10-10T00:11:04.062+0000] {logging_mixin.py:117} INFO - [2022-10-10T00:11:04.062+0000] {dag.py:3328} INFO - Setting next_dagrun for example_time_delta_sensor_async to None, run_after=None
[2022-10-10T00:11:04.099+0000] {processor.py:178} INFO - Processing /home/airflow/.local/lib/python3.7/site-packages/airflow/example_dags/example_time_delta_sensor_async.py took 0.506 seconds
[2022-10-10T00:12:12.945+0000] {processor.py:156} INFO - Started process (PID=18968) to work on /home/airflow/.local/lib/python3.7/site-packages/airflow/example_dags/example_time_delta_sensor_async.py
[2022-10-10T00:12:12.946+0000] {processor.py:758} INFO - Processing file /home/airflow/.local/lib/python3.7/site-packages/airflow/example_dags/example_time_delta_sensor_async.py for tasks to queue
[2022-10-10T00:12:12.947+0000] {logging_mixin.py:117} INFO - [2022-10-10T00:12:12.947+0000] {dagbag.py:525} INFO - Filling up the DagBag from /home/airflow/.local/lib/python3.7/site-packages/airflow/example_dags/example_time_delta_sensor_async.py
[2022-10-10T00:12:12.963+0000] {processor.py:768} INFO - DAG(s) dict_keys(['example_time_delta_sensor_async']) retrieved from /home/airflow/.local/lib/python3.7/site-packages/airflow/example_dags/example_time_delta_sensor_async.py
[2022-10-10T00:12:13.207+0000] {logging_mixin.py:117} INFO - [2022-10-10T00:12:13.207+0000] {dag.py:2573} INFO - Sync 1 DAGs
[2022-10-10T00:12:13.243+0000] {logging_mixin.py:117} INFO - [2022-10-10T00:12:13.243+0000] {dag.py:3328} INFO - Setting next_dagrun for example_time_delta_sensor_async to None, run_after=None
[2022-10-10T00:12:13.270+0000] {processor.py:178} INFO - Processing /home/airflow/.local/lib/python3.7/site-packages/airflow/example_dags/example_time_delta_sensor_async.py took 0.332 seconds
[2022-10-10T00:12:43.451+0000] {processor.py:156} INFO - Started process (PID=19034) to work on /home/airflow/.local/lib/python3.7/site-packages/airflow/example_dags/example_time_delta_sensor_async.py
[2022-10-10T00:12:43.452+0000] {processor.py:758} INFO - Processing file /home/airflow/.local/lib/python3.7/site-packages/airflow/example_dags/example_time_delta_sensor_async.py for tasks to queue
[2022-10-10T00:12:43.453+0000] {logging_mixin.py:117} INFO - [2022-10-10T00:12:43.453+0000] {dagbag.py:525} INFO - Filling up the DagBag from /home/airflow/.local/lib/python3.7/site-packages/airflow/example_dags/example_time_delta_sensor_async.py
[2022-10-10T00:12:43.471+0000] {processor.py:768} INFO - DAG(s) dict_keys(['example_time_delta_sensor_async']) retrieved from /home/airflow/.local/lib/python3.7/site-packages/airflow/example_dags/example_time_delta_sensor_async.py
[2022-10-10T00:12:43.719+0000] {logging_mixin.py:117} INFO - [2022-10-10T00:12:43.718+0000] {dag.py:2573} INFO - Sync 1 DAGs
[2022-10-10T00:12:43.758+0000] {logging_mixin.py:117} INFO - [2022-10-10T00:12:43.758+0000] {dag.py:3328} INFO - Setting next_dagrun for example_time_delta_sensor_async to None, run_after=None
[2022-10-10T00:12:43.789+0000] {processor.py:178} INFO - Processing /home/airflow/.local/lib/python3.7/site-packages/airflow/example_dags/example_time_delta_sensor_async.py took 0.343 seconds
[2022-10-10T00:13:13.842+0000] {processor.py:156} INFO - Started process (PID=19091) to work on /home/airflow/.local/lib/python3.7/site-packages/airflow/example_dags/example_time_delta_sensor_async.py
[2022-10-10T00:13:13.844+0000] {processor.py:758} INFO - Processing file /home/airflow/.local/lib/python3.7/site-packages/airflow/example_dags/example_time_delta_sensor_async.py for tasks to queue
[2022-10-10T00:13:13.845+0000] {logging_mixin.py:117} INFO - [2022-10-10T00:13:13.845+0000] {dagbag.py:525} INFO - Filling up the DagBag from /home/airflow/.local/lib/python3.7/site-packages/airflow/example_dags/example_time_delta_sensor_async.py
[2022-10-10T00:13:13.867+0000] {processor.py:768} INFO - DAG(s) dict_keys(['example_time_delta_sensor_async']) retrieved from /home/airflow/.local/lib/python3.7/site-packages/airflow/example_dags/example_time_delta_sensor_async.py
[2022-10-10T00:13:14.244+0000] {logging_mixin.py:117} INFO - [2022-10-10T00:13:14.243+0000] {dag.py:2573} INFO - Sync 1 DAGs
[2022-10-10T00:13:14.282+0000] {logging_mixin.py:117} INFO - [2022-10-10T00:13:14.282+0000] {dag.py:3328} INFO - Setting next_dagrun for example_time_delta_sensor_async to None, run_after=None
[2022-10-10T00:13:14.313+0000] {processor.py:178} INFO - Processing /home/airflow/.local/lib/python3.7/site-packages/airflow/example_dags/example_time_delta_sensor_async.py took 0.475 seconds
[2022-10-10T00:13:44.661+0000] {processor.py:156} INFO - Started process (PID=19155) to work on /home/airflow/.local/lib/python3.7/site-packages/airflow/example_dags/example_time_delta_sensor_async.py
[2022-10-10T00:13:44.662+0000] {processor.py:758} INFO - Processing file /home/airflow/.local/lib/python3.7/site-packages/airflow/example_dags/example_time_delta_sensor_async.py for tasks to queue
[2022-10-10T00:13:44.663+0000] {logging_mixin.py:117} INFO - [2022-10-10T00:13:44.663+0000] {dagbag.py:525} INFO - Filling up the DagBag from /home/airflow/.local/lib/python3.7/site-packages/airflow/example_dags/example_time_delta_sensor_async.py
[2022-10-10T00:13:44.677+0000] {processor.py:768} INFO - DAG(s) dict_keys(['example_time_delta_sensor_async']) retrieved from /home/airflow/.local/lib/python3.7/site-packages/airflow/example_dags/example_time_delta_sensor_async.py
[2022-10-10T00:13:44.979+0000] {logging_mixin.py:117} INFO - [2022-10-10T00:13:44.979+0000] {dag.py:2573} INFO - Sync 1 DAGs
[2022-10-10T00:13:45.018+0000] {logging_mixin.py:117} INFO - [2022-10-10T00:13:45.018+0000] {dag.py:3328} INFO - Setting next_dagrun for example_time_delta_sensor_async to None, run_after=None
[2022-10-10T00:13:45.049+0000] {processor.py:178} INFO - Processing /home/airflow/.local/lib/python3.7/site-packages/airflow/example_dags/example_time_delta_sensor_async.py took 0.394 seconds
[2022-10-10T00:14:15.795+0000] {processor.py:156} INFO - Started process (PID=19222) to work on /home/airflow/.local/lib/python3.7/site-packages/airflow/example_dags/example_time_delta_sensor_async.py
[2022-10-10T00:14:15.797+0000] {processor.py:758} INFO - Processing file /home/airflow/.local/lib/python3.7/site-packages/airflow/example_dags/example_time_delta_sensor_async.py for tasks to queue
[2022-10-10T00:14:15.798+0000] {logging_mixin.py:117} INFO - [2022-10-10T00:14:15.798+0000] {dagbag.py:525} INFO - Filling up the DagBag from /home/airflow/.local/lib/python3.7/site-packages/airflow/example_dags/example_time_delta_sensor_async.py
[2022-10-10T00:14:15.813+0000] {processor.py:768} INFO - DAG(s) dict_keys(['example_time_delta_sensor_async']) retrieved from /home/airflow/.local/lib/python3.7/site-packages/airflow/example_dags/example_time_delta_sensor_async.py
[2022-10-10T00:14:16.119+0000] {logging_mixin.py:117} INFO - [2022-10-10T00:14:16.119+0000] {dag.py:2573} INFO - Sync 1 DAGs
[2022-10-10T00:14:16.171+0000] {logging_mixin.py:117} INFO - [2022-10-10T00:14:16.170+0000] {dag.py:3328} INFO - Setting next_dagrun for example_time_delta_sensor_async to None, run_after=None
[2022-10-10T00:14:16.209+0000] {processor.py:178} INFO - Processing /home/airflow/.local/lib/python3.7/site-packages/airflow/example_dags/example_time_delta_sensor_async.py took 0.419 seconds
[2022-10-10T00:14:47.140+0000] {processor.py:156} INFO - Started process (PID=19278) to work on /home/airflow/.local/lib/python3.7/site-packages/airflow/example_dags/example_time_delta_sensor_async.py
[2022-10-10T00:14:47.141+0000] {processor.py:758} INFO - Processing file /home/airflow/.local/lib/python3.7/site-packages/airflow/example_dags/example_time_delta_sensor_async.py for tasks to queue
[2022-10-10T00:14:47.143+0000] {logging_mixin.py:117} INFO - [2022-10-10T00:14:47.142+0000] {dagbag.py:525} INFO - Filling up the DagBag from /home/airflow/.local/lib/python3.7/site-packages/airflow/example_dags/example_time_delta_sensor_async.py
[2022-10-10T00:14:47.158+0000] {processor.py:768} INFO - DAG(s) dict_keys(['example_time_delta_sensor_async']) retrieved from /home/airflow/.local/lib/python3.7/site-packages/airflow/example_dags/example_time_delta_sensor_async.py
[2022-10-10T00:14:47.423+0000] {logging_mixin.py:117} INFO - [2022-10-10T00:14:47.423+0000] {dag.py:2573} INFO - Sync 1 DAGs
[2022-10-10T00:14:47.457+0000] {logging_mixin.py:117} INFO - [2022-10-10T00:14:47.457+0000] {dag.py:3328} INFO - Setting next_dagrun for example_time_delta_sensor_async to None, run_after=None
[2022-10-10T00:14:47.499+0000] {processor.py:178} INFO - Processing /home/airflow/.local/lib/python3.7/site-packages/airflow/example_dags/example_time_delta_sensor_async.py took 0.365 seconds
[2022-10-10T00:15:17.622+0000] {processor.py:156} INFO - Started process (PID=19344) to work on /home/airflow/.local/lib/python3.7/site-packages/airflow/example_dags/example_time_delta_sensor_async.py
[2022-10-10T00:15:17.629+0000] {processor.py:758} INFO - Processing file /home/airflow/.local/lib/python3.7/site-packages/airflow/example_dags/example_time_delta_sensor_async.py for tasks to queue
[2022-10-10T00:15:17.630+0000] {logging_mixin.py:117} INFO - [2022-10-10T00:15:17.630+0000] {dagbag.py:525} INFO - Filling up the DagBag from /home/airflow/.local/lib/python3.7/site-packages/airflow/example_dags/example_time_delta_sensor_async.py
[2022-10-10T00:15:17.648+0000] {processor.py:768} INFO - DAG(s) dict_keys(['example_time_delta_sensor_async']) retrieved from /home/airflow/.local/lib/python3.7/site-packages/airflow/example_dags/example_time_delta_sensor_async.py
[2022-10-10T00:15:17.916+0000] {logging_mixin.py:117} INFO - [2022-10-10T00:15:17.915+0000] {dag.py:2573} INFO - Sync 1 DAGs
[2022-10-10T00:15:17.952+0000] {logging_mixin.py:117} INFO - [2022-10-10T00:15:17.952+0000] {dag.py:3328} INFO - Setting next_dagrun for example_time_delta_sensor_async to None, run_after=None
[2022-10-10T00:15:17.977+0000] {processor.py:178} INFO - Processing /home/airflow/.local/lib/python3.7/site-packages/airflow/example_dags/example_time_delta_sensor_async.py took 0.360 seconds
[2022-10-10T00:15:48.019+0000] {processor.py:156} INFO - Started process (PID=19409) to work on /home/airflow/.local/lib/python3.7/site-packages/airflow/example_dags/example_time_delta_sensor_async.py
[2022-10-10T00:15:48.020+0000] {processor.py:758} INFO - Processing file /home/airflow/.local/lib/python3.7/site-packages/airflow/example_dags/example_time_delta_sensor_async.py for tasks to queue
[2022-10-10T00:15:48.021+0000] {logging_mixin.py:117} INFO - [2022-10-10T00:15:48.021+0000] {dagbag.py:525} INFO - Filling up the DagBag from /home/airflow/.local/lib/python3.7/site-packages/airflow/example_dags/example_time_delta_sensor_async.py
[2022-10-10T00:15:48.035+0000] {processor.py:768} INFO - DAG(s) dict_keys(['example_time_delta_sensor_async']) retrieved from /home/airflow/.local/lib/python3.7/site-packages/airflow/example_dags/example_time_delta_sensor_async.py
[2022-10-10T00:15:48.383+0000] {logging_mixin.py:117} INFO - [2022-10-10T00:15:48.383+0000] {dag.py:2573} INFO - Sync 1 DAGs
[2022-10-10T00:15:48.429+0000] {logging_mixin.py:117} INFO - [2022-10-10T00:15:48.428+0000] {dag.py:3328} INFO - Setting next_dagrun for example_time_delta_sensor_async to None, run_after=None
[2022-10-10T00:15:48.463+0000] {processor.py:178} INFO - Processing /home/airflow/.local/lib/python3.7/site-packages/airflow/example_dags/example_time_delta_sensor_async.py took 0.449 seconds
