[2022-10-10T00:11:01.634+0000] {processor.py:156} INFO - Started process (PID=18898) to work on /home/airflow/.local/lib/python3.7/site-packages/airflow/example_dags/example_branch_datetime_operator.py
[2022-10-10T00:11:01.635+0000] {processor.py:758} INFO - Processing file /home/airflow/.local/lib/python3.7/site-packages/airflow/example_dags/example_branch_datetime_operator.py for tasks to queue
[2022-10-10T00:11:01.636+0000] {logging_mixin.py:117} INFO - [2022-10-10T00:11:01.636+0000] {dagbag.py:525} INFO - Filling up the DagBag from /home/airflow/.local/lib/python3.7/site-packages/airflow/example_dags/example_branch_datetime_operator.py
[2022-10-10T00:11:01.674+0000] {processor.py:768} INFO - DAG(s) dict_keys(['example_branch_datetime_operator_3', 'example_branch_datetime_operator_2', 'example_branch_datetime_operator']) retrieved from /home/airflow/.local/lib/python3.7/site-packages/airflow/example_dags/example_branch_datetime_operator.py
[2022-10-10T00:11:01.762+0000] {logging_mixin.py:117} INFO - [2022-10-10T00:11:01.761+0000] {dag.py:2573} INFO - Sync 3 DAGs
[2022-10-10T00:11:01.823+0000] {logging_mixin.py:117} INFO - [2022-10-10T00:11:01.822+0000] {dag.py:3328} INFO - Setting next_dagrun for example_branch_datetime_operator to 2022-10-09T00:00:00+00:00, run_after=2022-10-10T00:00:00+00:00
[2022-10-10T00:11:01.833+0000] {logging_mixin.py:117} INFO - [2022-10-10T00:11:01.833+0000] {dag.py:3328} INFO - Setting next_dagrun for example_branch_datetime_operator_2 to 2022-10-09T00:00:00+00:00, run_after=2022-10-10T00:00:00+00:00
[2022-10-10T00:11:01.839+0000] {logging_mixin.py:117} INFO - [2022-10-10T00:11:01.838+0000] {dag.py:3328} INFO - Setting next_dagrun for example_branch_datetime_operator_3 to 2022-10-09T00:00:00+00:00, run_after=2022-10-10T00:00:00+00:00
[2022-10-10T00:11:01.878+0000] {processor.py:178} INFO - Processing /home/airflow/.local/lib/python3.7/site-packages/airflow/example_dags/example_branch_datetime_operator.py took 0.249 seconds
[2022-10-10T00:12:11.132+0000] {processor.py:156} INFO - Started process (PID=18954) to work on /home/airflow/.local/lib/python3.7/site-packages/airflow/example_dags/example_branch_datetime_operator.py
[2022-10-10T00:12:11.133+0000] {processor.py:758} INFO - Processing file /home/airflow/.local/lib/python3.7/site-packages/airflow/example_dags/example_branch_datetime_operator.py for tasks to queue
[2022-10-10T00:12:11.134+0000] {logging_mixin.py:117} INFO - [2022-10-10T00:12:11.133+0000] {dagbag.py:525} INFO - Filling up the DagBag from /home/airflow/.local/lib/python3.7/site-packages/airflow/example_dags/example_branch_datetime_operator.py
[2022-10-10T00:12:11.167+0000] {processor.py:768} INFO - DAG(s) dict_keys(['example_branch_datetime_operator', 'example_branch_datetime_operator_2', 'example_branch_datetime_operator_3']) retrieved from /home/airflow/.local/lib/python3.7/site-packages/airflow/example_dags/example_branch_datetime_operator.py
[2022-10-10T00:12:11.240+0000] {logging_mixin.py:117} INFO - [2022-10-10T00:12:11.239+0000] {dag.py:2573} INFO - Sync 3 DAGs
[2022-10-10T00:12:11.292+0000] {logging_mixin.py:117} INFO - [2022-10-10T00:12:11.292+0000] {dag.py:3328} INFO - Setting next_dagrun for example_branch_datetime_operator to 2022-10-09T00:00:00+00:00, run_after=2022-10-10T00:00:00+00:00
[2022-10-10T00:12:11.304+0000] {logging_mixin.py:117} INFO - [2022-10-10T00:12:11.303+0000] {dag.py:3328} INFO - Setting next_dagrun for example_branch_datetime_operator_2 to 2022-10-09T00:00:00+00:00, run_after=2022-10-10T00:00:00+00:00
[2022-10-10T00:12:11.310+0000] {logging_mixin.py:117} INFO - [2022-10-10T00:12:11.309+0000] {dag.py:3328} INFO - Setting next_dagrun for example_branch_datetime_operator_3 to 2022-10-09T00:00:00+00:00, run_after=2022-10-10T00:00:00+00:00
[2022-10-10T00:12:11.348+0000] {processor.py:178} INFO - Processing /home/airflow/.local/lib/python3.7/site-packages/airflow/example_dags/example_branch_datetime_operator.py took 0.220 seconds
[2022-10-10T00:12:41.556+0000] {processor.py:156} INFO - Started process (PID=19019) to work on /home/airflow/.local/lib/python3.7/site-packages/airflow/example_dags/example_branch_datetime_operator.py
[2022-10-10T00:12:41.557+0000] {processor.py:758} INFO - Processing file /home/airflow/.local/lib/python3.7/site-packages/airflow/example_dags/example_branch_datetime_operator.py for tasks to queue
[2022-10-10T00:12:41.557+0000] {logging_mixin.py:117} INFO - [2022-10-10T00:12:41.557+0000] {dagbag.py:525} INFO - Filling up the DagBag from /home/airflow/.local/lib/python3.7/site-packages/airflow/example_dags/example_branch_datetime_operator.py
[2022-10-10T00:12:41.577+0000] {processor.py:768} INFO - DAG(s) dict_keys(['example_branch_datetime_operator_2', 'example_branch_datetime_operator', 'example_branch_datetime_operator_3']) retrieved from /home/airflow/.local/lib/python3.7/site-packages/airflow/example_dags/example_branch_datetime_operator.py
[2022-10-10T00:12:41.637+0000] {logging_mixin.py:117} INFO - [2022-10-10T00:12:41.637+0000] {dag.py:2573} INFO - Sync 3 DAGs
[2022-10-10T00:12:41.678+0000] {logging_mixin.py:117} INFO - [2022-10-10T00:12:41.678+0000] {dag.py:3328} INFO - Setting next_dagrun for example_branch_datetime_operator to 2022-10-09T00:00:00+00:00, run_after=2022-10-10T00:00:00+00:00
[2022-10-10T00:12:41.685+0000] {logging_mixin.py:117} INFO - [2022-10-10T00:12:41.685+0000] {dag.py:3328} INFO - Setting next_dagrun for example_branch_datetime_operator_2 to 2022-10-09T00:00:00+00:00, run_after=2022-10-10T00:00:00+00:00
[2022-10-10T00:12:41.689+0000] {logging_mixin.py:117} INFO - [2022-10-10T00:12:41.688+0000] {dag.py:3328} INFO - Setting next_dagrun for example_branch_datetime_operator_3 to 2022-10-09T00:00:00+00:00, run_after=2022-10-10T00:00:00+00:00
[2022-10-10T00:12:41.713+0000] {processor.py:178} INFO - Processing /home/airflow/.local/lib/python3.7/site-packages/airflow/example_dags/example_branch_datetime_operator.py took 0.159 seconds
[2022-10-10T00:13:12.012+0000] {processor.py:156} INFO - Started process (PID=19075) to work on /home/airflow/.local/lib/python3.7/site-packages/airflow/example_dags/example_branch_datetime_operator.py
[2022-10-10T00:13:12.013+0000] {processor.py:758} INFO - Processing file /home/airflow/.local/lib/python3.7/site-packages/airflow/example_dags/example_branch_datetime_operator.py for tasks to queue
[2022-10-10T00:13:12.014+0000] {logging_mixin.py:117} INFO - [2022-10-10T00:13:12.014+0000] {dagbag.py:525} INFO - Filling up the DagBag from /home/airflow/.local/lib/python3.7/site-packages/airflow/example_dags/example_branch_datetime_operator.py
[2022-10-10T00:13:12.038+0000] {processor.py:768} INFO - DAG(s) dict_keys(['example_branch_datetime_operator_2', 'example_branch_datetime_operator_3', 'example_branch_datetime_operator']) retrieved from /home/airflow/.local/lib/python3.7/site-packages/airflow/example_dags/example_branch_datetime_operator.py
[2022-10-10T00:13:12.117+0000] {logging_mixin.py:117} INFO - [2022-10-10T00:13:12.117+0000] {dag.py:2573} INFO - Sync 3 DAGs
[2022-10-10T00:13:12.175+0000] {logging_mixin.py:117} INFO - [2022-10-10T00:13:12.174+0000] {dag.py:3328} INFO - Setting next_dagrun for example_branch_datetime_operator to 2022-10-09T00:00:00+00:00, run_after=2022-10-10T00:00:00+00:00
[2022-10-10T00:13:12.185+0000] {logging_mixin.py:117} INFO - [2022-10-10T00:13:12.185+0000] {dag.py:3328} INFO - Setting next_dagrun for example_branch_datetime_operator_2 to 2022-10-09T00:00:00+00:00, run_after=2022-10-10T00:00:00+00:00
[2022-10-10T00:13:12.189+0000] {logging_mixin.py:117} INFO - [2022-10-10T00:13:12.189+0000] {dag.py:3328} INFO - Setting next_dagrun for example_branch_datetime_operator_3 to 2022-10-09T00:00:00+00:00, run_after=2022-10-10T00:00:00+00:00
[2022-10-10T00:13:12.221+0000] {processor.py:178} INFO - Processing /home/airflow/.local/lib/python3.7/site-packages/airflow/example_dags/example_branch_datetime_operator.py took 0.214 seconds
[2022-10-10T00:13:43.050+0000] {processor.py:156} INFO - Started process (PID=19139) to work on /home/airflow/.local/lib/python3.7/site-packages/airflow/example_dags/example_branch_datetime_operator.py
[2022-10-10T00:13:43.051+0000] {processor.py:758} INFO - Processing file /home/airflow/.local/lib/python3.7/site-packages/airflow/example_dags/example_branch_datetime_operator.py for tasks to queue
[2022-10-10T00:13:43.052+0000] {logging_mixin.py:117} INFO - [2022-10-10T00:13:43.051+0000] {dagbag.py:525} INFO - Filling up the DagBag from /home/airflow/.local/lib/python3.7/site-packages/airflow/example_dags/example_branch_datetime_operator.py
[2022-10-10T00:13:43.083+0000] {processor.py:768} INFO - DAG(s) dict_keys(['example_branch_datetime_operator_3', 'example_branch_datetime_operator_2', 'example_branch_datetime_operator']) retrieved from /home/airflow/.local/lib/python3.7/site-packages/airflow/example_dags/example_branch_datetime_operator.py
[2022-10-10T00:13:43.151+0000] {logging_mixin.py:117} INFO - [2022-10-10T00:13:43.151+0000] {dag.py:2573} INFO - Sync 3 DAGs
[2022-10-10T00:13:43.196+0000] {logging_mixin.py:117} INFO - [2022-10-10T00:13:43.196+0000] {dag.py:3328} INFO - Setting next_dagrun for example_branch_datetime_operator to 2022-10-09T00:00:00+00:00, run_after=2022-10-10T00:00:00+00:00
[2022-10-10T00:13:43.205+0000] {logging_mixin.py:117} INFO - [2022-10-10T00:13:43.205+0000] {dag.py:3328} INFO - Setting next_dagrun for example_branch_datetime_operator_2 to 2022-10-09T00:00:00+00:00, run_after=2022-10-10T00:00:00+00:00
[2022-10-10T00:13:43.209+0000] {logging_mixin.py:117} INFO - [2022-10-10T00:13:43.208+0000] {dag.py:3328} INFO - Setting next_dagrun for example_branch_datetime_operator_3 to 2022-10-09T00:00:00+00:00, run_after=2022-10-10T00:00:00+00:00
[2022-10-10T00:13:43.231+0000] {processor.py:178} INFO - Processing /home/airflow/.local/lib/python3.7/site-packages/airflow/example_dags/example_branch_datetime_operator.py took 0.186 seconds
[2022-10-10T00:14:13.591+0000] {processor.py:156} INFO - Started process (PID=19205) to work on /home/airflow/.local/lib/python3.7/site-packages/airflow/example_dags/example_branch_datetime_operator.py
[2022-10-10T00:14:13.592+0000] {processor.py:758} INFO - Processing file /home/airflow/.local/lib/python3.7/site-packages/airflow/example_dags/example_branch_datetime_operator.py for tasks to queue
[2022-10-10T00:14:13.593+0000] {logging_mixin.py:117} INFO - [2022-10-10T00:14:13.592+0000] {dagbag.py:525} INFO - Filling up the DagBag from /home/airflow/.local/lib/python3.7/site-packages/airflow/example_dags/example_branch_datetime_operator.py
[2022-10-10T00:14:13.615+0000] {processor.py:768} INFO - DAG(s) dict_keys(['example_branch_datetime_operator', 'example_branch_datetime_operator_3', 'example_branch_datetime_operator_2']) retrieved from /home/airflow/.local/lib/python3.7/site-packages/airflow/example_dags/example_branch_datetime_operator.py
[2022-10-10T00:14:13.694+0000] {logging_mixin.py:117} INFO - [2022-10-10T00:14:13.693+0000] {dag.py:2573} INFO - Sync 3 DAGs
[2022-10-10T00:14:13.745+0000] {logging_mixin.py:117} INFO - [2022-10-10T00:14:13.745+0000] {dag.py:3328} INFO - Setting next_dagrun for example_branch_datetime_operator to 2022-10-09T00:00:00+00:00, run_after=2022-10-10T00:00:00+00:00
[2022-10-10T00:14:13.755+0000] {logging_mixin.py:117} INFO - [2022-10-10T00:14:13.755+0000] {dag.py:3328} INFO - Setting next_dagrun for example_branch_datetime_operator_2 to 2022-10-09T00:00:00+00:00, run_after=2022-10-10T00:00:00+00:00
[2022-10-10T00:14:13.761+0000] {logging_mixin.py:117} INFO - [2022-10-10T00:14:13.760+0000] {dag.py:3328} INFO - Setting next_dagrun for example_branch_datetime_operator_3 to 2022-10-09T00:00:00+00:00, run_after=2022-10-10T00:00:00+00:00
[2022-10-10T00:14:13.794+0000] {processor.py:178} INFO - Processing /home/airflow/.local/lib/python3.7/site-packages/airflow/example_dags/example_branch_datetime_operator.py took 0.209 seconds
[2022-10-10T00:14:44.376+0000] {processor.py:156} INFO - Started process (PID=19261) to work on /home/airflow/.local/lib/python3.7/site-packages/airflow/example_dags/example_branch_datetime_operator.py
[2022-10-10T00:14:44.377+0000] {processor.py:758} INFO - Processing file /home/airflow/.local/lib/python3.7/site-packages/airflow/example_dags/example_branch_datetime_operator.py for tasks to queue
[2022-10-10T00:14:44.377+0000] {logging_mixin.py:117} INFO - [2022-10-10T00:14:44.377+0000] {dagbag.py:525} INFO - Filling up the DagBag from /home/airflow/.local/lib/python3.7/site-packages/airflow/example_dags/example_branch_datetime_operator.py
[2022-10-10T00:14:44.402+0000] {processor.py:768} INFO - DAG(s) dict_keys(['example_branch_datetime_operator_3', 'example_branch_datetime_operator', 'example_branch_datetime_operator_2']) retrieved from /home/airflow/.local/lib/python3.7/site-packages/airflow/example_dags/example_branch_datetime_operator.py
[2022-10-10T00:14:44.472+0000] {logging_mixin.py:117} INFO - [2022-10-10T00:14:44.472+0000] {dag.py:2573} INFO - Sync 3 DAGs
[2022-10-10T00:14:44.510+0000] {logging_mixin.py:117} INFO - [2022-10-10T00:14:44.509+0000] {dag.py:3328} INFO - Setting next_dagrun for example_branch_datetime_operator to 2022-10-09T00:00:00+00:00, run_after=2022-10-10T00:00:00+00:00
[2022-10-10T00:14:44.516+0000] {logging_mixin.py:117} INFO - [2022-10-10T00:14:44.516+0000] {dag.py:3328} INFO - Setting next_dagrun for example_branch_datetime_operator_2 to 2022-10-09T00:00:00+00:00, run_after=2022-10-10T00:00:00+00:00
[2022-10-10T00:14:44.520+0000] {logging_mixin.py:117} INFO - [2022-10-10T00:14:44.520+0000] {dag.py:3328} INFO - Setting next_dagrun for example_branch_datetime_operator_3 to 2022-10-09T00:00:00+00:00, run_after=2022-10-10T00:00:00+00:00
[2022-10-10T00:14:44.548+0000] {processor.py:178} INFO - Processing /home/airflow/.local/lib/python3.7/site-packages/airflow/example_dags/example_branch_datetime_operator.py took 0.177 seconds
[2022-10-10T00:15:14.748+0000] {processor.py:156} INFO - Started process (PID=19327) to work on /home/airflow/.local/lib/python3.7/site-packages/airflow/example_dags/example_branch_datetime_operator.py
[2022-10-10T00:15:14.749+0000] {processor.py:758} INFO - Processing file /home/airflow/.local/lib/python3.7/site-packages/airflow/example_dags/example_branch_datetime_operator.py for tasks to queue
[2022-10-10T00:15:14.749+0000] {logging_mixin.py:117} INFO - [2022-10-10T00:15:14.749+0000] {dagbag.py:525} INFO - Filling up the DagBag from /home/airflow/.local/lib/python3.7/site-packages/airflow/example_dags/example_branch_datetime_operator.py
[2022-10-10T00:15:14.772+0000] {processor.py:768} INFO - DAG(s) dict_keys(['example_branch_datetime_operator', 'example_branch_datetime_operator_2', 'example_branch_datetime_operator_3']) retrieved from /home/airflow/.local/lib/python3.7/site-packages/airflow/example_dags/example_branch_datetime_operator.py
[2022-10-10T00:15:14.834+0000] {logging_mixin.py:117} INFO - [2022-10-10T00:15:14.834+0000] {dag.py:2573} INFO - Sync 3 DAGs
[2022-10-10T00:15:14.874+0000] {logging_mixin.py:117} INFO - [2022-10-10T00:15:14.874+0000] {dag.py:3328} INFO - Setting next_dagrun for example_branch_datetime_operator to 2022-10-09T00:00:00+00:00, run_after=2022-10-10T00:00:00+00:00
[2022-10-10T00:15:14.880+0000] {logging_mixin.py:117} INFO - [2022-10-10T00:15:14.880+0000] {dag.py:3328} INFO - Setting next_dagrun for example_branch_datetime_operator_2 to 2022-10-09T00:00:00+00:00, run_after=2022-10-10T00:00:00+00:00
[2022-10-10T00:15:14.884+0000] {logging_mixin.py:117} INFO - [2022-10-10T00:15:14.884+0000] {dag.py:3328} INFO - Setting next_dagrun for example_branch_datetime_operator_3 to 2022-10-09T00:00:00+00:00, run_after=2022-10-10T00:00:00+00:00
[2022-10-10T00:15:14.905+0000] {processor.py:178} INFO - Processing /home/airflow/.local/lib/python3.7/site-packages/airflow/example_dags/example_branch_datetime_operator.py took 0.163 seconds
[2022-10-10T00:15:45.103+0000] {processor.py:156} INFO - Started process (PID=19383) to work on /home/airflow/.local/lib/python3.7/site-packages/airflow/example_dags/example_branch_datetime_operator.py
[2022-10-10T00:15:45.104+0000] {processor.py:758} INFO - Processing file /home/airflow/.local/lib/python3.7/site-packages/airflow/example_dags/example_branch_datetime_operator.py for tasks to queue
[2022-10-10T00:15:45.105+0000] {logging_mixin.py:117} INFO - [2022-10-10T00:15:45.105+0000] {dagbag.py:525} INFO - Filling up the DagBag from /home/airflow/.local/lib/python3.7/site-packages/airflow/example_dags/example_branch_datetime_operator.py
[2022-10-10T00:15:45.124+0000] {processor.py:768} INFO - DAG(s) dict_keys(['example_branch_datetime_operator_2', 'example_branch_datetime_operator', 'example_branch_datetime_operator_3']) retrieved from /home/airflow/.local/lib/python3.7/site-packages/airflow/example_dags/example_branch_datetime_operator.py
[2022-10-10T00:15:45.181+0000] {logging_mixin.py:117} INFO - [2022-10-10T00:15:45.181+0000] {dag.py:2573} INFO - Sync 3 DAGs
[2022-10-10T00:15:45.225+0000] {logging_mixin.py:117} INFO - [2022-10-10T00:15:45.224+0000] {dag.py:3328} INFO - Setting next_dagrun for example_branch_datetime_operator to 2022-10-09T00:00:00+00:00, run_after=2022-10-10T00:00:00+00:00
[2022-10-10T00:15:45.231+0000] {logging_mixin.py:117} INFO - [2022-10-10T00:15:45.231+0000] {dag.py:3328} INFO - Setting next_dagrun for example_branch_datetime_operator_2 to 2022-10-09T00:00:00+00:00, run_after=2022-10-10T00:00:00+00:00
[2022-10-10T00:15:45.235+0000] {logging_mixin.py:117} INFO - [2022-10-10T00:15:45.234+0000] {dag.py:3328} INFO - Setting next_dagrun for example_branch_datetime_operator_3 to 2022-10-09T00:00:00+00:00, run_after=2022-10-10T00:00:00+00:00
[2022-10-10T00:15:45.263+0000] {processor.py:178} INFO - Processing /home/airflow/.local/lib/python3.7/site-packages/airflow/example_dags/example_branch_datetime_operator.py took 0.166 seconds
