[2022-10-10T00:11:05.390+0000] {processor.py:156} INFO - Started process (PID=18922) to work on /home/airflow/.local/lib/python3.7/site-packages/airflow/example_dags/example_local_kubernetes_executor.py
[2022-10-10T00:11:05.391+0000] {processor.py:758} INFO - Processing file /home/airflow/.local/lib/python3.7/site-packages/airflow/example_dags/example_local_kubernetes_executor.py for tasks to queue
[2022-10-10T00:11:05.392+0000] {logging_mixin.py:117} INFO - [2022-10-10T00:11:05.392+0000] {dagbag.py:525} INFO - Filling up the DagBag from /home/airflow/.local/lib/python3.7/site-packages/airflow/example_dags/example_local_kubernetes_executor.py
[2022-10-10T00:11:05.431+0000] {processor.py:768} INFO - DAG(s) dict_keys(['example_local_kubernetes_executor']) retrieved from /home/airflow/.local/lib/python3.7/site-packages/airflow/example_dags/example_local_kubernetes_executor.py
[2022-10-10T00:11:05.496+0000] {logging_mixin.py:117} INFO - [2022-10-10T00:11:05.496+0000] {dag.py:2573} INFO - Sync 1 DAGs
[2022-10-10T00:11:05.547+0000] {logging_mixin.py:117} INFO - [2022-10-10T00:11:05.547+0000] {dag.py:3328} INFO - Setting next_dagrun for example_local_kubernetes_executor to None, run_after=None
[2022-10-10T00:11:05.588+0000] {processor.py:178} INFO - Processing /home/airflow/.local/lib/python3.7/site-packages/airflow/example_dags/example_local_kubernetes_executor.py took 0.201 seconds
[2022-10-10T00:12:14.114+0000] {processor.py:156} INFO - Started process (PID=18978) to work on /home/airflow/.local/lib/python3.7/site-packages/airflow/example_dags/example_local_kubernetes_executor.py
[2022-10-10T00:12:14.115+0000] {processor.py:758} INFO - Processing file /home/airflow/.local/lib/python3.7/site-packages/airflow/example_dags/example_local_kubernetes_executor.py for tasks to queue
[2022-10-10T00:12:14.115+0000] {logging_mixin.py:117} INFO - [2022-10-10T00:12:14.115+0000] {dagbag.py:525} INFO - Filling up the DagBag from /home/airflow/.local/lib/python3.7/site-packages/airflow/example_dags/example_local_kubernetes_executor.py
[2022-10-10T00:12:14.143+0000] {processor.py:768} INFO - DAG(s) dict_keys(['example_local_kubernetes_executor']) retrieved from /home/airflow/.local/lib/python3.7/site-packages/airflow/example_dags/example_local_kubernetes_executor.py
[2022-10-10T00:12:14.190+0000] {logging_mixin.py:117} INFO - [2022-10-10T00:12:14.189+0000] {dag.py:2573} INFO - Sync 1 DAGs
[2022-10-10T00:12:14.229+0000] {logging_mixin.py:117} INFO - [2022-10-10T00:12:14.229+0000] {dag.py:3328} INFO - Setting next_dagrun for example_local_kubernetes_executor to None, run_after=None
[2022-10-10T00:12:14.263+0000] {processor.py:178} INFO - Processing /home/airflow/.local/lib/python3.7/site-packages/airflow/example_dags/example_local_kubernetes_executor.py took 0.152 seconds
[2022-10-10T00:12:44.529+0000] {processor.py:156} INFO - Started process (PID=19043) to work on /home/airflow/.local/lib/python3.7/site-packages/airflow/example_dags/example_local_kubernetes_executor.py
[2022-10-10T00:12:44.531+0000] {processor.py:758} INFO - Processing file /home/airflow/.local/lib/python3.7/site-packages/airflow/example_dags/example_local_kubernetes_executor.py for tasks to queue
[2022-10-10T00:12:44.532+0000] {logging_mixin.py:117} INFO - [2022-10-10T00:12:44.531+0000] {dagbag.py:525} INFO - Filling up the DagBag from /home/airflow/.local/lib/python3.7/site-packages/airflow/example_dags/example_local_kubernetes_executor.py
[2022-10-10T00:12:44.555+0000] {processor.py:768} INFO - DAG(s) dict_keys(['example_local_kubernetes_executor']) retrieved from /home/airflow/.local/lib/python3.7/site-packages/airflow/example_dags/example_local_kubernetes_executor.py
[2022-10-10T00:12:44.613+0000] {logging_mixin.py:117} INFO - [2022-10-10T00:12:44.613+0000] {dag.py:2573} INFO - Sync 1 DAGs
[2022-10-10T00:12:44.651+0000] {logging_mixin.py:117} INFO - [2022-10-10T00:12:44.650+0000] {dag.py:3328} INFO - Setting next_dagrun for example_local_kubernetes_executor to None, run_after=None
[2022-10-10T00:12:44.677+0000] {processor.py:178} INFO - Processing /home/airflow/.local/lib/python3.7/site-packages/airflow/example_dags/example_local_kubernetes_executor.py took 0.152 seconds
[2022-10-10T00:13:15.366+0000] {processor.py:156} INFO - Started process (PID=19107) to work on /home/airflow/.local/lib/python3.7/site-packages/airflow/example_dags/example_local_kubernetes_executor.py
[2022-10-10T00:13:15.367+0000] {processor.py:758} INFO - Processing file /home/airflow/.local/lib/python3.7/site-packages/airflow/example_dags/example_local_kubernetes_executor.py for tasks to queue
[2022-10-10T00:13:15.367+0000] {logging_mixin.py:117} INFO - [2022-10-10T00:13:15.367+0000] {dagbag.py:525} INFO - Filling up the DagBag from /home/airflow/.local/lib/python3.7/site-packages/airflow/example_dags/example_local_kubernetes_executor.py
[2022-10-10T00:13:15.406+0000] {processor.py:768} INFO - DAG(s) dict_keys(['example_local_kubernetes_executor']) retrieved from /home/airflow/.local/lib/python3.7/site-packages/airflow/example_dags/example_local_kubernetes_executor.py
[2022-10-10T00:13:15.469+0000] {logging_mixin.py:117} INFO - [2022-10-10T00:13:15.469+0000] {dag.py:2573} INFO - Sync 1 DAGs
[2022-10-10T00:13:15.521+0000] {logging_mixin.py:117} INFO - [2022-10-10T00:13:15.520+0000] {dag.py:3328} INFO - Setting next_dagrun for example_local_kubernetes_executor to None, run_after=None
[2022-10-10T00:13:15.562+0000] {processor.py:178} INFO - Processing /home/airflow/.local/lib/python3.7/site-packages/airflow/example_dags/example_local_kubernetes_executor.py took 0.200 seconds
[2022-10-10T00:13:45.952+0000] {processor.py:156} INFO - Started process (PID=19163) to work on /home/airflow/.local/lib/python3.7/site-packages/airflow/example_dags/example_local_kubernetes_executor.py
[2022-10-10T00:13:45.954+0000] {processor.py:758} INFO - Processing file /home/airflow/.local/lib/python3.7/site-packages/airflow/example_dags/example_local_kubernetes_executor.py for tasks to queue
[2022-10-10T00:13:45.955+0000] {logging_mixin.py:117} INFO - [2022-10-10T00:13:45.954+0000] {dagbag.py:525} INFO - Filling up the DagBag from /home/airflow/.local/lib/python3.7/site-packages/airflow/example_dags/example_local_kubernetes_executor.py
[2022-10-10T00:13:45.984+0000] {processor.py:768} INFO - DAG(s) dict_keys(['example_local_kubernetes_executor']) retrieved from /home/airflow/.local/lib/python3.7/site-packages/airflow/example_dags/example_local_kubernetes_executor.py
[2022-10-10T00:13:46.036+0000] {logging_mixin.py:117} INFO - [2022-10-10T00:13:46.036+0000] {dag.py:2573} INFO - Sync 1 DAGs
[2022-10-10T00:13:46.081+0000] {logging_mixin.py:117} INFO - [2022-10-10T00:13:46.081+0000] {dag.py:3328} INFO - Setting next_dagrun for example_local_kubernetes_executor to None, run_after=None
[2022-10-10T00:13:46.120+0000] {processor.py:178} INFO - Processing /home/airflow/.local/lib/python3.7/site-packages/airflow/example_dags/example_local_kubernetes_executor.py took 0.174 seconds
[2022-10-10T00:14:16.803+0000] {processor.py:156} INFO - Started process (PID=19229) to work on /home/airflow/.local/lib/python3.7/site-packages/airflow/example_dags/example_local_kubernetes_executor.py
[2022-10-10T00:14:16.804+0000] {processor.py:758} INFO - Processing file /home/airflow/.local/lib/python3.7/site-packages/airflow/example_dags/example_local_kubernetes_executor.py for tasks to queue
[2022-10-10T00:14:16.805+0000] {logging_mixin.py:117} INFO - [2022-10-10T00:14:16.805+0000] {dagbag.py:525} INFO - Filling up the DagBag from /home/airflow/.local/lib/python3.7/site-packages/airflow/example_dags/example_local_kubernetes_executor.py
[2022-10-10T00:14:16.827+0000] {processor.py:768} INFO - DAG(s) dict_keys(['example_local_kubernetes_executor']) retrieved from /home/airflow/.local/lib/python3.7/site-packages/airflow/example_dags/example_local_kubernetes_executor.py
[2022-10-10T00:14:16.875+0000] {logging_mixin.py:117} INFO - [2022-10-10T00:14:16.874+0000] {dag.py:2573} INFO - Sync 1 DAGs
[2022-10-10T00:14:16.912+0000] {logging_mixin.py:117} INFO - [2022-10-10T00:14:16.912+0000] {dag.py:3328} INFO - Setting next_dagrun for example_local_kubernetes_executor to None, run_after=None
[2022-10-10T00:14:16.940+0000] {processor.py:178} INFO - Processing /home/airflow/.local/lib/python3.7/site-packages/airflow/example_dags/example_local_kubernetes_executor.py took 0.143 seconds
[2022-10-10T00:14:48.124+0000] {processor.py:156} INFO - Started process (PID=19285) to work on /home/airflow/.local/lib/python3.7/site-packages/airflow/example_dags/example_local_kubernetes_executor.py
[2022-10-10T00:14:48.125+0000] {processor.py:758} INFO - Processing file /home/airflow/.local/lib/python3.7/site-packages/airflow/example_dags/example_local_kubernetes_executor.py for tasks to queue
[2022-10-10T00:14:48.126+0000] {logging_mixin.py:117} INFO - [2022-10-10T00:14:48.126+0000] {dagbag.py:525} INFO - Filling up the DagBag from /home/airflow/.local/lib/python3.7/site-packages/airflow/example_dags/example_local_kubernetes_executor.py
[2022-10-10T00:14:48.154+0000] {processor.py:768} INFO - DAG(s) dict_keys(['example_local_kubernetes_executor']) retrieved from /home/airflow/.local/lib/python3.7/site-packages/airflow/example_dags/example_local_kubernetes_executor.py
[2022-10-10T00:14:48.212+0000] {logging_mixin.py:117} INFO - [2022-10-10T00:14:48.211+0000] {dag.py:2573} INFO - Sync 1 DAGs
[2022-10-10T00:14:48.255+0000] {logging_mixin.py:117} INFO - [2022-10-10T00:14:48.255+0000] {dag.py:3328} INFO - Setting next_dagrun for example_local_kubernetes_executor to None, run_after=None
[2022-10-10T00:14:48.292+0000] {processor.py:178} INFO - Processing /home/airflow/.local/lib/python3.7/site-packages/airflow/example_dags/example_local_kubernetes_executor.py took 0.175 seconds
[2022-10-10T00:15:18.535+0000] {processor.py:156} INFO - Started process (PID=19351) to work on /home/airflow/.local/lib/python3.7/site-packages/airflow/example_dags/example_local_kubernetes_executor.py
[2022-10-10T00:15:18.537+0000] {processor.py:758} INFO - Processing file /home/airflow/.local/lib/python3.7/site-packages/airflow/example_dags/example_local_kubernetes_executor.py for tasks to queue
[2022-10-10T00:15:18.538+0000] {logging_mixin.py:117} INFO - [2022-10-10T00:15:18.538+0000] {dagbag.py:525} INFO - Filling up the DagBag from /home/airflow/.local/lib/python3.7/site-packages/airflow/example_dags/example_local_kubernetes_executor.py
[2022-10-10T00:15:18.566+0000] {processor.py:768} INFO - DAG(s) dict_keys(['example_local_kubernetes_executor']) retrieved from /home/airflow/.local/lib/python3.7/site-packages/airflow/example_dags/example_local_kubernetes_executor.py
[2022-10-10T00:15:18.612+0000] {logging_mixin.py:117} INFO - [2022-10-10T00:15:18.612+0000] {dag.py:2573} INFO - Sync 1 DAGs
[2022-10-10T00:15:18.655+0000] {logging_mixin.py:117} INFO - [2022-10-10T00:15:18.655+0000] {dag.py:3328} INFO - Setting next_dagrun for example_local_kubernetes_executor to None, run_after=None
[2022-10-10T00:15:18.678+0000] {processor.py:178} INFO - Processing /home/airflow/.local/lib/python3.7/site-packages/airflow/example_dags/example_local_kubernetes_executor.py took 0.148 seconds
[2022-10-10T00:15:49.059+0000] {processor.py:156} INFO - Started process (PID=19416) to work on /home/airflow/.local/lib/python3.7/site-packages/airflow/example_dags/example_local_kubernetes_executor.py
[2022-10-10T00:15:49.060+0000] {processor.py:758} INFO - Processing file /home/airflow/.local/lib/python3.7/site-packages/airflow/example_dags/example_local_kubernetes_executor.py for tasks to queue
[2022-10-10T00:15:49.061+0000] {logging_mixin.py:117} INFO - [2022-10-10T00:15:49.061+0000] {dagbag.py:525} INFO - Filling up the DagBag from /home/airflow/.local/lib/python3.7/site-packages/airflow/example_dags/example_local_kubernetes_executor.py
[2022-10-10T00:15:49.089+0000] {processor.py:768} INFO - DAG(s) dict_keys(['example_local_kubernetes_executor']) retrieved from /home/airflow/.local/lib/python3.7/site-packages/airflow/example_dags/example_local_kubernetes_executor.py
[2022-10-10T00:15:49.137+0000] {logging_mixin.py:117} INFO - [2022-10-10T00:15:49.137+0000] {dag.py:2573} INFO - Sync 1 DAGs
[2022-10-10T00:15:49.180+0000] {logging_mixin.py:117} INFO - [2022-10-10T00:15:49.179+0000] {dag.py:3328} INFO - Setting next_dagrun for example_local_kubernetes_executor to None, run_after=None
[2022-10-10T00:15:49.207+0000] {processor.py:178} INFO - Processing /home/airflow/.local/lib/python3.7/site-packages/airflow/example_dags/example_local_kubernetes_executor.py took 0.153 seconds
