[2022-10-10T00:11:00.471+0000] {processor.py:156} INFO - Started process (PID=18891) to work on /home/airflow/.local/lib/python3.7/site-packages/airflow/example_dags/example_python_operator.py
[2022-10-10T00:11:00.472+0000] {processor.py:758} INFO - Processing file /home/airflow/.local/lib/python3.7/site-packages/airflow/example_dags/example_python_operator.py for tasks to queue
[2022-10-10T00:11:00.473+0000] {logging_mixin.py:117} INFO - [2022-10-10T00:11:00.473+0000] {dagbag.py:525} INFO - Filling up the DagBag from /home/airflow/.local/lib/python3.7/site-packages/airflow/example_dags/example_python_operator.py
[2022-10-10T00:11:00.582+0000] {processor.py:768} INFO - DAG(s) dict_keys(['example_python_operator']) retrieved from /home/airflow/.local/lib/python3.7/site-packages/airflow/example_dags/example_python_operator.py
[2022-10-10T00:11:00.707+0000] {logging_mixin.py:117} INFO - [2022-10-10T00:11:00.707+0000] {dag.py:2573} INFO - Sync 1 DAGs
[2022-10-10T00:11:00.757+0000] {logging_mixin.py:117} INFO - [2022-10-10T00:11:00.757+0000] {dag.py:3328} INFO - Setting next_dagrun for example_python_operator to None, run_after=None
[2022-10-10T00:11:00.802+0000] {processor.py:178} INFO - Processing /home/airflow/.local/lib/python3.7/site-packages/airflow/example_dags/example_python_operator.py took 0.343 seconds
[2022-10-10T00:12:10.389+0000] {processor.py:156} INFO - Started process (PID=18949) to work on /home/airflow/.local/lib/python3.7/site-packages/airflow/example_dags/example_python_operator.py
[2022-10-10T00:12:10.390+0000] {processor.py:758} INFO - Processing file /home/airflow/.local/lib/python3.7/site-packages/airflow/example_dags/example_python_operator.py for tasks to queue
[2022-10-10T00:12:10.391+0000] {logging_mixin.py:117} INFO - [2022-10-10T00:12:10.391+0000] {dagbag.py:525} INFO - Filling up the DagBag from /home/airflow/.local/lib/python3.7/site-packages/airflow/example_dags/example_python_operator.py
[2022-10-10T00:12:10.438+0000] {processor.py:768} INFO - DAG(s) dict_keys(['example_python_operator']) retrieved from /home/airflow/.local/lib/python3.7/site-packages/airflow/example_dags/example_python_operator.py
[2022-10-10T00:12:10.506+0000] {logging_mixin.py:117} INFO - [2022-10-10T00:12:10.506+0000] {dag.py:2573} INFO - Sync 1 DAGs
[2022-10-10T00:12:10.557+0000] {logging_mixin.py:117} INFO - [2022-10-10T00:12:10.556+0000] {dag.py:3328} INFO - Setting next_dagrun for example_python_operator to None, run_after=None
[2022-10-10T00:12:10.592+0000] {processor.py:178} INFO - Processing /home/airflow/.local/lib/python3.7/site-packages/airflow/example_dags/example_python_operator.py took 0.206 seconds
[2022-10-10T00:12:40.933+0000] {processor.py:156} INFO - Started process (PID=19014) to work on /home/airflow/.local/lib/python3.7/site-packages/airflow/example_dags/example_python_operator.py
[2022-10-10T00:12:40.934+0000] {processor.py:758} INFO - Processing file /home/airflow/.local/lib/python3.7/site-packages/airflow/example_dags/example_python_operator.py for tasks to queue
[2022-10-10T00:12:40.934+0000] {logging_mixin.py:117} INFO - [2022-10-10T00:12:40.934+0000] {dagbag.py:525} INFO - Filling up the DagBag from /home/airflow/.local/lib/python3.7/site-packages/airflow/example_dags/example_python_operator.py
[2022-10-10T00:12:40.969+0000] {processor.py:768} INFO - DAG(s) dict_keys(['example_python_operator']) retrieved from /home/airflow/.local/lib/python3.7/site-packages/airflow/example_dags/example_python_operator.py
[2022-10-10T00:12:41.028+0000] {logging_mixin.py:117} INFO - [2022-10-10T00:12:41.028+0000] {dag.py:2573} INFO - Sync 1 DAGs
[2022-10-10T00:12:41.072+0000] {logging_mixin.py:117} INFO - [2022-10-10T00:12:41.072+0000] {dag.py:3328} INFO - Setting next_dagrun for example_python_operator to None, run_after=None
[2022-10-10T00:12:41.096+0000] {processor.py:178} INFO - Processing /home/airflow/.local/lib/python3.7/site-packages/airflow/example_dags/example_python_operator.py took 0.170 seconds
[2022-10-10T00:13:11.184+0000] {processor.py:156} INFO - Started process (PID=19068) to work on /home/airflow/.local/lib/python3.7/site-packages/airflow/example_dags/example_python_operator.py
[2022-10-10T00:13:11.185+0000] {processor.py:758} INFO - Processing file /home/airflow/.local/lib/python3.7/site-packages/airflow/example_dags/example_python_operator.py for tasks to queue
[2022-10-10T00:13:11.187+0000] {logging_mixin.py:117} INFO - [2022-10-10T00:13:11.186+0000] {dagbag.py:525} INFO - Filling up the DagBag from /home/airflow/.local/lib/python3.7/site-packages/airflow/example_dags/example_python_operator.py
[2022-10-10T00:13:11.224+0000] {processor.py:768} INFO - DAG(s) dict_keys(['example_python_operator']) retrieved from /home/airflow/.local/lib/python3.7/site-packages/airflow/example_dags/example_python_operator.py
[2022-10-10T00:13:11.292+0000] {logging_mixin.py:117} INFO - [2022-10-10T00:13:11.291+0000] {dag.py:2573} INFO - Sync 1 DAGs
[2022-10-10T00:13:11.343+0000] {logging_mixin.py:117} INFO - [2022-10-10T00:13:11.343+0000] {dag.py:3328} INFO - Setting next_dagrun for example_python_operator to None, run_after=None
[2022-10-10T00:13:11.383+0000] {processor.py:178} INFO - Processing /home/airflow/.local/lib/python3.7/site-packages/airflow/example_dags/example_python_operator.py took 0.202 seconds
[2022-10-10T00:13:42.337+0000] {processor.py:156} INFO - Started process (PID=19134) to work on /home/airflow/.local/lib/python3.7/site-packages/airflow/example_dags/example_python_operator.py
[2022-10-10T00:13:42.338+0000] {processor.py:758} INFO - Processing file /home/airflow/.local/lib/python3.7/site-packages/airflow/example_dags/example_python_operator.py for tasks to queue
[2022-10-10T00:13:42.339+0000] {logging_mixin.py:117} INFO - [2022-10-10T00:13:42.339+0000] {dagbag.py:525} INFO - Filling up the DagBag from /home/airflow/.local/lib/python3.7/site-packages/airflow/example_dags/example_python_operator.py
[2022-10-10T00:13:42.379+0000] {processor.py:768} INFO - DAG(s) dict_keys(['example_python_operator']) retrieved from /home/airflow/.local/lib/python3.7/site-packages/airflow/example_dags/example_python_operator.py
[2022-10-10T00:13:42.445+0000] {logging_mixin.py:117} INFO - [2022-10-10T00:13:42.444+0000] {dag.py:2573} INFO - Sync 1 DAGs
[2022-10-10T00:13:42.493+0000] {logging_mixin.py:117} INFO - [2022-10-10T00:13:42.492+0000] {dag.py:3328} INFO - Setting next_dagrun for example_python_operator to None, run_after=None
[2022-10-10T00:13:42.532+0000] {processor.py:178} INFO - Processing /home/airflow/.local/lib/python3.7/site-packages/airflow/example_dags/example_python_operator.py took 0.200 seconds
[2022-10-10T00:14:12.563+0000] {processor.py:156} INFO - Started process (PID=19188) to work on /home/airflow/.local/lib/python3.7/site-packages/airflow/example_dags/example_python_operator.py
[2022-10-10T00:14:12.564+0000] {processor.py:758} INFO - Processing file /home/airflow/.local/lib/python3.7/site-packages/airflow/example_dags/example_python_operator.py for tasks to queue
[2022-10-10T00:14:12.565+0000] {logging_mixin.py:117} INFO - [2022-10-10T00:14:12.565+0000] {dagbag.py:525} INFO - Filling up the DagBag from /home/airflow/.local/lib/python3.7/site-packages/airflow/example_dags/example_python_operator.py
[2022-10-10T00:14:12.598+0000] {processor.py:768} INFO - DAG(s) dict_keys(['example_python_operator']) retrieved from /home/airflow/.local/lib/python3.7/site-packages/airflow/example_dags/example_python_operator.py
[2022-10-10T00:14:12.665+0000] {logging_mixin.py:117} INFO - [2022-10-10T00:14:12.664+0000] {dag.py:2573} INFO - Sync 1 DAGs
[2022-10-10T00:14:12.703+0000] {logging_mixin.py:117} INFO - [2022-10-10T00:14:12.703+0000] {dag.py:3328} INFO - Setting next_dagrun for example_python_operator to None, run_after=None
[2022-10-10T00:14:12.732+0000] {processor.py:178} INFO - Processing /home/airflow/.local/lib/python3.7/site-packages/airflow/example_dags/example_python_operator.py took 0.173 seconds
[2022-10-10T00:14:43.744+0000] {processor.py:156} INFO - Started process (PID=19256) to work on /home/airflow/.local/lib/python3.7/site-packages/airflow/example_dags/example_python_operator.py
[2022-10-10T00:14:43.745+0000] {processor.py:758} INFO - Processing file /home/airflow/.local/lib/python3.7/site-packages/airflow/example_dags/example_python_operator.py for tasks to queue
[2022-10-10T00:14:43.745+0000] {logging_mixin.py:117} INFO - [2022-10-10T00:14:43.745+0000] {dagbag.py:525} INFO - Filling up the DagBag from /home/airflow/.local/lib/python3.7/site-packages/airflow/example_dags/example_python_operator.py
[2022-10-10T00:14:43.772+0000] {processor.py:768} INFO - DAG(s) dict_keys(['example_python_operator']) retrieved from /home/airflow/.local/lib/python3.7/site-packages/airflow/example_dags/example_python_operator.py
[2022-10-10T00:14:43.826+0000] {logging_mixin.py:117} INFO - [2022-10-10T00:14:43.826+0000] {dag.py:2573} INFO - Sync 1 DAGs
[2022-10-10T00:14:43.866+0000] {logging_mixin.py:117} INFO - [2022-10-10T00:14:43.866+0000] {dag.py:3328} INFO - Setting next_dagrun for example_python_operator to None, run_after=None
[2022-10-10T00:14:43.892+0000] {processor.py:178} INFO - Processing /home/airflow/.local/lib/python3.7/site-packages/airflow/example_dags/example_python_operator.py took 0.153 seconds
[2022-10-10T00:15:14.012+0000] {processor.py:156} INFO - Started process (PID=19320) to work on /home/airflow/.local/lib/python3.7/site-packages/airflow/example_dags/example_python_operator.py
[2022-10-10T00:15:14.013+0000] {processor.py:758} INFO - Processing file /home/airflow/.local/lib/python3.7/site-packages/airflow/example_dags/example_python_operator.py for tasks to queue
[2022-10-10T00:15:14.014+0000] {logging_mixin.py:117} INFO - [2022-10-10T00:15:14.014+0000] {dagbag.py:525} INFO - Filling up the DagBag from /home/airflow/.local/lib/python3.7/site-packages/airflow/example_dags/example_python_operator.py
[2022-10-10T00:15:14.038+0000] {processor.py:768} INFO - DAG(s) dict_keys(['example_python_operator']) retrieved from /home/airflow/.local/lib/python3.7/site-packages/airflow/example_dags/example_python_operator.py
[2022-10-10T00:15:14.087+0000] {logging_mixin.py:117} INFO - [2022-10-10T00:15:14.087+0000] {dag.py:2573} INFO - Sync 1 DAGs
[2022-10-10T00:15:14.118+0000] {logging_mixin.py:117} INFO - [2022-10-10T00:15:14.118+0000] {dag.py:3328} INFO - Setting next_dagrun for example_python_operator to None, run_after=None
[2022-10-10T00:15:14.143+0000] {processor.py:178} INFO - Processing /home/airflow/.local/lib/python3.7/site-packages/airflow/example_dags/example_python_operator.py took 0.137 seconds
[2022-10-10T00:15:44.183+0000] {processor.py:156} INFO - Started process (PID=19376) to work on /home/airflow/.local/lib/python3.7/site-packages/airflow/example_dags/example_python_operator.py
[2022-10-10T00:15:44.184+0000] {processor.py:758} INFO - Processing file /home/airflow/.local/lib/python3.7/site-packages/airflow/example_dags/example_python_operator.py for tasks to queue
[2022-10-10T00:15:44.185+0000] {logging_mixin.py:117} INFO - [2022-10-10T00:15:44.185+0000] {dagbag.py:525} INFO - Filling up the DagBag from /home/airflow/.local/lib/python3.7/site-packages/airflow/example_dags/example_python_operator.py
[2022-10-10T00:15:44.227+0000] {processor.py:768} INFO - DAG(s) dict_keys(['example_python_operator']) retrieved from /home/airflow/.local/lib/python3.7/site-packages/airflow/example_dags/example_python_operator.py
[2022-10-10T00:15:44.302+0000] {logging_mixin.py:117} INFO - [2022-10-10T00:15:44.302+0000] {dag.py:2573} INFO - Sync 1 DAGs
[2022-10-10T00:15:44.347+0000] {logging_mixin.py:117} INFO - [2022-10-10T00:15:44.347+0000] {dag.py:3328} INFO - Setting next_dagrun for example_python_operator to None, run_after=None
[2022-10-10T00:15:44.380+0000] {processor.py:178} INFO - Processing /home/airflow/.local/lib/python3.7/site-packages/airflow/example_dags/example_python_operator.py took 0.201 seconds
