[2022-10-10T00:11:01.376+0000] {processor.py:156} INFO - Started process (PID=18896) to work on /home/airflow/.local/lib/python3.7/site-packages/airflow/example_dags/example_xcom.py
[2022-10-10T00:11:01.377+0000] {processor.py:758} INFO - Processing file /home/airflow/.local/lib/python3.7/site-packages/airflow/example_dags/example_xcom.py for tasks to queue
[2022-10-10T00:11:01.379+0000] {logging_mixin.py:117} INFO - [2022-10-10T00:11:01.378+0000] {dagbag.py:525} INFO - Filling up the DagBag from /home/airflow/.local/lib/python3.7/site-packages/airflow/example_dags/example_xcom.py
[2022-10-10T00:11:01.426+0000] {processor.py:768} INFO - DAG(s) dict_keys(['example_xcom']) retrieved from /home/airflow/.local/lib/python3.7/site-packages/airflow/example_dags/example_xcom.py
[2022-10-10T00:11:01.504+0000] {logging_mixin.py:117} INFO - [2022-10-10T00:11:01.503+0000] {dag.py:2573} INFO - Sync 1 DAGs
[2022-10-10T00:11:01.562+0000] {logging_mixin.py:117} INFO - [2022-10-10T00:11:01.561+0000] {dag.py:3328} INFO - Setting next_dagrun for example_xcom to 2021-01-01T00:00:00+00:00, run_after=2021-01-01T00:00:00+00:00
[2022-10-10T00:11:01.602+0000] {processor.py:178} INFO - Processing /home/airflow/.local/lib/python3.7/site-packages/airflow/example_dags/example_xcom.py took 0.230 seconds
[2022-10-10T00:12:10.923+0000] {processor.py:156} INFO - Started process (PID=18952) to work on /home/airflow/.local/lib/python3.7/site-packages/airflow/example_dags/example_xcom.py
[2022-10-10T00:12:10.924+0000] {processor.py:758} INFO - Processing file /home/airflow/.local/lib/python3.7/site-packages/airflow/example_dags/example_xcom.py for tasks to queue
[2022-10-10T00:12:10.925+0000] {logging_mixin.py:117} INFO - [2022-10-10T00:12:10.925+0000] {dagbag.py:525} INFO - Filling up the DagBag from /home/airflow/.local/lib/python3.7/site-packages/airflow/example_dags/example_xcom.py
[2022-10-10T00:12:10.963+0000] {processor.py:768} INFO - DAG(s) dict_keys(['example_xcom']) retrieved from /home/airflow/.local/lib/python3.7/site-packages/airflow/example_dags/example_xcom.py
[2022-10-10T00:12:11.023+0000] {logging_mixin.py:117} INFO - [2022-10-10T00:12:11.023+0000] {dag.py:2573} INFO - Sync 1 DAGs
[2022-10-10T00:12:11.067+0000] {logging_mixin.py:117} INFO - [2022-10-10T00:12:11.066+0000] {dag.py:3328} INFO - Setting next_dagrun for example_xcom to 2021-01-01T00:00:00+00:00, run_after=2021-01-01T00:00:00+00:00
[2022-10-10T00:12:11.105+0000] {processor.py:178} INFO - Processing /home/airflow/.local/lib/python3.7/site-packages/airflow/example_dags/example_xcom.py took 0.186 seconds
[2022-10-10T00:12:41.372+0000] {processor.py:156} INFO - Started process (PID=19017) to work on /home/airflow/.local/lib/python3.7/site-packages/airflow/example_dags/example_xcom.py
[2022-10-10T00:12:41.373+0000] {processor.py:758} INFO - Processing file /home/airflow/.local/lib/python3.7/site-packages/airflow/example_dags/example_xcom.py for tasks to queue
[2022-10-10T00:12:41.374+0000] {logging_mixin.py:117} INFO - [2022-10-10T00:12:41.374+0000] {dagbag.py:525} INFO - Filling up the DagBag from /home/airflow/.local/lib/python3.7/site-packages/airflow/example_dags/example_xcom.py
[2022-10-10T00:12:41.403+0000] {processor.py:768} INFO - DAG(s) dict_keys(['example_xcom']) retrieved from /home/airflow/.local/lib/python3.7/site-packages/airflow/example_dags/example_xcom.py
[2022-10-10T00:12:41.461+0000] {logging_mixin.py:117} INFO - [2022-10-10T00:12:41.461+0000] {dag.py:2573} INFO - Sync 1 DAGs
[2022-10-10T00:12:41.504+0000] {logging_mixin.py:117} INFO - [2022-10-10T00:12:41.503+0000] {dag.py:3328} INFO - Setting next_dagrun for example_xcom to 2021-01-01T00:00:00+00:00, run_after=2021-01-01T00:00:00+00:00
[2022-10-10T00:12:41.527+0000] {processor.py:178} INFO - Processing /home/airflow/.local/lib/python3.7/site-packages/airflow/example_dags/example_xcom.py took 0.161 seconds
[2022-10-10T00:13:11.841+0000] {processor.py:156} INFO - Started process (PID=19073) to work on /home/airflow/.local/lib/python3.7/site-packages/airflow/example_dags/example_xcom.py
[2022-10-10T00:13:11.842+0000] {processor.py:758} INFO - Processing file /home/airflow/.local/lib/python3.7/site-packages/airflow/example_dags/example_xcom.py for tasks to queue
[2022-10-10T00:13:11.843+0000] {logging_mixin.py:117} INFO - [2022-10-10T00:13:11.843+0000] {dagbag.py:525} INFO - Filling up the DagBag from /home/airflow/.local/lib/python3.7/site-packages/airflow/example_dags/example_xcom.py
[2022-10-10T00:13:11.873+0000] {processor.py:768} INFO - DAG(s) dict_keys(['example_xcom']) retrieved from /home/airflow/.local/lib/python3.7/site-packages/airflow/example_dags/example_xcom.py
[2022-10-10T00:13:11.922+0000] {logging_mixin.py:117} INFO - [2022-10-10T00:13:11.921+0000] {dag.py:2573} INFO - Sync 1 DAGs
[2022-10-10T00:13:11.957+0000] {logging_mixin.py:117} INFO - [2022-10-10T00:13:11.956+0000] {dag.py:3328} INFO - Setting next_dagrun for example_xcom to 2021-01-01T00:00:00+00:00, run_after=2021-01-01T00:00:00+00:00
[2022-10-10T00:13:11.982+0000] {processor.py:178} INFO - Processing /home/airflow/.local/lib/python3.7/site-packages/airflow/example_dags/example_xcom.py took 0.145 seconds
[2022-10-10T00:13:42.837+0000] {processor.py:156} INFO - Started process (PID=19137) to work on /home/airflow/.local/lib/python3.7/site-packages/airflow/example_dags/example_xcom.py
[2022-10-10T00:13:42.838+0000] {processor.py:758} INFO - Processing file /home/airflow/.local/lib/python3.7/site-packages/airflow/example_dags/example_xcom.py for tasks to queue
[2022-10-10T00:13:42.839+0000] {logging_mixin.py:117} INFO - [2022-10-10T00:13:42.839+0000] {dagbag.py:525} INFO - Filling up the DagBag from /home/airflow/.local/lib/python3.7/site-packages/airflow/example_dags/example_xcom.py
[2022-10-10T00:13:42.873+0000] {processor.py:768} INFO - DAG(s) dict_keys(['example_xcom']) retrieved from /home/airflow/.local/lib/python3.7/site-packages/airflow/example_dags/example_xcom.py
[2022-10-10T00:13:42.935+0000] {logging_mixin.py:117} INFO - [2022-10-10T00:13:42.935+0000] {dag.py:2573} INFO - Sync 1 DAGs
[2022-10-10T00:13:42.981+0000] {logging_mixin.py:117} INFO - [2022-10-10T00:13:42.981+0000] {dag.py:3328} INFO - Setting next_dagrun for example_xcom to 2021-01-01T00:00:00+00:00, run_after=2021-01-01T00:00:00+00:00
[2022-10-10T00:13:43.017+0000] {processor.py:178} INFO - Processing /home/airflow/.local/lib/python3.7/site-packages/airflow/example_dags/example_xcom.py took 0.185 seconds
[2022-10-10T00:14:13.381+0000] {processor.py:156} INFO - Started process (PID=19203) to work on /home/airflow/.local/lib/python3.7/site-packages/airflow/example_dags/example_xcom.py
[2022-10-10T00:14:13.382+0000] {processor.py:758} INFO - Processing file /home/airflow/.local/lib/python3.7/site-packages/airflow/example_dags/example_xcom.py for tasks to queue
[2022-10-10T00:14:13.383+0000] {logging_mixin.py:117} INFO - [2022-10-10T00:14:13.383+0000] {dagbag.py:525} INFO - Filling up the DagBag from /home/airflow/.local/lib/python3.7/site-packages/airflow/example_dags/example_xcom.py
[2022-10-10T00:14:13.416+0000] {processor.py:768} INFO - DAG(s) dict_keys(['example_xcom']) retrieved from /home/airflow/.local/lib/python3.7/site-packages/airflow/example_dags/example_xcom.py
[2022-10-10T00:14:13.475+0000] {logging_mixin.py:117} INFO - [2022-10-10T00:14:13.474+0000] {dag.py:2573} INFO - Sync 1 DAGs
[2022-10-10T00:14:13.522+0000] {logging_mixin.py:117} INFO - [2022-10-10T00:14:13.522+0000] {dag.py:3328} INFO - Setting next_dagrun for example_xcom to 2021-01-01T00:00:00+00:00, run_after=2021-01-01T00:00:00+00:00
[2022-10-10T00:14:13.555+0000] {processor.py:178} INFO - Processing /home/airflow/.local/lib/python3.7/site-packages/airflow/example_dags/example_xcom.py took 0.179 seconds
[2022-10-10T00:14:44.167+0000] {processor.py:156} INFO - Started process (PID=19259) to work on /home/airflow/.local/lib/python3.7/site-packages/airflow/example_dags/example_xcom.py
[2022-10-10T00:14:44.168+0000] {processor.py:758} INFO - Processing file /home/airflow/.local/lib/python3.7/site-packages/airflow/example_dags/example_xcom.py for tasks to queue
[2022-10-10T00:14:44.170+0000] {logging_mixin.py:117} INFO - [2022-10-10T00:14:44.169+0000] {dagbag.py:525} INFO - Filling up the DagBag from /home/airflow/.local/lib/python3.7/site-packages/airflow/example_dags/example_xcom.py
[2022-10-10T00:14:44.198+0000] {processor.py:768} INFO - DAG(s) dict_keys(['example_xcom']) retrieved from /home/airflow/.local/lib/python3.7/site-packages/airflow/example_dags/example_xcom.py
[2022-10-10T00:14:44.245+0000] {logging_mixin.py:117} INFO - [2022-10-10T00:14:44.244+0000] {dag.py:2573} INFO - Sync 1 DAGs
[2022-10-10T00:14:44.292+0000] {logging_mixin.py:117} INFO - [2022-10-10T00:14:44.292+0000] {dag.py:3328} INFO - Setting next_dagrun for example_xcom to 2021-01-01T00:00:00+00:00, run_after=2021-01-01T00:00:00+00:00
[2022-10-10T00:14:44.317+0000] {processor.py:178} INFO - Processing /home/airflow/.local/lib/python3.7/site-packages/airflow/example_dags/example_xcom.py took 0.154 seconds
[2022-10-10T00:15:14.571+0000] {processor.py:156} INFO - Started process (PID=19325) to work on /home/airflow/.local/lib/python3.7/site-packages/airflow/example_dags/example_xcom.py
[2022-10-10T00:15:14.572+0000] {processor.py:758} INFO - Processing file /home/airflow/.local/lib/python3.7/site-packages/airflow/example_dags/example_xcom.py for tasks to queue
[2022-10-10T00:15:14.573+0000] {logging_mixin.py:117} INFO - [2022-10-10T00:15:14.573+0000] {dagbag.py:525} INFO - Filling up the DagBag from /home/airflow/.local/lib/python3.7/site-packages/airflow/example_dags/example_xcom.py
[2022-10-10T00:15:14.602+0000] {processor.py:768} INFO - DAG(s) dict_keys(['example_xcom']) retrieved from /home/airflow/.local/lib/python3.7/site-packages/airflow/example_dags/example_xcom.py
[2022-10-10T00:15:14.652+0000] {logging_mixin.py:117} INFO - [2022-10-10T00:15:14.652+0000] {dag.py:2573} INFO - Sync 1 DAGs
[2022-10-10T00:15:14.688+0000] {logging_mixin.py:117} INFO - [2022-10-10T00:15:14.688+0000] {dag.py:3328} INFO - Setting next_dagrun for example_xcom to 2021-01-01T00:00:00+00:00, run_after=2021-01-01T00:00:00+00:00
[2022-10-10T00:15:14.716+0000] {processor.py:178} INFO - Processing /home/airflow/.local/lib/python3.7/site-packages/airflow/example_dags/example_xcom.py took 0.151 seconds
[2022-10-10T00:15:44.809+0000] {processor.py:156} INFO - Started process (PID=19381) to work on /home/airflow/.local/lib/python3.7/site-packages/airflow/example_dags/example_xcom.py
[2022-10-10T00:15:44.811+0000] {processor.py:758} INFO - Processing file /home/airflow/.local/lib/python3.7/site-packages/airflow/example_dags/example_xcom.py for tasks to queue
[2022-10-10T00:15:44.812+0000] {logging_mixin.py:117} INFO - [2022-10-10T00:15:44.812+0000] {dagbag.py:525} INFO - Filling up the DagBag from /home/airflow/.local/lib/python3.7/site-packages/airflow/example_dags/example_xcom.py
[2022-10-10T00:15:44.841+0000] {processor.py:768} INFO - DAG(s) dict_keys(['example_xcom']) retrieved from /home/airflow/.local/lib/python3.7/site-packages/airflow/example_dags/example_xcom.py
[2022-10-10T00:15:44.908+0000] {logging_mixin.py:117} INFO - [2022-10-10T00:15:44.908+0000] {dag.py:2573} INFO - Sync 1 DAGs
[2022-10-10T00:15:44.941+0000] {logging_mixin.py:117} INFO - [2022-10-10T00:15:44.941+0000] {dag.py:3328} INFO - Setting next_dagrun for example_xcom to 2021-01-01T00:00:00+00:00, run_after=2021-01-01T00:00:00+00:00
[2022-10-10T00:15:44.967+0000] {processor.py:178} INFO - Processing /home/airflow/.local/lib/python3.7/site-packages/airflow/example_dags/example_xcom.py took 0.163 seconds
