[2022-10-10T00:11:04.867+0000] {processor.py:156} INFO - Started process (PID=18919) to work on /home/airflow/.local/lib/python3.7/site-packages/airflow/example_dags/tutorial_taskflow_api_virtualenv.py
[2022-10-10T00:11:04.869+0000] {processor.py:758} INFO - Processing file /home/airflow/.local/lib/python3.7/site-packages/airflow/example_dags/tutorial_taskflow_api_virtualenv.py for tasks to queue
[2022-10-10T00:11:04.870+0000] {logging_mixin.py:117} INFO - [2022-10-10T00:11:04.869+0000] {dagbag.py:525} INFO - Filling up the DagBag from /home/airflow/.local/lib/python3.7/site-packages/airflow/example_dags/tutorial_taskflow_api_virtualenv.py
[2022-10-10T00:11:04.915+0000] {processor.py:768} INFO - DAG(s) dict_keys(['tutorial_taskflow_api_virtualenv']) retrieved from /home/airflow/.local/lib/python3.7/site-packages/airflow/example_dags/tutorial_taskflow_api_virtualenv.py
[2022-10-10T00:11:04.983+0000] {logging_mixin.py:117} INFO - [2022-10-10T00:11:04.982+0000] {dag.py:2573} INFO - Sync 1 DAGs
[2022-10-10T00:11:05.036+0000] {logging_mixin.py:117} INFO - [2022-10-10T00:11:05.036+0000] {dag.py:3328} INFO - Setting next_dagrun for tutorial_taskflow_api_virtualenv to None, run_after=None
[2022-10-10T00:11:05.076+0000] {processor.py:178} INFO - Processing /home/airflow/.local/lib/python3.7/site-packages/airflow/example_dags/tutorial_taskflow_api_virtualenv.py took 0.213 seconds
[2022-10-10T00:12:13.757+0000] {processor.py:156} INFO - Started process (PID=18975) to work on /home/airflow/.local/lib/python3.7/site-packages/airflow/example_dags/tutorial_taskflow_api_virtualenv.py
[2022-10-10T00:12:13.758+0000] {processor.py:758} INFO - Processing file /home/airflow/.local/lib/python3.7/site-packages/airflow/example_dags/tutorial_taskflow_api_virtualenv.py for tasks to queue
[2022-10-10T00:12:13.759+0000] {logging_mixin.py:117} INFO - [2022-10-10T00:12:13.759+0000] {dagbag.py:525} INFO - Filling up the DagBag from /home/airflow/.local/lib/python3.7/site-packages/airflow/example_dags/tutorial_taskflow_api_virtualenv.py
[2022-10-10T00:12:13.790+0000] {processor.py:768} INFO - DAG(s) dict_keys(['tutorial_taskflow_api_virtualenv']) retrieved from /home/airflow/.local/lib/python3.7/site-packages/airflow/example_dags/tutorial_taskflow_api_virtualenv.py
[2022-10-10T00:12:13.839+0000] {logging_mixin.py:117} INFO - [2022-10-10T00:12:13.839+0000] {dag.py:2573} INFO - Sync 1 DAGs
[2022-10-10T00:12:13.884+0000] {logging_mixin.py:117} INFO - [2022-10-10T00:12:13.884+0000] {dag.py:3328} INFO - Setting next_dagrun for tutorial_taskflow_api_virtualenv to None, run_after=None
[2022-10-10T00:12:13.912+0000] {processor.py:178} INFO - Processing /home/airflow/.local/lib/python3.7/site-packages/airflow/example_dags/tutorial_taskflow_api_virtualenv.py took 0.162 seconds
[2022-10-10T00:12:44.167+0000] {processor.py:156} INFO - Started process (PID=19040) to work on /home/airflow/.local/lib/python3.7/site-packages/airflow/example_dags/tutorial_taskflow_api_virtualenv.py
[2022-10-10T00:12:44.169+0000] {processor.py:758} INFO - Processing file /home/airflow/.local/lib/python3.7/site-packages/airflow/example_dags/tutorial_taskflow_api_virtualenv.py for tasks to queue
[2022-10-10T00:12:44.170+0000] {logging_mixin.py:117} INFO - [2022-10-10T00:12:44.170+0000] {dagbag.py:525} INFO - Filling up the DagBag from /home/airflow/.local/lib/python3.7/site-packages/airflow/example_dags/tutorial_taskflow_api_virtualenv.py
[2022-10-10T00:12:44.202+0000] {processor.py:768} INFO - DAG(s) dict_keys(['tutorial_taskflow_api_virtualenv']) retrieved from /home/airflow/.local/lib/python3.7/site-packages/airflow/example_dags/tutorial_taskflow_api_virtualenv.py
[2022-10-10T00:12:44.252+0000] {logging_mixin.py:117} INFO - [2022-10-10T00:12:44.251+0000] {dag.py:2573} INFO - Sync 1 DAGs
[2022-10-10T00:12:44.294+0000] {logging_mixin.py:117} INFO - [2022-10-10T00:12:44.294+0000] {dag.py:3328} INFO - Setting next_dagrun for tutorial_taskflow_api_virtualenv to None, run_after=None
[2022-10-10T00:12:44.326+0000] {processor.py:178} INFO - Processing /home/airflow/.local/lib/python3.7/site-packages/airflow/example_dags/tutorial_taskflow_api_virtualenv.py took 0.166 seconds
[2022-10-10T00:13:14.919+0000] {processor.py:156} INFO - Started process (PID=19104) to work on /home/airflow/.local/lib/python3.7/site-packages/airflow/example_dags/tutorial_taskflow_api_virtualenv.py
[2022-10-10T00:13:14.920+0000] {processor.py:758} INFO - Processing file /home/airflow/.local/lib/python3.7/site-packages/airflow/example_dags/tutorial_taskflow_api_virtualenv.py for tasks to queue
[2022-10-10T00:13:14.921+0000] {logging_mixin.py:117} INFO - [2022-10-10T00:13:14.920+0000] {dagbag.py:525} INFO - Filling up the DagBag from /home/airflow/.local/lib/python3.7/site-packages/airflow/example_dags/tutorial_taskflow_api_virtualenv.py
[2022-10-10T00:13:14.953+0000] {processor.py:768} INFO - DAG(s) dict_keys(['tutorial_taskflow_api_virtualenv']) retrieved from /home/airflow/.local/lib/python3.7/site-packages/airflow/example_dags/tutorial_taskflow_api_virtualenv.py
[2022-10-10T00:13:15.030+0000] {logging_mixin.py:117} INFO - [2022-10-10T00:13:15.030+0000] {dag.py:2573} INFO - Sync 1 DAGs
[2022-10-10T00:13:15.076+0000] {logging_mixin.py:117} INFO - [2022-10-10T00:13:15.075+0000] {dag.py:3328} INFO - Setting next_dagrun for tutorial_taskflow_api_virtualenv to None, run_after=None
[2022-10-10T00:13:15.113+0000] {processor.py:178} INFO - Processing /home/airflow/.local/lib/python3.7/site-packages/airflow/example_dags/tutorial_taskflow_api_virtualenv.py took 0.199 seconds
[2022-10-10T00:13:45.502+0000] {processor.py:156} INFO - Started process (PID=19160) to work on /home/airflow/.local/lib/python3.7/site-packages/airflow/example_dags/tutorial_taskflow_api_virtualenv.py
[2022-10-10T00:13:45.504+0000] {processor.py:758} INFO - Processing file /home/airflow/.local/lib/python3.7/site-packages/airflow/example_dags/tutorial_taskflow_api_virtualenv.py for tasks to queue
[2022-10-10T00:13:45.505+0000] {logging_mixin.py:117} INFO - [2022-10-10T00:13:45.505+0000] {dagbag.py:525} INFO - Filling up the DagBag from /home/airflow/.local/lib/python3.7/site-packages/airflow/example_dags/tutorial_taskflow_api_virtualenv.py
[2022-10-10T00:13:45.554+0000] {processor.py:768} INFO - DAG(s) dict_keys(['tutorial_taskflow_api_virtualenv']) retrieved from /home/airflow/.local/lib/python3.7/site-packages/airflow/example_dags/tutorial_taskflow_api_virtualenv.py
[2022-10-10T00:13:45.627+0000] {logging_mixin.py:117} INFO - [2022-10-10T00:13:45.627+0000] {dag.py:2573} INFO - Sync 1 DAGs
[2022-10-10T00:13:45.674+0000] {logging_mixin.py:117} INFO - [2022-10-10T00:13:45.674+0000] {dag.py:3328} INFO - Setting next_dagrun for tutorial_taskflow_api_virtualenv to None, run_after=None
[2022-10-10T00:13:45.710+0000] {processor.py:178} INFO - Processing /home/airflow/.local/lib/python3.7/site-packages/airflow/example_dags/tutorial_taskflow_api_virtualenv.py took 0.213 seconds
[2022-10-10T00:14:16.436+0000] {processor.py:156} INFO - Started process (PID=19226) to work on /home/airflow/.local/lib/python3.7/site-packages/airflow/example_dags/tutorial_taskflow_api_virtualenv.py
[2022-10-10T00:14:16.437+0000] {processor.py:758} INFO - Processing file /home/airflow/.local/lib/python3.7/site-packages/airflow/example_dags/tutorial_taskflow_api_virtualenv.py for tasks to queue
[2022-10-10T00:14:16.440+0000] {logging_mixin.py:117} INFO - [2022-10-10T00:14:16.439+0000] {dagbag.py:525} INFO - Filling up the DagBag from /home/airflow/.local/lib/python3.7/site-packages/airflow/example_dags/tutorial_taskflow_api_virtualenv.py
[2022-10-10T00:14:16.471+0000] {processor.py:768} INFO - DAG(s) dict_keys(['tutorial_taskflow_api_virtualenv']) retrieved from /home/airflow/.local/lib/python3.7/site-packages/airflow/example_dags/tutorial_taskflow_api_virtualenv.py
[2022-10-10T00:14:16.521+0000] {logging_mixin.py:117} INFO - [2022-10-10T00:14:16.521+0000] {dag.py:2573} INFO - Sync 1 DAGs
[2022-10-10T00:14:16.563+0000] {logging_mixin.py:117} INFO - [2022-10-10T00:14:16.562+0000] {dag.py:3328} INFO - Setting next_dagrun for tutorial_taskflow_api_virtualenv to None, run_after=None
[2022-10-10T00:14:16.586+0000] {processor.py:178} INFO - Processing /home/airflow/.local/lib/python3.7/site-packages/airflow/example_dags/tutorial_taskflow_api_virtualenv.py took 0.153 seconds
[2022-10-10T00:14:47.713+0000] {processor.py:156} INFO - Started process (PID=19282) to work on /home/airflow/.local/lib/python3.7/site-packages/airflow/example_dags/tutorial_taskflow_api_virtualenv.py
[2022-10-10T00:14:47.714+0000] {processor.py:758} INFO - Processing file /home/airflow/.local/lib/python3.7/site-packages/airflow/example_dags/tutorial_taskflow_api_virtualenv.py for tasks to queue
[2022-10-10T00:14:47.716+0000] {logging_mixin.py:117} INFO - [2022-10-10T00:14:47.715+0000] {dagbag.py:525} INFO - Filling up the DagBag from /home/airflow/.local/lib/python3.7/site-packages/airflow/example_dags/tutorial_taskflow_api_virtualenv.py
[2022-10-10T00:14:47.746+0000] {processor.py:768} INFO - DAG(s) dict_keys(['tutorial_taskflow_api_virtualenv']) retrieved from /home/airflow/.local/lib/python3.7/site-packages/airflow/example_dags/tutorial_taskflow_api_virtualenv.py
[2022-10-10T00:14:47.796+0000] {logging_mixin.py:117} INFO - [2022-10-10T00:14:47.796+0000] {dag.py:2573} INFO - Sync 1 DAGs
[2022-10-10T00:14:47.842+0000] {logging_mixin.py:117} INFO - [2022-10-10T00:14:47.842+0000] {dag.py:3328} INFO - Setting next_dagrun for tutorial_taskflow_api_virtualenv to None, run_after=None
[2022-10-10T00:14:47.874+0000] {processor.py:178} INFO - Processing /home/airflow/.local/lib/python3.7/site-packages/airflow/example_dags/tutorial_taskflow_api_virtualenv.py took 0.167 seconds
[2022-10-10T00:15:18.177+0000] {processor.py:156} INFO - Started process (PID=19348) to work on /home/airflow/.local/lib/python3.7/site-packages/airflow/example_dags/tutorial_taskflow_api_virtualenv.py
[2022-10-10T00:15:18.178+0000] {processor.py:758} INFO - Processing file /home/airflow/.local/lib/python3.7/site-packages/airflow/example_dags/tutorial_taskflow_api_virtualenv.py for tasks to queue
[2022-10-10T00:15:18.179+0000] {logging_mixin.py:117} INFO - [2022-10-10T00:15:18.179+0000] {dagbag.py:525} INFO - Filling up the DagBag from /home/airflow/.local/lib/python3.7/site-packages/airflow/example_dags/tutorial_taskflow_api_virtualenv.py
[2022-10-10T00:15:18.204+0000] {processor.py:768} INFO - DAG(s) dict_keys(['tutorial_taskflow_api_virtualenv']) retrieved from /home/airflow/.local/lib/python3.7/site-packages/airflow/example_dags/tutorial_taskflow_api_virtualenv.py
[2022-10-10T00:15:18.254+0000] {logging_mixin.py:117} INFO - [2022-10-10T00:15:18.253+0000] {dag.py:2573} INFO - Sync 1 DAGs
[2022-10-10T00:15:18.294+0000] {logging_mixin.py:117} INFO - [2022-10-10T00:15:18.293+0000] {dag.py:3328} INFO - Setting next_dagrun for tutorial_taskflow_api_virtualenv to None, run_after=None
[2022-10-10T00:15:18.322+0000] {processor.py:178} INFO - Processing /home/airflow/.local/lib/python3.7/site-packages/airflow/example_dags/tutorial_taskflow_api_virtualenv.py took 0.150 seconds
[2022-10-10T00:15:48.678+0000] {processor.py:156} INFO - Started process (PID=19413) to work on /home/airflow/.local/lib/python3.7/site-packages/airflow/example_dags/tutorial_taskflow_api_virtualenv.py
[2022-10-10T00:15:48.679+0000] {processor.py:758} INFO - Processing file /home/airflow/.local/lib/python3.7/site-packages/airflow/example_dags/tutorial_taskflow_api_virtualenv.py for tasks to queue
[2022-10-10T00:15:48.680+0000] {logging_mixin.py:117} INFO - [2022-10-10T00:15:48.680+0000] {dagbag.py:525} INFO - Filling up the DagBag from /home/airflow/.local/lib/python3.7/site-packages/airflow/example_dags/tutorial_taskflow_api_virtualenv.py
[2022-10-10T00:15:48.704+0000] {processor.py:768} INFO - DAG(s) dict_keys(['tutorial_taskflow_api_virtualenv']) retrieved from /home/airflow/.local/lib/python3.7/site-packages/airflow/example_dags/tutorial_taskflow_api_virtualenv.py
[2022-10-10T00:15:48.751+0000] {logging_mixin.py:117} INFO - [2022-10-10T00:15:48.751+0000] {dag.py:2573} INFO - Sync 1 DAGs
[2022-10-10T00:15:48.793+0000] {logging_mixin.py:117} INFO - [2022-10-10T00:15:48.793+0000] {dag.py:3328} INFO - Setting next_dagrun for tutorial_taskflow_api_virtualenv to None, run_after=None
[2022-10-10T00:15:48.826+0000] {processor.py:178} INFO - Processing /home/airflow/.local/lib/python3.7/site-packages/airflow/example_dags/tutorial_taskflow_api_virtualenv.py took 0.153 seconds
