[2022-10-09T23:06:58.022+0000] {taskinstance.py:1165} INFO - Dependencies all met for <TaskInstance: desafio-indicium.le_dados scheduled__2022-08-08T00:00:00+00:00 [queued]>
[2022-10-09T23:06:58.046+0000] {taskinstance.py:1165} INFO - Dependencies all met for <TaskInstance: desafio-indicium.le_dados scheduled__2022-08-08T00:00:00+00:00 [queued]>
[2022-10-09T23:06:58.047+0000] {taskinstance.py:1362} INFO - 
--------------------------------------------------------------------------------
[2022-10-09T23:06:58.047+0000] {taskinstance.py:1363} INFO - Starting attempt 1 of 2
[2022-10-09T23:06:58.047+0000] {taskinstance.py:1364} INFO - 
--------------------------------------------------------------------------------
[2022-10-09T23:06:58.110+0000] {taskinstance.py:1383} INFO - Executing <Task(PythonOperator): le_dados> on 2022-08-08 00:00:00+00:00
[2022-10-09T23:06:58.119+0000] {standard_task_runner.py:54} INFO - Started process 6961 to run task
[2022-10-09T23:06:58.124+0000] {standard_task_runner.py:82} INFO - Running: ['***', 'tasks', 'run', 'desafio-indicium', 'le_dados', 'scheduled__2022-08-08T00:00:00+00:00', '--job-id', '68', '--raw', '--subdir', 'DAGS_FOLDER/desafioAirflow/desafio-indicium.py', '--cfg-path', '/tmp/tmpext9cdwl']
[2022-10-09T23:06:58.124+0000] {standard_task_runner.py:83} INFO - Job 68: Subtask le_dados
[2022-10-09T23:06:58.126+0000] {dagbag.py:525} INFO - Filling up the DagBag from /opt/***/dags/desafioAirflow/desafio-indicium.py
[2022-10-09T23:06:58.942+0000] {taskmixin.py:205} WARNING - Dependency <Task(_PythonDecoratedOperator): print_the_context>, log_sql_query already registered for DAG: example_python_operator
[2022-10-09T23:06:58.942+0000] {taskmixin.py:205} WARNING - Dependency <Task(_PythonDecoratedOperator): log_sql_query>, print_the_context already registered for DAG: example_python_operator
[2022-10-09T23:06:58.944+0000] {taskmixin.py:205} WARNING - Dependency <Task(_PythonDecoratedOperator): print_the_context>, log_sql_query already registered for DAG: example_python_operator
[2022-10-09T23:06:58.944+0000] {taskmixin.py:205} WARNING - Dependency <Task(_PythonDecoratedOperator): log_sql_query>, print_the_context already registered for DAG: example_python_operator
[2022-10-09T23:06:58.946+0000] {taskmixin.py:205} WARNING - Dependency <Task(_PythonDecoratedOperator): print_the_context>, log_sql_query already registered for DAG: example_python_operator
[2022-10-09T23:06:58.947+0000] {taskmixin.py:205} WARNING - Dependency <Task(_PythonDecoratedOperator): log_sql_query>, print_the_context already registered for DAG: example_python_operator
[2022-10-09T23:06:58.949+0000] {taskmixin.py:205} WARNING - Dependency <Task(_PythonDecoratedOperator): print_the_context>, log_sql_query already registered for DAG: example_python_operator
[2022-10-09T23:06:58.949+0000] {taskmixin.py:205} WARNING - Dependency <Task(_PythonDecoratedOperator): log_sql_query>, print_the_context already registered for DAG: example_python_operator
[2022-10-09T23:06:58.980+0000] {taskmixin.py:205} WARNING - Dependency <Task(_PythonDecoratedOperator): push_by_returning>, puller already registered for DAG: example_xcom
[2022-10-09T23:06:58.980+0000] {taskmixin.py:205} WARNING - Dependency <Task(_PythonDecoratedOperator): puller>, push_by_returning already registered for DAG: example_xcom
[2022-10-09T23:06:58.981+0000] {taskmixin.py:205} WARNING - Dependency <Task(_PythonDecoratedOperator): push_by_returning>, puller already registered for DAG: example_xcom
[2022-10-09T23:06:58.981+0000] {taskmixin.py:205} WARNING - Dependency <Task(_PythonDecoratedOperator): puller>, push_by_returning already registered for DAG: example_xcom
[2022-10-09T23:06:58.982+0000] {taskmixin.py:205} WARNING - Dependency <Task(_PythonDecoratedOperator): push_by_returning>, puller already registered for DAG: example_xcom
[2022-10-09T23:06:58.982+0000] {taskmixin.py:205} WARNING - Dependency <Task(_PythonDecoratedOperator): puller>, push_by_returning already registered for DAG: example_xcom
[2022-10-09T23:06:58.982+0000] {taskmixin.py:205} WARNING - Dependency <Task(_PythonDecoratedOperator): push_by_returning>, puller already registered for DAG: example_xcom
[2022-10-09T23:06:58.982+0000] {taskmixin.py:205} WARNING - Dependency <Task(_PythonDecoratedOperator): puller>, push_by_returning already registered for DAG: example_xcom
[2022-10-09T23:06:58.983+0000] {taskmixin.py:205} WARNING - Dependency <Task(_PythonDecoratedOperator): push_by_returning>, puller already registered for DAG: example_xcom
[2022-10-09T23:06:58.983+0000] {taskmixin.py:205} WARNING - Dependency <Task(_PythonDecoratedOperator): puller>, push_by_returning already registered for DAG: example_xcom
[2022-10-09T23:06:58.983+0000] {taskmixin.py:205} WARNING - Dependency <Task(_PythonDecoratedOperator): push_by_returning>, puller already registered for DAG: example_xcom
[2022-10-09T23:06:58.983+0000] {taskmixin.py:205} WARNING - Dependency <Task(_PythonDecoratedOperator): puller>, push_by_returning already registered for DAG: example_xcom
[2022-10-09T23:06:59.033+0000] {taskmixin.py:205} WARNING - Dependency <Task(_PythonDecoratedOperator): generate_value>, print_value already registered for DAG: example_xcom_args
[2022-10-09T23:06:59.035+0000] {taskmixin.py:205} WARNING - Dependency <Task(_PythonDecoratedOperator): print_value>, generate_value already registered for DAG: example_xcom_args
[2022-10-09T23:06:59.035+0000] {taskmixin.py:205} WARNING - Dependency <Task(_PythonDecoratedOperator): generate_value>, print_value already registered for DAG: example_xcom_args
[2022-10-09T23:06:59.036+0000] {taskmixin.py:205} WARNING - Dependency <Task(_PythonDecoratedOperator): print_value>, generate_value already registered for DAG: example_xcom_args
[2022-10-09T23:06:59.036+0000] {taskmixin.py:205} WARNING - Dependency <Task(_PythonDecoratedOperator): generate_value>, print_value already registered for DAG: example_xcom_args
[2022-10-09T23:06:59.036+0000] {taskmixin.py:205} WARNING - Dependency <Task(_PythonDecoratedOperator): print_value>, generate_value already registered for DAG: example_xcom_args
[2022-10-09T23:06:59.036+0000] {taskmixin.py:205} WARNING - Dependency <Task(_PythonDecoratedOperator): generate_value>, print_value already registered for DAG: example_xcom_args
[2022-10-09T23:06:59.037+0000] {taskmixin.py:205} WARNING - Dependency <Task(_PythonDecoratedOperator): print_value>, generate_value already registered for DAG: example_xcom_args
[2022-10-09T23:06:59.041+0000] {taskmixin.py:205} WARNING - Dependency <Task(_PythonDecoratedOperator): generate_value>, print_value already registered for DAG: example_xcom_args
[2022-10-09T23:06:59.041+0000] {taskmixin.py:205} WARNING - Dependency <Task(_PythonDecoratedOperator): print_value>, generate_value already registered for DAG: example_xcom_args
[2022-10-09T23:06:59.042+0000] {taskmixin.py:205} WARNING - Dependency <Task(_PythonDecoratedOperator): generate_value>, print_value already registered for DAG: example_xcom_args
[2022-10-09T23:06:59.042+0000] {taskmixin.py:205} WARNING - Dependency <Task(_PythonDecoratedOperator): print_value>, generate_value already registered for DAG: example_xcom_args
[2022-10-09T23:06:59.121+0000] {taskmixin.py:205} WARNING - Dependency <Task(BashOperator): create_entry_group>, delete_entry_group already registered for DAG: example_complex
[2022-10-09T23:06:59.124+0000] {taskmixin.py:205} WARNING - Dependency <Task(BashOperator): delete_entry_group>, create_entry_group already registered for DAG: example_complex
[2022-10-09T23:06:59.124+0000] {taskmixin.py:205} WARNING - Dependency <Task(BashOperator): create_entry_gcs>, delete_entry already registered for DAG: example_complex
[2022-10-09T23:06:59.127+0000] {taskmixin.py:205} WARNING - Dependency <Task(BashOperator): delete_entry>, create_entry_gcs already registered for DAG: example_complex
[2022-10-09T23:06:59.128+0000] {taskmixin.py:205} WARNING - Dependency <Task(BashOperator): create_tag>, delete_tag already registered for DAG: example_complex
[2022-10-09T23:06:59.128+0000] {taskmixin.py:205} WARNING - Dependency <Task(BashOperator): delete_tag>, create_tag already registered for DAG: example_complex
[2022-10-09T23:06:59.286+0000] {taskmixin.py:205} WARNING - Dependency <Task(_PythonDecoratedOperator): task_group_function.task_1>, task_group_function.task_2 already registered for DAG: example_task_group_decorator
[2022-10-09T23:06:59.287+0000] {taskmixin.py:205} WARNING - Dependency <Task(_PythonDecoratedOperator): task_group_function.task_2>, task_group_function.task_1 already registered for DAG: example_task_group_decorator
[2022-10-09T23:06:59.287+0000] {taskmixin.py:205} WARNING - Dependency <Task(_PythonDecoratedOperator): task_group_function.task_1>, task_group_function.task_2 already registered for DAG: example_task_group_decorator
[2022-10-09T23:06:59.287+0000] {taskmixin.py:205} WARNING - Dependency <Task(_PythonDecoratedOperator): task_group_function.task_2>, task_group_function.task_1 already registered for DAG: example_task_group_decorator
[2022-10-09T23:06:59.288+0000] {taskmixin.py:205} WARNING - Dependency <Task(_PythonDecoratedOperator): task_group_function.task_1>, task_group_function.task_2 already registered for DAG: example_task_group_decorator
[2022-10-09T23:06:59.288+0000] {taskmixin.py:205} WARNING - Dependency <Task(_PythonDecoratedOperator): task_group_function.task_2>, task_group_function.task_1 already registered for DAG: example_task_group_decorator
[2022-10-09T23:06:59.288+0000] {taskmixin.py:205} WARNING - Dependency <Task(_PythonDecoratedOperator): task_group_function.task_1>, task_group_function.task_2 already registered for DAG: example_task_group_decorator
[2022-10-09T23:06:59.289+0000] {taskmixin.py:205} WARNING - Dependency <Task(_PythonDecoratedOperator): task_group_function.task_2>, task_group_function.task_1 already registered for DAG: example_task_group_decorator
[2022-10-09T23:06:59.289+0000] {taskmixin.py:205} WARNING - Dependency <Task(_PythonDecoratedOperator): task_group_function.task_1>, task_group_function.task_2 already registered for DAG: example_task_group_decorator
[2022-10-09T23:06:59.304+0000] {taskmixin.py:205} WARNING - Dependency <Task(_PythonDecoratedOperator): task_group_function.task_2>, task_group_function.task_1 already registered for DAG: example_task_group_decorator
[2022-10-09T23:06:59.305+0000] {taskmixin.py:205} WARNING - Dependency <Task(_PythonDecoratedOperator): task_group_function.task_1>, task_group_function.task_2 already registered for DAG: example_task_group_decorator
[2022-10-09T23:06:59.305+0000] {taskmixin.py:205} WARNING - Dependency <Task(_PythonDecoratedOperator): task_group_function.task_2>, task_group_function.task_1 already registered for DAG: example_task_group_decorator
[2022-10-09T23:06:59.306+0000] {taskmixin.py:205} WARNING - Dependency <Task(_PythonDecoratedOperator): task_group_function.task_2>, task_group_function.task_3 already registered for DAG: example_task_group_decorator
[2022-10-09T23:06:59.307+0000] {taskmixin.py:205} WARNING - Dependency <Task(_PythonDecoratedOperator): task_group_function.task_3>, task_group_function.task_2 already registered for DAG: example_task_group_decorator
[2022-10-09T23:06:59.307+0000] {taskmixin.py:205} WARNING - Dependency <Task(_PythonDecoratedOperator): task_group_function.task_2>, task_group_function.task_3 already registered for DAG: example_task_group_decorator
[2022-10-09T23:06:59.307+0000] {taskmixin.py:205} WARNING - Dependency <Task(_PythonDecoratedOperator): task_group_function.task_3>, task_group_function.task_2 already registered for DAG: example_task_group_decorator
[2022-10-09T23:06:59.308+0000] {taskmixin.py:205} WARNING - Dependency <Task(_PythonDecoratedOperator): task_group_function.task_2>, task_group_function.task_3 already registered for DAG: example_task_group_decorator
[2022-10-09T23:06:59.308+0000] {taskmixin.py:205} WARNING - Dependency <Task(_PythonDecoratedOperator): task_group_function.task_3>, task_group_function.task_2 already registered for DAG: example_task_group_decorator
[2022-10-09T23:06:59.308+0000] {taskmixin.py:205} WARNING - Dependency <Task(_PythonDecoratedOperator): task_group_function.task_2>, task_group_function.task_3 already registered for DAG: example_task_group_decorator
[2022-10-09T23:06:59.309+0000] {taskmixin.py:205} WARNING - Dependency <Task(_PythonDecoratedOperator): task_group_function.task_3>, task_group_function.task_2 already registered for DAG: example_task_group_decorator
[2022-10-09T23:06:59.309+0000] {taskmixin.py:205} WARNING - Dependency <Task(_PythonDecoratedOperator): task_group_function.task_2>, task_group_function.task_3 already registered for DAG: example_task_group_decorator
[2022-10-09T23:06:59.309+0000] {taskmixin.py:205} WARNING - Dependency <Task(_PythonDecoratedOperator): task_group_function.task_3>, task_group_function.task_2 already registered for DAG: example_task_group_decorator
[2022-10-09T23:06:59.316+0000] {taskmixin.py:205} WARNING - Dependency <Task(_PythonDecoratedOperator): task_group_function.task_2>, task_group_function.task_3 already registered for DAG: example_task_group_decorator
[2022-10-09T23:06:59.317+0000] {taskmixin.py:205} WARNING - Dependency <Task(_PythonDecoratedOperator): task_group_function.task_3>, task_group_function.task_2 already registered for DAG: example_task_group_decorator
[2022-10-09T23:06:59.321+0000] {taskmixin.py:205} WARNING - Dependency <Task(_PythonDecoratedOperator): task_group_function__1.task_1>, task_group_function__1.task_2 already registered for DAG: example_task_group_decorator
[2022-10-09T23:06:59.321+0000] {taskmixin.py:205} WARNING - Dependency <Task(_PythonDecoratedOperator): task_group_function__1.task_2>, task_group_function__1.task_1 already registered for DAG: example_task_group_decorator
[2022-10-09T23:06:59.321+0000] {taskmixin.py:205} WARNING - Dependency <Task(_PythonDecoratedOperator): task_group_function__1.task_1>, task_group_function__1.task_2 already registered for DAG: example_task_group_decorator
[2022-10-09T23:06:59.322+0000] {taskmixin.py:205} WARNING - Dependency <Task(_PythonDecoratedOperator): task_group_function__1.task_2>, task_group_function__1.task_1 already registered for DAG: example_task_group_decorator
[2022-10-09T23:06:59.322+0000] {taskmixin.py:205} WARNING - Dependency <Task(_PythonDecoratedOperator): task_group_function__1.task_1>, task_group_function__1.task_2 already registered for DAG: example_task_group_decorator
[2022-10-09T23:06:59.322+0000] {taskmixin.py:205} WARNING - Dependency <Task(_PythonDecoratedOperator): task_group_function__1.task_2>, task_group_function__1.task_1 already registered for DAG: example_task_group_decorator
[2022-10-09T23:06:59.323+0000] {taskmixin.py:205} WARNING - Dependency <Task(_PythonDecoratedOperator): task_group_function__1.task_1>, task_group_function__1.task_2 already registered for DAG: example_task_group_decorator
[2022-10-09T23:06:59.323+0000] {taskmixin.py:205} WARNING - Dependency <Task(_PythonDecoratedOperator): task_group_function__1.task_2>, task_group_function__1.task_1 already registered for DAG: example_task_group_decorator
[2022-10-09T23:06:59.323+0000] {taskmixin.py:205} WARNING - Dependency <Task(_PythonDecoratedOperator): task_group_function__1.task_1>, task_group_function__1.task_2 already registered for DAG: example_task_group_decorator
[2022-10-09T23:06:59.324+0000] {taskmixin.py:205} WARNING - Dependency <Task(_PythonDecoratedOperator): task_group_function__1.task_2>, task_group_function__1.task_1 already registered for DAG: example_task_group_decorator
[2022-10-09T23:06:59.324+0000] {taskmixin.py:205} WARNING - Dependency <Task(_PythonDecoratedOperator): task_group_function__1.task_1>, task_group_function__1.task_2 already registered for DAG: example_task_group_decorator
[2022-10-09T23:06:59.324+0000] {taskmixin.py:205} WARNING - Dependency <Task(_PythonDecoratedOperator): task_group_function__1.task_2>, task_group_function__1.task_1 already registered for DAG: example_task_group_decorator
[2022-10-09T23:06:59.326+0000] {taskmixin.py:205} WARNING - Dependency <Task(_PythonDecoratedOperator): task_group_function__1.task_2>, task_group_function__1.task_3 already registered for DAG: example_task_group_decorator
[2022-10-09T23:06:59.326+0000] {taskmixin.py:205} WARNING - Dependency <Task(_PythonDecoratedOperator): task_group_function__1.task_3>, task_group_function__1.task_2 already registered for DAG: example_task_group_decorator
[2022-10-09T23:06:59.327+0000] {taskmixin.py:205} WARNING - Dependency <Task(_PythonDecoratedOperator): task_group_function__1.task_2>, task_group_function__1.task_3 already registered for DAG: example_task_group_decorator
[2022-10-09T23:06:59.327+0000] {taskmixin.py:205} WARNING - Dependency <Task(_PythonDecoratedOperator): task_group_function__1.task_3>, task_group_function__1.task_2 already registered for DAG: example_task_group_decorator
[2022-10-09T23:06:59.327+0000] {taskmixin.py:205} WARNING - Dependency <Task(_PythonDecoratedOperator): task_group_function__1.task_2>, task_group_function__1.task_3 already registered for DAG: example_task_group_decorator
[2022-10-09T23:06:59.328+0000] {taskmixin.py:205} WARNING - Dependency <Task(_PythonDecoratedOperator): task_group_function__1.task_3>, task_group_function__1.task_2 already registered for DAG: example_task_group_decorator
[2022-10-09T23:06:59.328+0000] {taskmixin.py:205} WARNING - Dependency <Task(_PythonDecoratedOperator): task_group_function__1.task_2>, task_group_function__1.task_3 already registered for DAG: example_task_group_decorator
[2022-10-09T23:06:59.328+0000] {taskmixin.py:205} WARNING - Dependency <Task(_PythonDecoratedOperator): task_group_function__1.task_3>, task_group_function__1.task_2 already registered for DAG: example_task_group_decorator
[2022-10-09T23:06:59.329+0000] {taskmixin.py:205} WARNING - Dependency <Task(_PythonDecoratedOperator): task_group_function__1.task_2>, task_group_function__1.task_3 already registered for DAG: example_task_group_decorator
[2022-10-09T23:06:59.329+0000] {taskmixin.py:205} WARNING - Dependency <Task(_PythonDecoratedOperator): task_group_function__1.task_3>, task_group_function__1.task_2 already registered for DAG: example_task_group_decorator
[2022-10-09T23:06:59.329+0000] {taskmixin.py:205} WARNING - Dependency <Task(_PythonDecoratedOperator): task_group_function__1.task_2>, task_group_function__1.task_3 already registered for DAG: example_task_group_decorator
[2022-10-09T23:06:59.330+0000] {taskmixin.py:205} WARNING - Dependency <Task(_PythonDecoratedOperator): task_group_function__1.task_3>, task_group_function__1.task_2 already registered for DAG: example_task_group_decorator
[2022-10-09T23:06:59.333+0000] {taskmixin.py:205} WARNING - Dependency <Task(_PythonDecoratedOperator): task_group_function__2.task_1>, task_group_function__2.task_2 already registered for DAG: example_task_group_decorator
[2022-10-09T23:06:59.333+0000] {taskmixin.py:205} WARNING - Dependency <Task(_PythonDecoratedOperator): task_group_function__2.task_2>, task_group_function__2.task_1 already registered for DAG: example_task_group_decorator
[2022-10-09T23:06:59.334+0000] {taskmixin.py:205} WARNING - Dependency <Task(_PythonDecoratedOperator): task_group_function__2.task_1>, task_group_function__2.task_2 already registered for DAG: example_task_group_decorator
[2022-10-09T23:06:59.334+0000] {taskmixin.py:205} WARNING - Dependency <Task(_PythonDecoratedOperator): task_group_function__2.task_2>, task_group_function__2.task_1 already registered for DAG: example_task_group_decorator
[2022-10-09T23:06:59.334+0000] {taskmixin.py:205} WARNING - Dependency <Task(_PythonDecoratedOperator): task_group_function__2.task_1>, task_group_function__2.task_2 already registered for DAG: example_task_group_decorator
[2022-10-09T23:06:59.335+0000] {taskmixin.py:205} WARNING - Dependency <Task(_PythonDecoratedOperator): task_group_function__2.task_2>, task_group_function__2.task_1 already registered for DAG: example_task_group_decorator
[2022-10-09T23:06:59.335+0000] {taskmixin.py:205} WARNING - Dependency <Task(_PythonDecoratedOperator): task_group_function__2.task_1>, task_group_function__2.task_2 already registered for DAG: example_task_group_decorator
[2022-10-09T23:06:59.335+0000] {taskmixin.py:205} WARNING - Dependency <Task(_PythonDecoratedOperator): task_group_function__2.task_2>, task_group_function__2.task_1 already registered for DAG: example_task_group_decorator
[2022-10-09T23:06:59.336+0000] {taskmixin.py:205} WARNING - Dependency <Task(_PythonDecoratedOperator): task_group_function__2.task_1>, task_group_function__2.task_2 already registered for DAG: example_task_group_decorator
[2022-10-09T23:06:59.336+0000] {taskmixin.py:205} WARNING - Dependency <Task(_PythonDecoratedOperator): task_group_function__2.task_2>, task_group_function__2.task_1 already registered for DAG: example_task_group_decorator
[2022-10-09T23:06:59.337+0000] {taskmixin.py:205} WARNING - Dependency <Task(_PythonDecoratedOperator): task_group_function__2.task_1>, task_group_function__2.task_2 already registered for DAG: example_task_group_decorator
[2022-10-09T23:06:59.337+0000] {taskmixin.py:205} WARNING - Dependency <Task(_PythonDecoratedOperator): task_group_function__2.task_2>, task_group_function__2.task_1 already registered for DAG: example_task_group_decorator
[2022-10-09T23:06:59.339+0000] {taskmixin.py:205} WARNING - Dependency <Task(_PythonDecoratedOperator): task_group_function__2.task_2>, task_group_function__2.task_3 already registered for DAG: example_task_group_decorator
[2022-10-09T23:06:59.339+0000] {taskmixin.py:205} WARNING - Dependency <Task(_PythonDecoratedOperator): task_group_function__2.task_3>, task_group_function__2.task_2 already registered for DAG: example_task_group_decorator
[2022-10-09T23:06:59.339+0000] {taskmixin.py:205} WARNING - Dependency <Task(_PythonDecoratedOperator): task_group_function__2.task_2>, task_group_function__2.task_3 already registered for DAG: example_task_group_decorator
[2022-10-09T23:06:59.339+0000] {taskmixin.py:205} WARNING - Dependency <Task(_PythonDecoratedOperator): task_group_function__2.task_3>, task_group_function__2.task_2 already registered for DAG: example_task_group_decorator
[2022-10-09T23:06:59.340+0000] {taskmixin.py:205} WARNING - Dependency <Task(_PythonDecoratedOperator): task_group_function__2.task_2>, task_group_function__2.task_3 already registered for DAG: example_task_group_decorator
[2022-10-09T23:06:59.340+0000] {taskmixin.py:205} WARNING - Dependency <Task(_PythonDecoratedOperator): task_group_function__2.task_3>, task_group_function__2.task_2 already registered for DAG: example_task_group_decorator
[2022-10-09T23:06:59.340+0000] {taskmixin.py:205} WARNING - Dependency <Task(_PythonDecoratedOperator): task_group_function__2.task_2>, task_group_function__2.task_3 already registered for DAG: example_task_group_decorator
[2022-10-09T23:06:59.340+0000] {taskmixin.py:205} WARNING - Dependency <Task(_PythonDecoratedOperator): task_group_function__2.task_3>, task_group_function__2.task_2 already registered for DAG: example_task_group_decorator
[2022-10-09T23:06:59.341+0000] {taskmixin.py:205} WARNING - Dependency <Task(_PythonDecoratedOperator): task_group_function__2.task_2>, task_group_function__2.task_3 already registered for DAG: example_task_group_decorator
[2022-10-09T23:06:59.341+0000] {taskmixin.py:205} WARNING - Dependency <Task(_PythonDecoratedOperator): task_group_function__2.task_3>, task_group_function__2.task_2 already registered for DAG: example_task_group_decorator
[2022-10-09T23:06:59.342+0000] {taskmixin.py:205} WARNING - Dependency <Task(_PythonDecoratedOperator): task_group_function__2.task_2>, task_group_function__2.task_3 already registered for DAG: example_task_group_decorator
[2022-10-09T23:06:59.342+0000] {taskmixin.py:205} WARNING - Dependency <Task(_PythonDecoratedOperator): task_group_function__2.task_3>, task_group_function__2.task_2 already registered for DAG: example_task_group_decorator
[2022-10-09T23:06:59.344+0000] {taskmixin.py:205} WARNING - Dependency <Task(_PythonDecoratedOperator): task_group_function__3.task_1>, task_group_function__3.task_2 already registered for DAG: example_task_group_decorator
[2022-10-09T23:06:59.345+0000] {taskmixin.py:205} WARNING - Dependency <Task(_PythonDecoratedOperator): task_group_function__3.task_2>, task_group_function__3.task_1 already registered for DAG: example_task_group_decorator
[2022-10-09T23:06:59.345+0000] {taskmixin.py:205} WARNING - Dependency <Task(_PythonDecoratedOperator): task_group_function__3.task_1>, task_group_function__3.task_2 already registered for DAG: example_task_group_decorator
[2022-10-09T23:06:59.345+0000] {taskmixin.py:205} WARNING - Dependency <Task(_PythonDecoratedOperator): task_group_function__3.task_2>, task_group_function__3.task_1 already registered for DAG: example_task_group_decorator
[2022-10-09T23:06:59.346+0000] {taskmixin.py:205} WARNING - Dependency <Task(_PythonDecoratedOperator): task_group_function__3.task_1>, task_group_function__3.task_2 already registered for DAG: example_task_group_decorator
[2022-10-09T23:06:59.346+0000] {taskmixin.py:205} WARNING - Dependency <Task(_PythonDecoratedOperator): task_group_function__3.task_2>, task_group_function__3.task_1 already registered for DAG: example_task_group_decorator
[2022-10-09T23:06:59.346+0000] {taskmixin.py:205} WARNING - Dependency <Task(_PythonDecoratedOperator): task_group_function__3.task_1>, task_group_function__3.task_2 already registered for DAG: example_task_group_decorator
[2022-10-09T23:06:59.346+0000] {taskmixin.py:205} WARNING - Dependency <Task(_PythonDecoratedOperator): task_group_function__3.task_2>, task_group_function__3.task_1 already registered for DAG: example_task_group_decorator
[2022-10-09T23:06:59.347+0000] {taskmixin.py:205} WARNING - Dependency <Task(_PythonDecoratedOperator): task_group_function__3.task_1>, task_group_function__3.task_2 already registered for DAG: example_task_group_decorator
[2022-10-09T23:06:59.347+0000] {taskmixin.py:205} WARNING - Dependency <Task(_PythonDecoratedOperator): task_group_function__3.task_2>, task_group_function__3.task_1 already registered for DAG: example_task_group_decorator
[2022-10-09T23:06:59.347+0000] {taskmixin.py:205} WARNING - Dependency <Task(_PythonDecoratedOperator): task_group_function__3.task_1>, task_group_function__3.task_2 already registered for DAG: example_task_group_decorator
[2022-10-09T23:06:59.347+0000] {taskmixin.py:205} WARNING - Dependency <Task(_PythonDecoratedOperator): task_group_function__3.task_2>, task_group_function__3.task_1 already registered for DAG: example_task_group_decorator
[2022-10-09T23:06:59.348+0000] {taskmixin.py:205} WARNING - Dependency <Task(_PythonDecoratedOperator): task_group_function__3.task_2>, task_group_function__3.task_3 already registered for DAG: example_task_group_decorator
[2022-10-09T23:06:59.349+0000] {taskmixin.py:205} WARNING - Dependency <Task(_PythonDecoratedOperator): task_group_function__3.task_3>, task_group_function__3.task_2 already registered for DAG: example_task_group_decorator
[2022-10-09T23:06:59.349+0000] {taskmixin.py:205} WARNING - Dependency <Task(_PythonDecoratedOperator): task_group_function__3.task_2>, task_group_function__3.task_3 already registered for DAG: example_task_group_decorator
[2022-10-09T23:06:59.349+0000] {taskmixin.py:205} WARNING - Dependency <Task(_PythonDecoratedOperator): task_group_function__3.task_3>, task_group_function__3.task_2 already registered for DAG: example_task_group_decorator
[2022-10-09T23:06:59.350+0000] {taskmixin.py:205} WARNING - Dependency <Task(_PythonDecoratedOperator): task_group_function__3.task_2>, task_group_function__3.task_3 already registered for DAG: example_task_group_decorator
[2022-10-09T23:06:59.350+0000] {taskmixin.py:205} WARNING - Dependency <Task(_PythonDecoratedOperator): task_group_function__3.task_3>, task_group_function__3.task_2 already registered for DAG: example_task_group_decorator
[2022-10-09T23:06:59.350+0000] {taskmixin.py:205} WARNING - Dependency <Task(_PythonDecoratedOperator): task_group_function__3.task_2>, task_group_function__3.task_3 already registered for DAG: example_task_group_decorator
[2022-10-09T23:06:59.351+0000] {taskmixin.py:205} WARNING - Dependency <Task(_PythonDecoratedOperator): task_group_function__3.task_3>, task_group_function__3.task_2 already registered for DAG: example_task_group_decorator
[2022-10-09T23:06:59.351+0000] {taskmixin.py:205} WARNING - Dependency <Task(_PythonDecoratedOperator): task_group_function__3.task_2>, task_group_function__3.task_3 already registered for DAG: example_task_group_decorator
[2022-10-09T23:06:59.351+0000] {taskmixin.py:205} WARNING - Dependency <Task(_PythonDecoratedOperator): task_group_function__3.task_3>, task_group_function__3.task_2 already registered for DAG: example_task_group_decorator
[2022-10-09T23:06:59.351+0000] {taskmixin.py:205} WARNING - Dependency <Task(_PythonDecoratedOperator): task_group_function__3.task_2>, task_group_function__3.task_3 already registered for DAG: example_task_group_decorator
[2022-10-09T23:06:59.352+0000] {taskmixin.py:205} WARNING - Dependency <Task(_PythonDecoratedOperator): task_group_function__3.task_3>, task_group_function__3.task_2 already registered for DAG: example_task_group_decorator
[2022-10-09T23:06:59.355+0000] {taskmixin.py:205} WARNING - Dependency <Task(_PythonDecoratedOperator): task_group_function__4.task_1>, task_group_function__4.task_2 already registered for DAG: example_task_group_decorator
[2022-10-09T23:06:59.355+0000] {taskmixin.py:205} WARNING - Dependency <Task(_PythonDecoratedOperator): task_group_function__4.task_2>, task_group_function__4.task_1 already registered for DAG: example_task_group_decorator
[2022-10-09T23:06:59.356+0000] {taskmixin.py:205} WARNING - Dependency <Task(_PythonDecoratedOperator): task_group_function__4.task_1>, task_group_function__4.task_2 already registered for DAG: example_task_group_decorator
[2022-10-09T23:06:59.356+0000] {taskmixin.py:205} WARNING - Dependency <Task(_PythonDecoratedOperator): task_group_function__4.task_2>, task_group_function__4.task_1 already registered for DAG: example_task_group_decorator
[2022-10-09T23:06:59.356+0000] {taskmixin.py:205} WARNING - Dependency <Task(_PythonDecoratedOperator): task_group_function__4.task_1>, task_group_function__4.task_2 already registered for DAG: example_task_group_decorator
[2022-10-09T23:06:59.356+0000] {taskmixin.py:205} WARNING - Dependency <Task(_PythonDecoratedOperator): task_group_function__4.task_2>, task_group_function__4.task_1 already registered for DAG: example_task_group_decorator
[2022-10-09T23:06:59.357+0000] {taskmixin.py:205} WARNING - Dependency <Task(_PythonDecoratedOperator): task_group_function__4.task_1>, task_group_function__4.task_2 already registered for DAG: example_task_group_decorator
[2022-10-09T23:06:59.358+0000] {taskmixin.py:205} WARNING - Dependency <Task(_PythonDecoratedOperator): task_group_function__4.task_2>, task_group_function__4.task_1 already registered for DAG: example_task_group_decorator
[2022-10-09T23:06:59.359+0000] {taskmixin.py:205} WARNING - Dependency <Task(_PythonDecoratedOperator): task_group_function__4.task_1>, task_group_function__4.task_2 already registered for DAG: example_task_group_decorator
[2022-10-09T23:06:59.359+0000] {taskmixin.py:205} WARNING - Dependency <Task(_PythonDecoratedOperator): task_group_function__4.task_2>, task_group_function__4.task_1 already registered for DAG: example_task_group_decorator
[2022-10-09T23:06:59.360+0000] {taskmixin.py:205} WARNING - Dependency <Task(_PythonDecoratedOperator): task_group_function__4.task_1>, task_group_function__4.task_2 already registered for DAG: example_task_group_decorator
[2022-10-09T23:06:59.360+0000] {taskmixin.py:205} WARNING - Dependency <Task(_PythonDecoratedOperator): task_group_function__4.task_2>, task_group_function__4.task_1 already registered for DAG: example_task_group_decorator
[2022-10-09T23:06:59.361+0000] {taskmixin.py:205} WARNING - Dependency <Task(_PythonDecoratedOperator): task_group_function__4.task_2>, task_group_function__4.task_3 already registered for DAG: example_task_group_decorator
[2022-10-09T23:06:59.362+0000] {taskmixin.py:205} WARNING - Dependency <Task(_PythonDecoratedOperator): task_group_function__4.task_3>, task_group_function__4.task_2 already registered for DAG: example_task_group_decorator
[2022-10-09T23:06:59.362+0000] {taskmixin.py:205} WARNING - Dependency <Task(_PythonDecoratedOperator): task_group_function__4.task_2>, task_group_function__4.task_3 already registered for DAG: example_task_group_decorator
[2022-10-09T23:06:59.362+0000] {taskmixin.py:205} WARNING - Dependency <Task(_PythonDecoratedOperator): task_group_function__4.task_3>, task_group_function__4.task_2 already registered for DAG: example_task_group_decorator
[2022-10-09T23:06:59.363+0000] {taskmixin.py:205} WARNING - Dependency <Task(_PythonDecoratedOperator): task_group_function__4.task_2>, task_group_function__4.task_3 already registered for DAG: example_task_group_decorator
[2022-10-09T23:06:59.363+0000] {taskmixin.py:205} WARNING - Dependency <Task(_PythonDecoratedOperator): task_group_function__4.task_3>, task_group_function__4.task_2 already registered for DAG: example_task_group_decorator
[2022-10-09T23:06:59.364+0000] {taskmixin.py:205} WARNING - Dependency <Task(_PythonDecoratedOperator): task_group_function__4.task_2>, task_group_function__4.task_3 already registered for DAG: example_task_group_decorator
[2022-10-09T23:06:59.364+0000] {taskmixin.py:205} WARNING - Dependency <Task(_PythonDecoratedOperator): task_group_function__4.task_3>, task_group_function__4.task_2 already registered for DAG: example_task_group_decorator
[2022-10-09T23:06:59.364+0000] {taskmixin.py:205} WARNING - Dependency <Task(_PythonDecoratedOperator): task_group_function__4.task_2>, task_group_function__4.task_3 already registered for DAG: example_task_group_decorator
[2022-10-09T23:06:59.365+0000] {taskmixin.py:205} WARNING - Dependency <Task(_PythonDecoratedOperator): task_group_function__4.task_3>, task_group_function__4.task_2 already registered for DAG: example_task_group_decorator
[2022-10-09T23:06:59.367+0000] {taskmixin.py:205} WARNING - Dependency <Task(_PythonDecoratedOperator): task_group_function__4.task_2>, task_group_function__4.task_3 already registered for DAG: example_task_group_decorator
[2022-10-09T23:06:59.368+0000] {taskmixin.py:205} WARNING - Dependency <Task(_PythonDecoratedOperator): task_group_function__4.task_3>, task_group_function__4.task_2 already registered for DAG: example_task_group_decorator
[2022-10-09T23:06:59.389+0000] {taskmixin.py:205} WARNING - Dependency <Task(GetRequestOperator): get_ip>, prepare_email already registered for DAG: example_dag_decorator
[2022-10-09T23:06:59.390+0000] {taskmixin.py:205} WARNING - Dependency <Task(_PythonDecoratedOperator): prepare_email>, get_ip already registered for DAG: example_dag_decorator
[2022-10-09T23:06:59.390+0000] {taskmixin.py:205} WARNING - Dependency <Task(GetRequestOperator): get_ip>, prepare_email already registered for DAG: example_dag_decorator
[2022-10-09T23:06:59.391+0000] {taskmixin.py:205} WARNING - Dependency <Task(_PythonDecoratedOperator): prepare_email>, get_ip already registered for DAG: example_dag_decorator
[2022-10-09T23:06:59.391+0000] {taskmixin.py:205} WARNING - Dependency <Task(GetRequestOperator): get_ip>, prepare_email already registered for DAG: example_dag_decorator
[2022-10-09T23:06:59.391+0000] {taskmixin.py:205} WARNING - Dependency <Task(_PythonDecoratedOperator): prepare_email>, get_ip already registered for DAG: example_dag_decorator
[2022-10-09T23:06:59.392+0000] {taskmixin.py:205} WARNING - Dependency <Task(GetRequestOperator): get_ip>, prepare_email already registered for DAG: example_dag_decorator
[2022-10-09T23:06:59.392+0000] {taskmixin.py:205} WARNING - Dependency <Task(_PythonDecoratedOperator): prepare_email>, get_ip already registered for DAG: example_dag_decorator
[2022-10-09T23:06:59.393+0000] {taskmixin.py:205} WARNING - Dependency <Task(GetRequestOperator): get_ip>, prepare_email already registered for DAG: example_dag_decorator
[2022-10-09T23:06:59.393+0000] {taskmixin.py:205} WARNING - Dependency <Task(_PythonDecoratedOperator): prepare_email>, get_ip already registered for DAG: example_dag_decorator
[2022-10-09T23:06:59.393+0000] {taskmixin.py:205} WARNING - Dependency <Task(GetRequestOperator): get_ip>, prepare_email already registered for DAG: example_dag_decorator
[2022-10-09T23:06:59.394+0000] {taskmixin.py:205} WARNING - Dependency <Task(_PythonDecoratedOperator): prepare_email>, get_ip already registered for DAG: example_dag_decorator
[2022-10-09T23:06:59.395+0000] {taskmixin.py:205} WARNING - Dependency <Task(_PythonDecoratedOperator): prepare_email>, send_email already registered for DAG: example_dag_decorator
[2022-10-09T23:06:59.395+0000] {taskmixin.py:205} WARNING - Dependency <Task(EmailOperator): send_email>, prepare_email already registered for DAG: example_dag_decorator
[2022-10-09T23:06:59.396+0000] {taskmixin.py:205} WARNING - Dependency <Task(_PythonDecoratedOperator): prepare_email>, send_email already registered for DAG: example_dag_decorator
[2022-10-09T23:06:59.396+0000] {taskmixin.py:205} WARNING - Dependency <Task(EmailOperator): send_email>, prepare_email already registered for DAG: example_dag_decorator
[2022-10-09T23:06:59.397+0000] {taskmixin.py:205} WARNING - Dependency <Task(_PythonDecoratedOperator): prepare_email>, send_email already registered for DAG: example_dag_decorator
[2022-10-09T23:06:59.397+0000] {taskmixin.py:205} WARNING - Dependency <Task(EmailOperator): send_email>, prepare_email already registered for DAG: example_dag_decorator
[2022-10-09T23:06:59.397+0000] {taskmixin.py:205} WARNING - Dependency <Task(_PythonDecoratedOperator): prepare_email>, send_email already registered for DAG: example_dag_decorator
[2022-10-09T23:06:59.398+0000] {taskmixin.py:205} WARNING - Dependency <Task(EmailOperator): send_email>, prepare_email already registered for DAG: example_dag_decorator
[2022-10-09T23:06:59.398+0000] {taskmixin.py:205} WARNING - Dependency <Task(_PythonDecoratedOperator): prepare_email>, send_email already registered for DAG: example_dag_decorator
[2022-10-09T23:06:59.398+0000] {taskmixin.py:205} WARNING - Dependency <Task(EmailOperator): send_email>, prepare_email already registered for DAG: example_dag_decorator
[2022-10-09T23:06:59.398+0000] {taskmixin.py:205} WARNING - Dependency <Task(_PythonDecoratedOperator): prepare_email>, send_email already registered for DAG: example_dag_decorator
[2022-10-09T23:06:59.399+0000] {taskmixin.py:205} WARNING - Dependency <Task(EmailOperator): send_email>, prepare_email already registered for DAG: example_dag_decorator
[2022-10-09T23:06:59.533+0000] {taskmixin.py:205} WARNING - Dependency <Task(_PythonVirtualenvDecoratedOperator): extract>, transform already registered for DAG: tutorial_taskflow_api_virtualenv
[2022-10-09T23:06:59.541+0000] {taskmixin.py:205} WARNING - Dependency <Task(_PythonDecoratedOperator): transform>, extract already registered for DAG: tutorial_taskflow_api_virtualenv
[2022-10-09T23:06:59.542+0000] {taskmixin.py:205} WARNING - Dependency <Task(_PythonVirtualenvDecoratedOperator): extract>, transform already registered for DAG: tutorial_taskflow_api_virtualenv
[2022-10-09T23:06:59.542+0000] {taskmixin.py:205} WARNING - Dependency <Task(_PythonDecoratedOperator): transform>, extract already registered for DAG: tutorial_taskflow_api_virtualenv
[2022-10-09T23:06:59.542+0000] {taskmixin.py:205} WARNING - Dependency <Task(_PythonVirtualenvDecoratedOperator): extract>, transform already registered for DAG: tutorial_taskflow_api_virtualenv
[2022-10-09T23:06:59.542+0000] {taskmixin.py:205} WARNING - Dependency <Task(_PythonDecoratedOperator): transform>, extract already registered for DAG: tutorial_taskflow_api_virtualenv
[2022-10-09T23:06:59.543+0000] {taskmixin.py:205} WARNING - Dependency <Task(_PythonVirtualenvDecoratedOperator): extract>, transform already registered for DAG: tutorial_taskflow_api_virtualenv
[2022-10-09T23:06:59.543+0000] {taskmixin.py:205} WARNING - Dependency <Task(_PythonDecoratedOperator): transform>, extract already registered for DAG: tutorial_taskflow_api_virtualenv
[2022-10-09T23:06:59.543+0000] {taskmixin.py:205} WARNING - Dependency <Task(_PythonVirtualenvDecoratedOperator): extract>, transform already registered for DAG: tutorial_taskflow_api_virtualenv
[2022-10-09T23:06:59.544+0000] {taskmixin.py:205} WARNING - Dependency <Task(_PythonDecoratedOperator): transform>, extract already registered for DAG: tutorial_taskflow_api_virtualenv
[2022-10-09T23:06:59.544+0000] {taskmixin.py:205} WARNING - Dependency <Task(_PythonVirtualenvDecoratedOperator): extract>, transform already registered for DAG: tutorial_taskflow_api_virtualenv
[2022-10-09T23:06:59.544+0000] {taskmixin.py:205} WARNING - Dependency <Task(_PythonDecoratedOperator): transform>, extract already registered for DAG: tutorial_taskflow_api_virtualenv
[2022-10-09T23:06:59.558+0000] {taskmixin.py:205} WARNING - Dependency <Task(_PythonDecoratedOperator): transform>, load already registered for DAG: tutorial_taskflow_api_virtualenv
[2022-10-09T23:06:59.559+0000] {taskmixin.py:205} WARNING - Dependency <Task(_PythonDecoratedOperator): load>, transform already registered for DAG: tutorial_taskflow_api_virtualenv
[2022-10-09T23:06:59.559+0000] {taskmixin.py:205} WARNING - Dependency <Task(_PythonDecoratedOperator): transform>, load already registered for DAG: tutorial_taskflow_api_virtualenv
[2022-10-09T23:06:59.559+0000] {taskmixin.py:205} WARNING - Dependency <Task(_PythonDecoratedOperator): load>, transform already registered for DAG: tutorial_taskflow_api_virtualenv
[2022-10-09T23:06:59.560+0000] {taskmixin.py:205} WARNING - Dependency <Task(_PythonDecoratedOperator): transform>, load already registered for DAG: tutorial_taskflow_api_virtualenv
[2022-10-09T23:06:59.560+0000] {taskmixin.py:205} WARNING - Dependency <Task(_PythonDecoratedOperator): load>, transform already registered for DAG: tutorial_taskflow_api_virtualenv
[2022-10-09T23:06:59.560+0000] {taskmixin.py:205} WARNING - Dependency <Task(_PythonDecoratedOperator): transform>, load already registered for DAG: tutorial_taskflow_api_virtualenv
[2022-10-09T23:06:59.561+0000] {taskmixin.py:205} WARNING - Dependency <Task(_PythonDecoratedOperator): load>, transform already registered for DAG: tutorial_taskflow_api_virtualenv
[2022-10-09T23:06:59.561+0000] {taskmixin.py:205} WARNING - Dependency <Task(_PythonDecoratedOperator): transform>, load already registered for DAG: tutorial_taskflow_api_virtualenv
[2022-10-09T23:06:59.561+0000] {taskmixin.py:205} WARNING - Dependency <Task(_PythonDecoratedOperator): load>, transform already registered for DAG: tutorial_taskflow_api_virtualenv
[2022-10-09T23:06:59.562+0000] {taskmixin.py:205} WARNING - Dependency <Task(_PythonDecoratedOperator): transform>, load already registered for DAG: tutorial_taskflow_api_virtualenv
[2022-10-09T23:06:59.562+0000] {taskmixin.py:205} WARNING - Dependency <Task(_PythonDecoratedOperator): load>, transform already registered for DAG: tutorial_taskflow_api_virtualenv
[2022-10-09T23:06:59.740+0000] {taskmixin.py:205} WARNING - Dependency <Task(_PythonDecoratedOperator): extract>, transform already registered for DAG: tutorial_taskflow_api
[2022-10-09T23:06:59.740+0000] {taskmixin.py:205} WARNING - Dependency <Task(_PythonDecoratedOperator): transform>, extract already registered for DAG: tutorial_taskflow_api
[2022-10-09T23:06:59.741+0000] {taskmixin.py:205} WARNING - Dependency <Task(_PythonDecoratedOperator): extract>, transform already registered for DAG: tutorial_taskflow_api
[2022-10-09T23:06:59.741+0000] {taskmixin.py:205} WARNING - Dependency <Task(_PythonDecoratedOperator): transform>, extract already registered for DAG: tutorial_taskflow_api
[2022-10-09T23:06:59.741+0000] {taskmixin.py:205} WARNING - Dependency <Task(_PythonDecoratedOperator): extract>, transform already registered for DAG: tutorial_taskflow_api
[2022-10-09T23:06:59.742+0000] {taskmixin.py:205} WARNING - Dependency <Task(_PythonDecoratedOperator): transform>, extract already registered for DAG: tutorial_taskflow_api
[2022-10-09T23:06:59.742+0000] {taskmixin.py:205} WARNING - Dependency <Task(_PythonDecoratedOperator): extract>, transform already registered for DAG: tutorial_taskflow_api
[2022-10-09T23:06:59.742+0000] {taskmixin.py:205} WARNING - Dependency <Task(_PythonDecoratedOperator): transform>, extract already registered for DAG: tutorial_taskflow_api
[2022-10-09T23:06:59.743+0000] {taskmixin.py:205} WARNING - Dependency <Task(_PythonDecoratedOperator): extract>, transform already registered for DAG: tutorial_taskflow_api
[2022-10-09T23:06:59.743+0000] {taskmixin.py:205} WARNING - Dependency <Task(_PythonDecoratedOperator): transform>, extract already registered for DAG: tutorial_taskflow_api
[2022-10-09T23:06:59.764+0000] {taskmixin.py:205} WARNING - Dependency <Task(_PythonDecoratedOperator): extract>, transform already registered for DAG: tutorial_taskflow_api
[2022-10-09T23:06:59.765+0000] {taskmixin.py:205} WARNING - Dependency <Task(_PythonDecoratedOperator): transform>, extract already registered for DAG: tutorial_taskflow_api
[2022-10-09T23:06:59.766+0000] {taskmixin.py:205} WARNING - Dependency <Task(_PythonDecoratedOperator): transform>, load already registered for DAG: tutorial_taskflow_api
[2022-10-09T23:06:59.766+0000] {taskmixin.py:205} WARNING - Dependency <Task(_PythonDecoratedOperator): load>, transform already registered for DAG: tutorial_taskflow_api
[2022-10-09T23:06:59.767+0000] {taskmixin.py:205} WARNING - Dependency <Task(_PythonDecoratedOperator): transform>, load already registered for DAG: tutorial_taskflow_api
[2022-10-09T23:06:59.767+0000] {taskmixin.py:205} WARNING - Dependency <Task(_PythonDecoratedOperator): load>, transform already registered for DAG: tutorial_taskflow_api
[2022-10-09T23:06:59.767+0000] {taskmixin.py:205} WARNING - Dependency <Task(_PythonDecoratedOperator): transform>, load already registered for DAG: tutorial_taskflow_api
[2022-10-09T23:06:59.767+0000] {taskmixin.py:205} WARNING - Dependency <Task(_PythonDecoratedOperator): load>, transform already registered for DAG: tutorial_taskflow_api
[2022-10-09T23:06:59.768+0000] {taskmixin.py:205} WARNING - Dependency <Task(_PythonDecoratedOperator): transform>, load already registered for DAG: tutorial_taskflow_api
[2022-10-09T23:06:59.768+0000] {taskmixin.py:205} WARNING - Dependency <Task(_PythonDecoratedOperator): load>, transform already registered for DAG: tutorial_taskflow_api
[2022-10-09T23:06:59.768+0000] {taskmixin.py:205} WARNING - Dependency <Task(_PythonDecoratedOperator): transform>, load already registered for DAG: tutorial_taskflow_api
[2022-10-09T23:06:59.768+0000] {taskmixin.py:205} WARNING - Dependency <Task(_PythonDecoratedOperator): load>, transform already registered for DAG: tutorial_taskflow_api
[2022-10-09T23:06:59.769+0000] {taskmixin.py:205} WARNING - Dependency <Task(_PythonDecoratedOperator): transform>, load already registered for DAG: tutorial_taskflow_api
[2022-10-09T23:06:59.769+0000] {taskmixin.py:205} WARNING - Dependency <Task(_PythonDecoratedOperator): load>, transform already registered for DAG: tutorial_taskflow_api
[2022-10-09T23:06:59.979+0000] {task_command.py:384} INFO - Running <TaskInstance: desafio-indicium.le_dados scheduled__2022-08-08T00:00:00+00:00 [running]> on host 8d3d40327903
[2022-10-09T23:07:00.343+0000] {taskinstance.py:1592} INFO - Exporting the following env vars:
AIRFLOW_CTX_DAG_OWNER=***
AIRFLOW_CTX_DAG_ID=desafio-indicium
AIRFLOW_CTX_TASK_ID=le_dados
AIRFLOW_CTX_EXECUTION_DATE=2022-08-08T00:00:00+00:00
AIRFLOW_CTX_TRY_NUMBER=1
AIRFLOW_CTX_DAG_RUN_ID=scheduled__2022-08-08T00:00:00+00:00
[2022-10-09T23:07:00.344+0000] {logging_mixin.py:117} INFO - teste
[2022-10-09T23:07:00.345+0000] {python.py:177} INFO - Done. Returned value was: None
[2022-10-09T23:07:00.395+0000] {taskinstance.py:1406} INFO - Marking task as SUCCESS. dag_id=desafio-indicium, task_id=le_dados, execution_date=20220808T000000, start_date=20221009T230658, end_date=20221009T230700
[2022-10-09T23:07:00.518+0000] {local_task_job.py:164} INFO - Task exited with return code 0
[2022-10-09T23:07:00.668+0000] {local_task_job.py:273} INFO - 0 downstream tasks scheduled from follow-on schedule check
