[2022-10-13T22:07:54.753+0000] {taskinstance.py:1165} INFO - Dependencies all met for <TaskInstance: DesafioAirflow.task2 manual__2022-10-13T22:07:50.211216+00:00 [queued]>
[2022-10-13T22:07:54.782+0000] {taskinstance.py:1165} INFO - Dependencies all met for <TaskInstance: DesafioAirflow.task2 manual__2022-10-13T22:07:50.211216+00:00 [queued]>
[2022-10-13T22:07:54.783+0000] {taskinstance.py:1362} INFO - 
--------------------------------------------------------------------------------
[2022-10-13T22:07:54.783+0000] {taskinstance.py:1363} INFO - Starting attempt 1 of 2
[2022-10-13T22:07:54.783+0000] {taskinstance.py:1364} INFO - 
--------------------------------------------------------------------------------
[2022-10-13T22:07:54.816+0000] {taskinstance.py:1383} INFO - Executing <Task(PythonOperator): task2> on 2022-10-13 22:07:50.211216+00:00
[2022-10-13T22:07:54.829+0000] {standard_task_runner.py:54} INFO - Started process 217 to run task
[2022-10-13T22:07:54.835+0000] {standard_task_runner.py:82} INFO - Running: ['***', 'tasks', 'run', 'DesafioAirflow', 'task2', 'manual__2022-10-13T22:07:50.211216+00:00', '--job-id', '42', '--raw', '--subdir', 'DAGS_FOLDER/desafioAirflow/desafio-indicium.py', '--cfg-path', '/tmp/tmp0znfzrrb']
[2022-10-13T22:07:54.836+0000] {standard_task_runner.py:83} INFO - Job 42: Subtask task2
[2022-10-13T22:07:54.838+0000] {dagbag.py:525} INFO - Filling up the DagBag from /opt/***/dags/desafioAirflow/desafio-indicium.py
[2022-10-13T22:07:55.489+0000] {task_command.py:384} INFO - Running <TaskInstance: DesafioAirflow.task2 manual__2022-10-13T22:07:50.211216+00:00 [running]> on host 8943fa1d9abf
[2022-10-13T22:07:55.644+0000] {taskinstance.py:1592} INFO - Exporting the following env vars:
AIRFLOW_CTX_DAG_OWNER=***
AIRFLOW_CTX_DAG_ID=DesafioAirflow
AIRFLOW_CTX_TASK_ID=task2
AIRFLOW_CTX_EXECUTION_DATE=2022-10-13T22:07:50.211216+00:00
AIRFLOW_CTX_TRY_NUMBER=1
AIRFLOW_CTX_DAG_RUN_ID=manual__2022-10-13T22:07:50.211216+00:00
[2022-10-13T22:07:55.687+0000] {python.py:177} INFO - Done. Returned value was: None
[2022-10-13T22:07:55.713+0000] {taskinstance.py:1406} INFO - Marking task as SUCCESS. dag_id=DesafioAirflow, task_id=task2, execution_date=20221013T220750, start_date=20221013T220754, end_date=20221013T220755
[2022-10-13T22:07:55.769+0000] {local_task_job.py:164} INFO - Task exited with return code 0
[2022-10-13T22:07:55.823+0000] {local_task_job.py:273} INFO - 1 downstream tasks scheduled from follow-on schedule check
