[2022-10-13T22:54:19.185+0000] {taskinstance.py:1165} INFO - Dependencies all met for <TaskInstance: DesafioAirflow.task3 manual__2022-10-13T22:54:07.772883+00:00 [queued]>
[2022-10-13T22:54:19.214+0000] {taskinstance.py:1165} INFO - Dependencies all met for <TaskInstance: DesafioAirflow.task3 manual__2022-10-13T22:54:07.772883+00:00 [queued]>
[2022-10-13T22:54:19.215+0000] {taskinstance.py:1362} INFO - 
--------------------------------------------------------------------------------
[2022-10-13T22:54:19.215+0000] {taskinstance.py:1363} INFO - Starting attempt 1 of 2
[2022-10-13T22:54:19.216+0000] {taskinstance.py:1364} INFO - 
--------------------------------------------------------------------------------
[2022-10-13T22:54:19.255+0000] {taskinstance.py:1383} INFO - Executing <Task(PythonOperator): task3> on 2022-10-13 22:54:07.772883+00:00
[2022-10-13T22:54:19.268+0000] {standard_task_runner.py:54} INFO - Started process 594 to run task
[2022-10-13T22:54:19.275+0000] {standard_task_runner.py:82} INFO - Running: ['***', 'tasks', 'run', 'DesafioAirflow', 'task3', 'manual__2022-10-13T22:54:07.772883+00:00', '--job-id', '58', '--raw', '--subdir', 'DAGS_FOLDER/desafioAirflow/desafio-indicium.py', '--cfg-path', '/tmp/tmpa7vc71bb']
[2022-10-13T22:54:19.277+0000] {standard_task_runner.py:83} INFO - Job 58: Subtask task3
[2022-10-13T22:54:19.279+0000] {dagbag.py:525} INFO - Filling up the DagBag from /opt/***/dags/desafioAirflow/desafio-indicium.py
[2022-10-13T22:54:20.085+0000] {task_command.py:384} INFO - Running <TaskInstance: DesafioAirflow.task3 manual__2022-10-13T22:54:07.772883+00:00 [running]> on host 9e00dae680e0
[2022-10-13T22:54:20.279+0000] {taskinstance.py:1592} INFO - Exporting the following env vars:
AIRFLOW_CTX_DAG_OWNER=***
AIRFLOW_CTX_DAG_ID=DesafioAirflow
AIRFLOW_CTX_TASK_ID=task3
AIRFLOW_CTX_EXECUTION_DATE=2022-10-13T22:54:07.772883+00:00
AIRFLOW_CTX_TRY_NUMBER=1
AIRFLOW_CTX_DAG_RUN_ID=manual__2022-10-13T22:54:07.772883+00:00
[2022-10-13T22:54:20.303+0000] {python.py:177} INFO - Done. Returned value was: None
[2022-10-13T22:54:20.332+0000] {taskinstance.py:1406} INFO - Marking task as SUCCESS. dag_id=DesafioAirflow, task_id=task3, execution_date=20221013T225407, start_date=20221013T225419, end_date=20221013T225420
[2022-10-13T22:54:20.408+0000] {local_task_job.py:164} INFO - Task exited with return code 0
[2022-10-13T22:54:20.460+0000] {local_task_job.py:273} INFO - 0 downstream tasks scheduled from follow-on schedule check
