[2022-10-13T22:07:52.380+0000] {taskinstance.py:1165} INFO - Dependencies all met for <TaskInstance: DesafioAirflow.task1 manual__2022-10-13T22:07:50.211216+00:00 [queued]>
[2022-10-13T22:07:52.417+0000] {taskinstance.py:1165} INFO - Dependencies all met for <TaskInstance: DesafioAirflow.task1 manual__2022-10-13T22:07:50.211216+00:00 [queued]>
[2022-10-13T22:07:52.418+0000] {taskinstance.py:1362} INFO - 
--------------------------------------------------------------------------------
[2022-10-13T22:07:52.419+0000] {taskinstance.py:1363} INFO - Starting attempt 1 of 2
[2022-10-13T22:07:52.419+0000] {taskinstance.py:1364} INFO - 
--------------------------------------------------------------------------------
[2022-10-13T22:07:52.460+0000] {taskinstance.py:1383} INFO - Executing <Task(PythonOperator): task1> on 2022-10-13 22:07:50.211216+00:00
[2022-10-13T22:07:52.473+0000] {standard_task_runner.py:54} INFO - Started process 214 to run task
[2022-10-13T22:07:52.479+0000] {standard_task_runner.py:82} INFO - Running: ['***', 'tasks', 'run', 'DesafioAirflow', 'task1', 'manual__2022-10-13T22:07:50.211216+00:00', '--job-id', '41', '--raw', '--subdir', 'DAGS_FOLDER/desafioAirflow/desafio-indicium.py', '--cfg-path', '/tmp/tmp7rkriu3x']
[2022-10-13T22:07:52.481+0000] {standard_task_runner.py:83} INFO - Job 41: Subtask task1
[2022-10-13T22:07:52.483+0000] {dagbag.py:525} INFO - Filling up the DagBag from /opt/***/dags/desafioAirflow/desafio-indicium.py
[2022-10-13T22:07:53.207+0000] {task_command.py:384} INFO - Running <TaskInstance: DesafioAirflow.task1 manual__2022-10-13T22:07:50.211216+00:00 [running]> on host 8943fa1d9abf
[2022-10-13T22:07:53.367+0000] {taskinstance.py:1592} INFO - Exporting the following env vars:
AIRFLOW_CTX_DAG_OWNER=***
AIRFLOW_CTX_DAG_ID=DesafioAirflow
AIRFLOW_CTX_TASK_ID=task1
AIRFLOW_CTX_EXECUTION_DATE=2022-10-13T22:07:50.211216+00:00
AIRFLOW_CTX_TRY_NUMBER=1
AIRFLOW_CTX_DAG_RUN_ID=manual__2022-10-13T22:07:50.211216+00:00
[2022-10-13T22:07:53.405+0000] {python.py:177} INFO - Done. Returned value was: None
[2022-10-13T22:07:53.430+0000] {taskinstance.py:1406} INFO - Marking task as SUCCESS. dag_id=DesafioAirflow, task_id=task1, execution_date=20221013T220750, start_date=20221013T220752, end_date=20221013T220753
[2022-10-13T22:07:53.499+0000] {local_task_job.py:164} INFO - Task exited with return code 0
[2022-10-13T22:07:53.568+0000] {local_task_job.py:273} INFO - 1 downstream tasks scheduled from follow-on schedule check
