[2022-10-13T22:54:10.550+0000] {taskinstance.py:1165} INFO - Dependencies all met for <TaskInstance: DesafioAirflow.task1 manual__2022-10-13T22:54:07.772883+00:00 [queued]>
[2022-10-13T22:54:10.588+0000] {taskinstance.py:1165} INFO - Dependencies all met for <TaskInstance: DesafioAirflow.task1 manual__2022-10-13T22:54:07.772883+00:00 [queued]>
[2022-10-13T22:54:10.589+0000] {taskinstance.py:1362} INFO - 
--------------------------------------------------------------------------------
[2022-10-13T22:54:10.589+0000] {taskinstance.py:1363} INFO - Starting attempt 1 of 2
[2022-10-13T22:54:10.590+0000] {taskinstance.py:1364} INFO - 
--------------------------------------------------------------------------------
[2022-10-13T22:54:10.644+0000] {taskinstance.py:1383} INFO - Executing <Task(PythonOperator): task1> on 2022-10-13 22:54:07.772883+00:00
[2022-10-13T22:54:10.659+0000] {standard_task_runner.py:54} INFO - Started process 579 to run task
[2022-10-13T22:54:10.668+0000] {standard_task_runner.py:82} INFO - Running: ['***', 'tasks', 'run', 'DesafioAirflow', 'task1', 'manual__2022-10-13T22:54:07.772883+00:00', '--job-id', '56', '--raw', '--subdir', 'DAGS_FOLDER/desafioAirflow/desafio-indicium.py', '--cfg-path', '/tmp/tmpfarhr41i']
[2022-10-13T22:54:10.669+0000] {standard_task_runner.py:83} INFO - Job 56: Subtask task1
[2022-10-13T22:54:10.672+0000] {dagbag.py:525} INFO - Filling up the DagBag from /opt/***/dags/desafioAirflow/desafio-indicium.py
[2022-10-13T22:54:12.952+0000] {task_command.py:384} INFO - Running <TaskInstance: DesafioAirflow.task1 manual__2022-10-13T22:54:07.772883+00:00 [running]> on host 9e00dae680e0
[2022-10-13T22:54:13.163+0000] {taskinstance.py:1592} INFO - Exporting the following env vars:
AIRFLOW_CTX_DAG_OWNER=***
AIRFLOW_CTX_DAG_ID=DesafioAirflow
AIRFLOW_CTX_TASK_ID=task1
AIRFLOW_CTX_EXECUTION_DATE=2022-10-13T22:54:07.772883+00:00
AIRFLOW_CTX_TRY_NUMBER=1
AIRFLOW_CTX_DAG_RUN_ID=manual__2022-10-13T22:54:07.772883+00:00
[2022-10-13T22:54:13.215+0000] {python.py:177} INFO - Done. Returned value was: None
[2022-10-13T22:54:13.241+0000] {taskinstance.py:1406} INFO - Marking task as SUCCESS. dag_id=DesafioAirflow, task_id=task1, execution_date=20221013T225407, start_date=20221013T225410, end_date=20221013T225413
[2022-10-13T22:54:13.336+0000] {local_task_job.py:164} INFO - Task exited with return code 0
[2022-10-13T22:54:13.420+0000] {local_task_job.py:273} INFO - 1 downstream tasks scheduled from follow-on schedule check
